2022-10-10 17:52:06.488  INFO 10296 --- [restartedMain] c.m.i.InventoryServiceApplication        : Starting InventoryServiceApplication using Java 17.0.4.1 on DESKTOP-TG0PSDR with PID 10296 (D:\Final HMS\Final HMS\Inventory-service\Inventory-service\Inventory-service\target\classes started by akodg in D:\Final HMS\Final HMS\Inventory-service)
2022-10-10 17:52:06.516  INFO 10296 --- [restartedMain] c.m.i.InventoryServiceApplication        : No active profile set, falling back to default profiles: default
2022-10-10 17:52:06.746  INFO 10296 --- [restartedMain] .e.DevToolsPropertyDefaultsPostProcessor : Devtools property defaults active! Set 'spring.devtools.add-properties' to 'false' to disable
2022-10-10 17:52:06.747  INFO 10296 --- [restartedMain] .e.DevToolsPropertyDefaultsPostProcessor : For additional web related logging consider setting the 'logging.level.web' property to 'DEBUG'
2022-10-10 17:52:09.770  INFO 10296 --- [restartedMain] .s.d.r.c.RepositoryConfigurationDelegate : Bootstrapping Spring Data MongoDB repositories in DEFAULT mode.
2022-10-10 17:52:10.136  INFO 10296 --- [restartedMain] .s.d.r.c.RepositoryConfigurationDelegate : Finished Spring Data repository scanning in 357 ms. Found 1 MongoDB repository interfaces.
2022-10-10 17:52:10.869  INFO 10296 --- [restartedMain] o.s.cloud.context.scope.GenericScope     : BeanFactory id=1a7867f2-0199-3e7c-a0b1-acc5f9debb1f
2022-10-10 17:52:12.364  INFO 10296 --- [restartedMain] o.s.b.w.embedded.tomcat.TomcatWebServer  : Tomcat initialized with port(s): 8081 (http)
2022-10-10 17:52:12.387  INFO 10296 --- [restartedMain] o.apache.catalina.core.StandardService   : Starting service [Tomcat]
2022-10-10 17:52:12.389  INFO 10296 --- [restartedMain] org.apache.catalina.core.StandardEngine  : Starting Servlet engine: [Apache Tomcat/9.0.44]
2022-10-10 17:52:12.856  INFO 10296 --- [restartedMain] o.a.c.c.C.[Tomcat].[localhost].[/]       : Initializing Spring embedded WebApplicationContext
2022-10-10 17:52:12.857  INFO 10296 --- [restartedMain] w.s.c.ServletWebServerApplicationContext : Root WebApplicationContext: initialization completed in 6109 ms
2022-10-10 17:52:13.686  INFO 10296 --- [restartedMain] org.mongodb.driver.cluster               : Cluster created with settings {hosts=[127.0.0.1:27017], srvHost=guest.wke2xju.mongodb.net, mode=MULTIPLE, requiredClusterType=REPLICA_SET, serverSelectionTimeout='30000 ms', requiredReplicaSetName='atlas-1427s3-shard-0'}
2022-10-10 17:52:13.781  INFO 10296 --- [cluster-ClusterId{value='63440e7532ea322a8b2bf9d4', description='null'}-srv-guest.wke2xju.mongodb.net] org.mongodb.driver.cluster               : Adding discovered server ac-va7fcg1-shard-00-00.wke2xju.mongodb.net:27017 to client view of cluster
2022-10-10 17:52:13.817  INFO 10296 --- [cluster-ClusterId{value='63440e7532ea322a8b2bf9d4', description='null'}-srv-guest.wke2xju.mongodb.net] org.mongodb.driver.cluster               : Adding discovered server ac-va7fcg1-shard-00-01.wke2xju.mongodb.net:27017 to client view of cluster
2022-10-10 17:52:13.819  INFO 10296 --- [cluster-ClusterId{value='63440e7532ea322a8b2bf9d4', description='null'}-srv-guest.wke2xju.mongodb.net] org.mongodb.driver.cluster               : Adding discovered server ac-va7fcg1-shard-00-02.wke2xju.mongodb.net:27017 to client view of cluster
2022-10-10 17:52:13.871  WARN 10296 --- [restartedMain] o.s.data.convert.CustomConversions       : Registering converter from class java.time.LocalDateTime to class org.joda.time.LocalDateTime as reading converter although it doesn't convert from a store-supported type! You might want to check your annotation setup at the converter implementation.
2022-10-10 17:52:14.138  WARN 10296 --- [restartedMain] o.s.b.d.a.OptionalLiveReloadServer       : Unable to start LiveReload server
2022-10-10 17:52:14.311  WARN 10296 --- [restartedMain] o.s.data.convert.CustomConversions       : Registering converter from class java.time.LocalDateTime to class org.joda.time.LocalDateTime as reading converter although it doesn't convert from a store-supported type! You might want to check your annotation setup at the converter implementation.
2022-10-10 17:52:15.125  INFO 10296 --- [cluster-ClusterId{value='63440e7532ea322a8b2bf9d4', description='null'}-ac-va7fcg1-shard-00-02.wke2xju.mongodb.net:27017] org.mongodb.driver.connection            : Opened connection [connectionId{localValue:5, serverValue:190932}] to ac-va7fcg1-shard-00-02.wke2xju.mongodb.net:27017
2022-10-10 17:52:15.125  INFO 10296 --- [cluster-rtt-ClusterId{value='63440e7532ea322a8b2bf9d4', description='null'}-ac-va7fcg1-shard-00-01.wke2xju.mongodb.net:27017] org.mongodb.driver.connection            : Opened connection [connectionId{localValue:4, serverValue:173825}] to ac-va7fcg1-shard-00-01.wke2xju.mongodb.net:27017
2022-10-10 17:52:15.125  INFO 10296 --- [cluster-rtt-ClusterId{value='63440e7532ea322a8b2bf9d4', description='null'}-ac-va7fcg1-shard-00-00.wke2xju.mongodb.net:27017] org.mongodb.driver.connection            : Opened connection [connectionId{localValue:3, serverValue:174198}] to ac-va7fcg1-shard-00-00.wke2xju.mongodb.net:27017
2022-10-10 17:52:15.125  INFO 10296 --- [cluster-rtt-ClusterId{value='63440e7532ea322a8b2bf9d4', description='null'}-ac-va7fcg1-shard-00-02.wke2xju.mongodb.net:27017] org.mongodb.driver.connection            : Opened connection [connectionId{localValue:6, serverValue:190932}] to ac-va7fcg1-shard-00-02.wke2xju.mongodb.net:27017
2022-10-10 17:52:15.125  INFO 10296 --- [cluster-ClusterId{value='63440e7532ea322a8b2bf9d4', description='null'}-ac-va7fcg1-shard-00-02.wke2xju.mongodb.net:27017] org.mongodb.driver.cluster               : Monitor thread successfully connected to server with description ServerDescription{address=ac-va7fcg1-shard-00-02.wke2xju.mongodb.net:27017, type=REPLICA_SET_PRIMARY, state=CONNECTED, ok=true, minWireVersion=0, maxWireVersion=13, maxDocumentSize=16777216, logicalSessionTimeoutMinutes=30, roundTripTimeNanos=514534100, setName='atlas-1427s3-shard-0', canonicalAddress=ac-va7fcg1-shard-00-02.wke2xju.mongodb.net:27017, hosts=[ac-va7fcg1-shard-00-01.wke2xju.mongodb.net:27017, ac-va7fcg1-shard-00-02.wke2xju.mongodb.net:27017, ac-va7fcg1-shard-00-00.wke2xju.mongodb.net:27017], passives=[], arbiters=[], primary='ac-va7fcg1-shard-00-02.wke2xju.mongodb.net:27017', tagSet=TagSet{[Tag{name='nodeType', value='ELECTABLE'}, Tag{name='provider', value='AWS'}, Tag{name='region', value='AP_SOUTH_1'}, Tag{name='workloadType', value='OPERATIONAL'}]}, electionId=7fffffff00000000000000cf, setVersion=5, topologyVersion=TopologyVersion{processId=633c918e4e3a9b63c42df45e, counter=6}, lastWriteDate=Mon Oct 10 17:52:04 IST 2022, lastUpdateTimeNanos=1672179114056600}
2022-10-10 17:52:15.125  INFO 10296 --- [cluster-ClusterId{value='63440e7532ea322a8b2bf9d4', description='null'}-ac-va7fcg1-shard-00-00.wke2xju.mongodb.net:27017] org.mongodb.driver.connection            : Opened connection [connectionId{localValue:1, serverValue:174198}] to ac-va7fcg1-shard-00-00.wke2xju.mongodb.net:27017
2022-10-10 17:52:15.126  INFO 10296 --- [cluster-ClusterId{value='63440e7532ea322a8b2bf9d4', description='null'}-ac-va7fcg1-shard-00-00.wke2xju.mongodb.net:27017] org.mongodb.driver.cluster               : Monitor thread successfully connected to server with description ServerDescription{address=ac-va7fcg1-shard-00-00.wke2xju.mongodb.net:27017, type=REPLICA_SET_SECONDARY, state=CONNECTED, ok=true, minWireVersion=0, maxWireVersion=13, maxDocumentSize=16777216, logicalSessionTimeoutMinutes=30, roundTripTimeNanos=514299900, setName='atlas-1427s3-shard-0', canonicalAddress=ac-va7fcg1-shard-00-00.wke2xju.mongodb.net:27017, hosts=[ac-va7fcg1-shard-00-01.wke2xju.mongodb.net:27017, ac-va7fcg1-shard-00-02.wke2xju.mongodb.net:27017, ac-va7fcg1-shard-00-00.wke2xju.mongodb.net:27017], passives=[], arbiters=[], primary='ac-va7fcg1-shard-00-02.wke2xju.mongodb.net:27017', tagSet=TagSet{[Tag{name='nodeType', value='ELECTABLE'}, Tag{name='provider', value='AWS'}, Tag{name='region', value='AP_SOUTH_1'}, Tag{name='workloadType', value='OPERATIONAL'}]}, electionId=null, setVersion=5, topologyVersion=TopologyVersion{processId=633c913942d6cb641fcf7582, counter=4}, lastWriteDate=Mon Oct 10 17:52:04 IST 2022, lastUpdateTimeNanos=1672179113953600}
2022-10-10 17:52:15.127  INFO 10296 --- [cluster-ClusterId{value='63440e7532ea322a8b2bf9d4', description='null'}-ac-va7fcg1-shard-00-02.wke2xju.mongodb.net:27017] org.mongodb.driver.cluster               : Setting max election id to 7fffffff00000000000000cf from replica set primary ac-va7fcg1-shard-00-02.wke2xju.mongodb.net:27017
2022-10-10 17:52:15.129  INFO 10296 --- [cluster-ClusterId{value='63440e7532ea322a8b2bf9d4', description='null'}-ac-va7fcg1-shard-00-02.wke2xju.mongodb.net:27017] org.mongodb.driver.cluster               : Setting max set version to 5 from replica set primary ac-va7fcg1-shard-00-02.wke2xju.mongodb.net:27017
2022-10-10 17:52:15.129  INFO 10296 --- [cluster-ClusterId{value='63440e7532ea322a8b2bf9d4', description='null'}-ac-va7fcg1-shard-00-02.wke2xju.mongodb.net:27017] org.mongodb.driver.cluster               : Discovered replica set primary ac-va7fcg1-shard-00-02.wke2xju.mongodb.net:27017
2022-10-10 17:52:15.160  INFO 10296 --- [cluster-ClusterId{value='63440e7532ea322a8b2bf9d4', description='null'}-ac-va7fcg1-shard-00-01.wke2xju.mongodb.net:27017] org.mongodb.driver.connection            : Opened connection [connectionId{localValue:2, serverValue:173825}] to ac-va7fcg1-shard-00-01.wke2xju.mongodb.net:27017
2022-10-10 17:52:15.160  INFO 10296 --- [cluster-ClusterId{value='63440e7532ea322a8b2bf9d4', description='null'}-ac-va7fcg1-shard-00-01.wke2xju.mongodb.net:27017] org.mongodb.driver.cluster               : Monitor thread successfully connected to server with description ServerDescription{address=ac-va7fcg1-shard-00-01.wke2xju.mongodb.net:27017, type=REPLICA_SET_SECONDARY, state=CONNECTED, ok=true, minWireVersion=0, maxWireVersion=13, maxDocumentSize=16777216, logicalSessionTimeoutMinutes=30, roundTripTimeNanos=551646900, setName='atlas-1427s3-shard-0', canonicalAddress=ac-va7fcg1-shard-00-01.wke2xju.mongodb.net:27017, hosts=[ac-va7fcg1-shard-00-01.wke2xju.mongodb.net:27017, ac-va7fcg1-shard-00-02.wke2xju.mongodb.net:27017, ac-va7fcg1-shard-00-00.wke2xju.mongodb.net:27017], passives=[], arbiters=[], primary='ac-va7fcg1-shard-00-02.wke2xju.mongodb.net:27017', tagSet=TagSet{[Tag{name='nodeType', value='ELECTABLE'}, Tag{name='provider', value='AWS'}, Tag{name='region', value='AP_SOUTH_1'}, Tag{name='workloadType', value='OPERATIONAL'}]}, electionId=null, setVersion=5, topologyVersion=TopologyVersion{processId=633c91e2d412e755e41f5025, counter=3}, lastWriteDate=Mon Oct 10 17:52:04 IST 2022, lastUpdateTimeNanos=1672179150345700}
2022-10-10 17:52:16.111  INFO 10296 --- [restartedMain] pertySourcedRequestMappingHandlerMapping : Mapped URL path [/v2/api-docs] onto method [springfox.documentation.swagger2.web.Swagger2Controller#getDocumentation(String, HttpServletRequest)]
2022-10-10 17:52:16.322  INFO 10296 --- [restartedMain] o.s.s.concurrent.ThreadPoolTaskExecutor  : Initializing ExecutorService 'applicationTaskExecutor'
2022-10-10 17:52:17.613  INFO 10296 --- [restartedMain] DiscoveryClientOptionalArgsConfiguration : Eureka HTTP Client uses RestTemplate.
2022-10-10 17:52:19.172  WARN 10296 --- [restartedMain] iguration$LoadBalancerCaffeineWarnLogger : Spring Cloud LoadBalancer is currently working with the default cache. You can switch to using Caffeine cache, by adding it to the classpath.
2022-10-10 17:52:19.299  INFO 10296 --- [restartedMain] o.s.c.n.eureka.InstanceInfoFactory       : Setting initial instance status as: STARTING
2022-10-10 17:52:20.039  INFO 10296 --- [restartedMain] com.netflix.discovery.DiscoveryClient    : Initializing Eureka in region us-east-1
2022-10-10 17:52:20.071  INFO 10296 --- [restartedMain] c.n.d.s.r.aws.ConfigClusterResolver      : Resolving eureka endpoints via configuration
2022-10-10 17:52:20.242  INFO 10296 --- [restartedMain] com.netflix.discovery.DiscoveryClient    : Disable delta property : false
2022-10-10 17:52:20.242  INFO 10296 --- [restartedMain] com.netflix.discovery.DiscoveryClient    : Single vip registry refresh property : null
2022-10-10 17:52:20.242  INFO 10296 --- [restartedMain] com.netflix.discovery.DiscoveryClient    : Force full registry fetch : false
2022-10-10 17:52:20.243  INFO 10296 --- [restartedMain] com.netflix.discovery.DiscoveryClient    : Application is null : false
2022-10-10 17:52:20.243  INFO 10296 --- [restartedMain] com.netflix.discovery.DiscoveryClient    : Registered Applications size is zero : true
2022-10-10 17:52:20.243  INFO 10296 --- [restartedMain] com.netflix.discovery.DiscoveryClient    : Application version is -1: true
2022-10-10 17:52:20.243  INFO 10296 --- [restartedMain] com.netflix.discovery.DiscoveryClient    : Getting all instance registry info from the eureka server
2022-10-10 17:52:21.322  INFO 10296 --- [restartedMain] com.netflix.discovery.DiscoveryClient    : The response status is 200
2022-10-10 17:52:21.327  INFO 10296 --- [restartedMain] com.netflix.discovery.DiscoveryClient    : Starting heartbeat executor: renew interval is: 30
2022-10-10 17:52:21.331  INFO 10296 --- [restartedMain] c.n.discovery.InstanceInfoReplicator     : InstanceInfoReplicator onDemand update allowed rate per min is 4
2022-10-10 17:52:21.340  INFO 10296 --- [restartedMain] com.netflix.discovery.DiscoveryClient    : Discovery Client initialized at timestamp 1665404541337 with initial instances count: 2
2022-10-10 17:52:21.342  INFO 10296 --- [restartedMain] o.s.c.n.e.s.EurekaServiceRegistry        : Registering application INVENTORY-MICROSERVICE with eureka with status UP
2022-10-10 17:52:21.343  INFO 10296 --- [restartedMain] com.netflix.discovery.DiscoveryClient    : Saw local status change event StatusChangeEvent [timestamp=1665404541343, current=UP, previous=STARTING]
2022-10-10 17:52:21.449  INFO 10296 --- [DiscoveryClient-InstanceInfoReplicator-0] com.netflix.discovery.DiscoveryClient    : DiscoveryClient_INVENTORY-MICROSERVICE/DESKTOP-TG0PSDR:Inventory-Microservice:8081: registering service...
2022-10-10 17:52:21.517  INFO 10296 --- [DiscoveryClient-InstanceInfoReplicator-0] com.netflix.discovery.DiscoveryClient    : DiscoveryClient_INVENTORY-MICROSERVICE/DESKTOP-TG0PSDR:Inventory-Microservice:8081 - registration status: 204
2022-10-10 17:52:21.614  INFO 10296 --- [restartedMain] o.s.b.w.embedded.tomcat.TomcatWebServer  : Tomcat started on port(s): 8081 (http) with context path ''
2022-10-10 17:52:21.615  INFO 10296 --- [restartedMain] .s.c.n.e.s.EurekaAutoServiceRegistration : Updating port to 8081
2022-10-10 17:52:22.235  INFO 10296 --- [restartedMain] d.s.w.p.DocumentationPluginsBootstrapper : Context refreshed
2022-10-10 17:52:22.285  INFO 10296 --- [restartedMain] d.s.w.p.DocumentationPluginsBootstrapper : Found 1 custom documentation plugin(s)
2022-10-10 17:52:22.347  INFO 10296 --- [restartedMain] s.d.s.w.s.ApiListingReferenceScanner     : Scanning for api listing references
2022-10-10 17:52:22.684  INFO 10296 --- [restartedMain] c.m.i.InventoryServiceApplication        : Started InventoryServiceApplication in 17.901 seconds (JVM running for 19.512)
2022-10-10 17:57:20.452  INFO 10296 --- [AsyncResolver-bootstrap-executor-0] c.n.d.s.r.aws.ConfigClusterResolver      : Resolving eureka endpoints via configuration
2022-10-10 18:02:20.471  INFO 10296 --- [AsyncResolver-bootstrap-executor-0] c.n.d.s.r.aws.ConfigClusterResolver      : Resolving eureka endpoints via configuration
2022-10-10 18:07:20.487  INFO 10296 --- [AsyncResolver-bootstrap-executor-0] c.n.d.s.r.aws.ConfigClusterResolver      : Resolving eureka endpoints via configuration
2022-10-10 18:12:20.520  INFO 10296 --- [AsyncResolver-bootstrap-executor-0] c.n.d.s.r.aws.ConfigClusterResolver      : Resolving eureka endpoints via configuration
2022-10-10 18:17:20.530  INFO 10296 --- [AsyncResolver-bootstrap-executor-0] c.n.d.s.r.aws.ConfigClusterResolver      : Resolving eureka endpoints via configuration
2022-10-10 18:22:20.536  INFO 10296 --- [AsyncResolver-bootstrap-executor-0] c.n.d.s.r.aws.ConfigClusterResolver      : Resolving eureka endpoints via configuration
2022-10-10 18:27:20.546  INFO 10296 --- [AsyncResolver-bootstrap-executor-0] c.n.d.s.r.aws.ConfigClusterResolver      : Resolving eureka endpoints via configuration
