2022-10-10 18:05:28.444  INFO 24912 --- [restartedMain] c.m.room.RoomServiceApplication          : Starting RoomServiceApplication using Java 17.0.4.1 on DESKTOP-TG0PSDR with PID 24912 (D:\Final HMS\Final HMS\Room-service\Room-service\target\classes started by akodg in D:\Final HMS\Final HMS\Room-service)
2022-10-10 18:05:28.692  INFO 24912 --- [restartedMain] c.m.room.RoomServiceApplication          : No active profile set, falling back to default profiles: default
2022-10-10 18:05:29.031  INFO 24912 --- [restartedMain] .e.DevToolsPropertyDefaultsPostProcessor : Devtools property defaults active! Set 'spring.devtools.add-properties' to 'false' to disable
2022-10-10 18:05:29.031  INFO 24912 --- [restartedMain] .e.DevToolsPropertyDefaultsPostProcessor : For additional web related logging consider setting the 'logging.level.web' property to 'DEBUG'
2022-10-10 18:05:32.028  INFO 24912 --- [restartedMain] .s.d.r.c.RepositoryConfigurationDelegate : Bootstrapping Spring Data MongoDB repositories in DEFAULT mode.
2022-10-10 18:05:32.444  INFO 24912 --- [restartedMain] .s.d.r.c.RepositoryConfigurationDelegate : Finished Spring Data repository scanning in 406 ms. Found 1 MongoDB repository interfaces.
2022-10-10 18:05:33.454  INFO 24912 --- [restartedMain] o.s.cloud.context.scope.GenericScope     : BeanFactory id=289184e3-52dc-3026-aaac-3abddb14156e
2022-10-10 18:05:35.006  INFO 24912 --- [restartedMain] o.s.b.w.embedded.tomcat.TomcatWebServer  : Tomcat initialized with port(s): 8082 (http)
2022-10-10 18:05:35.035  INFO 24912 --- [restartedMain] o.apache.catalina.core.StandardService   : Starting service [Tomcat]
2022-10-10 18:05:35.037  INFO 24912 --- [restartedMain] org.apache.catalina.core.StandardEngine  : Starting Servlet engine: [Apache Tomcat/9.0.44]
2022-10-10 18:05:35.564  INFO 24912 --- [restartedMain] o.a.c.c.C.[Tomcat].[localhost].[/]       : Initializing Spring embedded WebApplicationContext
2022-10-10 18:05:35.565  INFO 24912 --- [restartedMain] w.s.c.ServletWebServerApplicationContext : Root WebApplicationContext: initialization completed in 6532 ms
2022-10-10 18:05:36.787  INFO 24912 --- [restartedMain] org.mongodb.driver.cluster               : Cluster created with settings {hosts=[127.0.0.1:27017], srvHost=guest.wke2xju.mongodb.net, mode=MULTIPLE, requiredClusterType=REPLICA_SET, serverSelectionTimeout='30000 ms', requiredReplicaSetName='atlas-1427s3-shard-0'}
2022-10-10 18:05:36.951  WARN 24912 --- [restartedMain] o.s.data.convert.CustomConversions       : Registering converter from class java.time.LocalDateTime to class org.joda.time.LocalDateTime as reading converter although it doesn't convert from a store-supported type! You might want to check your annotation setup at the converter implementation.
2022-10-10 18:05:37.185  WARN 24912 --- [restartedMain] o.s.b.d.a.OptionalLiveReloadServer       : Unable to start LiveReload server
2022-10-10 18:05:37.305  WARN 24912 --- [restartedMain] o.s.data.convert.CustomConversions       : Registering converter from class java.time.LocalDateTime to class org.joda.time.LocalDateTime as reading converter although it doesn't convert from a store-supported type! You might want to check your annotation setup at the converter implementation.
2022-10-10 18:05:37.883  INFO 24912 --- [cluster-ClusterId{value='634411983afb0725282b1046', description='null'}-srv-guest.wke2xju.mongodb.net] org.mongodb.driver.cluster               : Adding discovered server ac-va7fcg1-shard-00-00.wke2xju.mongodb.net:27017 to client view of cluster
2022-10-10 18:05:37.975  INFO 24912 --- [cluster-ClusterId{value='634411983afb0725282b1046', description='null'}-srv-guest.wke2xju.mongodb.net] org.mongodb.driver.cluster               : Adding discovered server ac-va7fcg1-shard-00-01.wke2xju.mongodb.net:27017 to client view of cluster
2022-10-10 18:05:37.977  INFO 24912 --- [cluster-ClusterId{value='634411983afb0725282b1046', description='null'}-srv-guest.wke2xju.mongodb.net] org.mongodb.driver.cluster               : Adding discovered server ac-va7fcg1-shard-00-02.wke2xju.mongodb.net:27017 to client view of cluster
2022-10-10 18:05:39.276  INFO 24912 --- [cluster-rtt-ClusterId{value='634411983afb0725282b1046', description='null'}-ac-va7fcg1-shard-00-02.wke2xju.mongodb.net:27017] org.mongodb.driver.connection            : Opened connection [connectionId{localValue:3, serverValue:191564}] to ac-va7fcg1-shard-00-02.wke2xju.mongodb.net:27017
2022-10-10 18:05:39.277  INFO 24912 --- [cluster-rtt-ClusterId{value='634411983afb0725282b1046', description='null'}-ac-va7fcg1-shard-00-01.wke2xju.mongodb.net:27017] org.mongodb.driver.connection            : Opened connection [connectionId{localValue:6, serverValue:174284}] to ac-va7fcg1-shard-00-01.wke2xju.mongodb.net:27017
2022-10-10 18:05:39.277  INFO 24912 --- [cluster-ClusterId{value='634411983afb0725282b1046', description='null'}-ac-va7fcg1-shard-00-01.wke2xju.mongodb.net:27017] org.mongodb.driver.connection            : Opened connection [connectionId{localValue:4, serverValue:174284}] to ac-va7fcg1-shard-00-01.wke2xju.mongodb.net:27017
2022-10-10 18:05:39.278  INFO 24912 --- [cluster-ClusterId{value='634411983afb0725282b1046', description='null'}-ac-va7fcg1-shard-00-00.wke2xju.mongodb.net:27017] org.mongodb.driver.connection            : Opened connection [connectionId{localValue:1, serverValue:174662}] to ac-va7fcg1-shard-00-00.wke2xju.mongodb.net:27017
2022-10-10 18:05:39.278  INFO 24912 --- [cluster-ClusterId{value='634411983afb0725282b1046', description='null'}-ac-va7fcg1-shard-00-00.wke2xju.mongodb.net:27017] org.mongodb.driver.cluster               : Monitor thread successfully connected to server with description ServerDescription{address=ac-va7fcg1-shard-00-00.wke2xju.mongodb.net:27017, type=REPLICA_SET_SECONDARY, state=CONNECTED, ok=true, minWireVersion=0, maxWireVersion=13, maxDocumentSize=16777216, logicalSessionTimeoutMinutes=30, roundTripTimeNanos=452304300, setName='atlas-1427s3-shard-0', canonicalAddress=ac-va7fcg1-shard-00-00.wke2xju.mongodb.net:27017, hosts=[ac-va7fcg1-shard-00-01.wke2xju.mongodb.net:27017, ac-va7fcg1-shard-00-02.wke2xju.mongodb.net:27017, ac-va7fcg1-shard-00-00.wke2xju.mongodb.net:27017], passives=[], arbiters=[], primary='ac-va7fcg1-shard-00-02.wke2xju.mongodb.net:27017', tagSet=TagSet{[Tag{name='nodeType', value='ELECTABLE'}, Tag{name='provider', value='AWS'}, Tag{name='region', value='AP_SOUTH_1'}, Tag{name='workloadType', value='OPERATIONAL'}]}, electionId=null, setVersion=5, topologyVersion=TopologyVersion{processId=633c913942d6cb641fcf7582, counter=4}, lastWriteDate=Mon Oct 10 18:05:29 IST 2022, lastUpdateTimeNanos=1672983264163900}
2022-10-10 18:05:39.278  INFO 24912 --- [cluster-ClusterId{value='634411983afb0725282b1046', description='null'}-ac-va7fcg1-shard-00-01.wke2xju.mongodb.net:27017] org.mongodb.driver.cluster               : Monitor thread successfully connected to server with description ServerDescription{address=ac-va7fcg1-shard-00-01.wke2xju.mongodb.net:27017, type=REPLICA_SET_SECONDARY, state=CONNECTED, ok=true, minWireVersion=0, maxWireVersion=13, maxDocumentSize=16777216, logicalSessionTimeoutMinutes=30, roundTripTimeNanos=452932200, setName='atlas-1427s3-shard-0', canonicalAddress=ac-va7fcg1-shard-00-01.wke2xju.mongodb.net:27017, hosts=[ac-va7fcg1-shard-00-01.wke2xju.mongodb.net:27017, ac-va7fcg1-shard-00-02.wke2xju.mongodb.net:27017, ac-va7fcg1-shard-00-00.wke2xju.mongodb.net:27017], passives=[], arbiters=[], primary='ac-va7fcg1-shard-00-02.wke2xju.mongodb.net:27017', tagSet=TagSet{[Tag{name='nodeType', value='ELECTABLE'}, Tag{name='provider', value='AWS'}, Tag{name='region', value='AP_SOUTH_1'}, Tag{name='workloadType', value='OPERATIONAL'}]}, electionId=null, setVersion=5, topologyVersion=TopologyVersion{processId=633c91e2d412e755e41f5025, counter=3}, lastWriteDate=Mon Oct 10 18:05:29 IST 2022, lastUpdateTimeNanos=1672983263970600}
2022-10-10 18:05:39.279  INFO 24912 --- [cluster-ClusterId{value='634411983afb0725282b1046', description='null'}-ac-va7fcg1-shard-00-02.wke2xju.mongodb.net:27017] org.mongodb.driver.connection            : Opened connection [connectionId{localValue:2, serverValue:191564}] to ac-va7fcg1-shard-00-02.wke2xju.mongodb.net:27017
2022-10-10 18:05:39.280  INFO 24912 --- [cluster-ClusterId{value='634411983afb0725282b1046', description='null'}-ac-va7fcg1-shard-00-02.wke2xju.mongodb.net:27017] org.mongodb.driver.cluster               : Monitor thread successfully connected to server with description ServerDescription{address=ac-va7fcg1-shard-00-02.wke2xju.mongodb.net:27017, type=REPLICA_SET_PRIMARY, state=CONNECTED, ok=true, minWireVersion=0, maxWireVersion=13, maxDocumentSize=16777216, logicalSessionTimeoutMinutes=30, roundTripTimeNanos=460508300, setName='atlas-1427s3-shard-0', canonicalAddress=ac-va7fcg1-shard-00-02.wke2xju.mongodb.net:27017, hosts=[ac-va7fcg1-shard-00-01.wke2xju.mongodb.net:27017, ac-va7fcg1-shard-00-02.wke2xju.mongodb.net:27017, ac-va7fcg1-shard-00-00.wke2xju.mongodb.net:27017], passives=[], arbiters=[], primary='ac-va7fcg1-shard-00-02.wke2xju.mongodb.net:27017', tagSet=TagSet{[Tag{name='nodeType', value='ELECTABLE'}, Tag{name='provider', value='AWS'}, Tag{name='region', value='AP_SOUTH_1'}, Tag{name='workloadType', value='OPERATIONAL'}]}, electionId=7fffffff00000000000000cf, setVersion=5, topologyVersion=TopologyVersion{processId=633c918e4e3a9b63c42df45e, counter=6}, lastWriteDate=Mon Oct 10 18:05:29 IST 2022, lastUpdateTimeNanos=1672983264054300}
2022-10-10 18:05:39.280  INFO 24912 --- [cluster-rtt-ClusterId{value='634411983afb0725282b1046', description='null'}-ac-va7fcg1-shard-00-00.wke2xju.mongodb.net:27017] org.mongodb.driver.connection            : Opened connection [connectionId{localValue:5, serverValue:174662}] to ac-va7fcg1-shard-00-00.wke2xju.mongodb.net:27017
2022-10-10 18:05:39.280  INFO 24912 --- [cluster-ClusterId{value='634411983afb0725282b1046', description='null'}-ac-va7fcg1-shard-00-02.wke2xju.mongodb.net:27017] org.mongodb.driver.cluster               : Setting max election id to 7fffffff00000000000000cf from replica set primary ac-va7fcg1-shard-00-02.wke2xju.mongodb.net:27017
2022-10-10 18:05:39.281  INFO 24912 --- [cluster-ClusterId{value='634411983afb0725282b1046', description='null'}-ac-va7fcg1-shard-00-02.wke2xju.mongodb.net:27017] org.mongodb.driver.cluster               : Setting max set version to 5 from replica set primary ac-va7fcg1-shard-00-02.wke2xju.mongodb.net:27017
2022-10-10 18:05:39.281  INFO 24912 --- [cluster-ClusterId{value='634411983afb0725282b1046', description='null'}-ac-va7fcg1-shard-00-02.wke2xju.mongodb.net:27017] org.mongodb.driver.cluster               : Discovered replica set primary ac-va7fcg1-shard-00-02.wke2xju.mongodb.net:27017
2022-10-10 18:05:39.317  INFO 24912 --- [restartedMain] pertySourcedRequestMappingHandlerMapping : Mapped URL path [/v2/api-docs] onto method [springfox.documentation.swagger2.web.Swagger2Controller#getDocumentation(String, HttpServletRequest)]
2022-10-10 18:05:39.693  INFO 24912 --- [restartedMain] o.s.s.concurrent.ThreadPoolTaskExecutor  : Initializing ExecutorService 'applicationTaskExecutor'
2022-10-10 18:05:41.038  INFO 24912 --- [restartedMain] DiscoveryClientOptionalArgsConfiguration : Eureka HTTP Client uses RestTemplate.
2022-10-10 18:05:41.820  WARN 24912 --- [restartedMain] iguration$LoadBalancerCaffeineWarnLogger : Spring Cloud LoadBalancer is currently working with the default cache. You can switch to using Caffeine cache, by adding it to the classpath.
2022-10-10 18:05:41.975  INFO 24912 --- [restartedMain] o.s.c.n.eureka.InstanceInfoFactory       : Setting initial instance status as: STARTING
2022-10-10 18:05:42.303  INFO 24912 --- [restartedMain] com.netflix.discovery.DiscoveryClient    : Initializing Eureka in region us-east-1
2022-10-10 18:05:42.312  INFO 24912 --- [restartedMain] c.n.d.s.r.aws.ConfigClusterResolver      : Resolving eureka endpoints via configuration
2022-10-10 18:05:42.392  INFO 24912 --- [restartedMain] com.netflix.discovery.DiscoveryClient    : Disable delta property : false
2022-10-10 18:05:42.395  INFO 24912 --- [restartedMain] com.netflix.discovery.DiscoveryClient    : Single vip registry refresh property : null
2022-10-10 18:05:42.396  INFO 24912 --- [restartedMain] com.netflix.discovery.DiscoveryClient    : Force full registry fetch : false
2022-10-10 18:05:42.396  INFO 24912 --- [restartedMain] com.netflix.discovery.DiscoveryClient    : Application is null : false
2022-10-10 18:05:42.397  INFO 24912 --- [restartedMain] com.netflix.discovery.DiscoveryClient    : Registered Applications size is zero : true
2022-10-10 18:05:42.397  INFO 24912 --- [restartedMain] com.netflix.discovery.DiscoveryClient    : Application version is -1: true
2022-10-10 18:05:42.398  INFO 24912 --- [restartedMain] com.netflix.discovery.DiscoveryClient    : Getting all instance registry info from the eureka server
2022-10-10 18:05:42.992  INFO 24912 --- [restartedMain] com.netflix.discovery.DiscoveryClient    : The response status is 200
2022-10-10 18:05:42.997  INFO 24912 --- [restartedMain] com.netflix.discovery.DiscoveryClient    : Starting heartbeat executor: renew interval is: 30
2022-10-10 18:05:43.003  INFO 24912 --- [restartedMain] c.n.discovery.InstanceInfoReplicator     : InstanceInfoReplicator onDemand update allowed rate per min is 4
2022-10-10 18:05:43.033  INFO 24912 --- [restartedMain] com.netflix.discovery.DiscoveryClient    : Discovery Client initialized at timestamp 1665405343028 with initial instances count: 4
2022-10-10 18:05:43.037  INFO 24912 --- [restartedMain] o.s.c.n.e.s.EurekaServiceRegistry        : Registering application ROOM-MICROSERVICE with eureka with status UP
2022-10-10 18:05:43.038  INFO 24912 --- [restartedMain] com.netflix.discovery.DiscoveryClient    : Saw local status change event StatusChangeEvent [timestamp=1665405343038, current=UP, previous=STARTING]
2022-10-10 18:05:43.047  INFO 24912 --- [DiscoveryClient-InstanceInfoReplicator-0] com.netflix.discovery.DiscoveryClient    : DiscoveryClient_ROOM-MICROSERVICE/DESKTOP-TG0PSDR:Room-microservice:8082: registering service...
2022-10-10 18:05:43.129  INFO 24912 --- [DiscoveryClient-InstanceInfoReplicator-0] com.netflix.discovery.DiscoveryClient    : DiscoveryClient_ROOM-MICROSERVICE/DESKTOP-TG0PSDR:Room-microservice:8082 - registration status: 204
2022-10-10 18:05:43.172  INFO 24912 --- [restartedMain] o.s.b.w.embedded.tomcat.TomcatWebServer  : Tomcat started on port(s): 8082 (http) with context path ''
2022-10-10 18:05:43.176  INFO 24912 --- [restartedMain] .s.c.n.e.s.EurekaAutoServiceRegistration : Updating port to 8082
2022-10-10 18:05:43.889  INFO 24912 --- [restartedMain] d.s.w.p.DocumentationPluginsBootstrapper : Context refreshed
2022-10-10 18:05:43.931  INFO 24912 --- [restartedMain] d.s.w.p.DocumentationPluginsBootstrapper : Found 1 custom documentation plugin(s)
2022-10-10 18:05:44.028  INFO 24912 --- [restartedMain] s.d.s.w.s.ApiListingReferenceScanner     : Scanning for api listing references
2022-10-10 18:05:44.345  INFO 24912 --- [restartedMain] c.m.room.RoomServiceApplication          : Started RoomServiceApplication in 19.28 seconds (JVM running for 21.455)
2022-10-10 18:10:42.407  INFO 24912 --- [AsyncResolver-bootstrap-executor-0] c.n.d.s.r.aws.ConfigClusterResolver      : Resolving eureka endpoints via configuration
2022-10-10 18:15:42.417  INFO 24912 --- [AsyncResolver-bootstrap-executor-0] c.n.d.s.r.aws.ConfigClusterResolver      : Resolving eureka endpoints via configuration
2022-10-10 18:20:42.431  INFO 24912 --- [AsyncResolver-bootstrap-executor-0] c.n.d.s.r.aws.ConfigClusterResolver      : Resolving eureka endpoints via configuration
2022-10-10 18:25:42.439  INFO 24912 --- [AsyncResolver-bootstrap-executor-0] c.n.d.s.r.aws.ConfigClusterResolver      : Resolving eureka endpoints via configuration
2022-10-10 18:30:42.451  INFO 24912 --- [AsyncResolver-bootstrap-executor-0] c.n.d.s.r.aws.ConfigClusterResolver      : Resolving eureka endpoints via configuration
