2022-10-10 15:42:08.183  INFO 20832 --- [main] c.eureka.server.EurekaServerApplication  : Starting EurekaServerApplication using Java 17.0.4.1 on DESKTOP-TG0PSDR with PID 20832 (D:\Final HMS\Final HMS\EurekaServer\EurekaServer\EurekaServer\target\classes started by akodg in D:\Final HMS\Final HMS\EurekaServer)
2022-10-10 15:42:08.200  INFO 20832 --- [main] c.eureka.server.EurekaServerApplication  : No active profile set, falling back to default profiles: default
2022-10-10 15:42:10.077  INFO 20832 --- [main] o.s.cloud.context.scope.GenericScope     : BeanFactory id=5634fafe-cd5f-3065-b7d1-90e9aebe6548
2022-10-10 15:42:10.783  INFO 20832 --- [main] o.s.b.w.embedded.tomcat.TomcatWebServer  : Tomcat initialized with port(s): 8761 (http)
2022-10-10 15:42:10.797  INFO 20832 --- [main] o.apache.catalina.core.StandardService   : Starting service [Tomcat]
2022-10-10 15:42:10.798  INFO 20832 --- [main] org.apache.catalina.core.StandardEngine  : Starting Servlet engine: [Apache Tomcat/9.0.55]
2022-10-10 15:42:11.045  INFO 20832 --- [main] o.a.c.c.C.[Tomcat].[localhost].[/]       : Initializing Spring embedded WebApplicationContext
2022-10-10 15:42:11.046  INFO 20832 --- [main] w.s.c.ServletWebServerApplicationContext : Root WebApplicationContext: initialization completed in 2681 ms
2022-10-10 15:42:12.105  INFO 20832 --- [main] c.s.j.s.i.a.WebApplicationImpl           : Initiating Jersey application, version 'Jersey: 1.19.4 05/24/2017 03:20 PM'
2022-10-10 15:42:12.188  INFO 20832 --- [main] c.n.d.provider.DiscoveryJerseyProvider   : Using JSON encoding codec LegacyJacksonJson
2022-10-10 15:42:12.192  INFO 20832 --- [main] c.n.d.provider.DiscoveryJerseyProvider   : Using JSON decoding codec LegacyJacksonJson
2022-10-10 15:42:12.497  INFO 20832 --- [main] c.n.d.provider.DiscoveryJerseyProvider   : Using XML encoding codec XStreamXml
2022-10-10 15:42:12.498  INFO 20832 --- [main] c.n.d.provider.DiscoveryJerseyProvider   : Using XML decoding codec XStreamXml
2022-10-10 15:42:14.968  INFO 20832 --- [main] o.s.cloud.commons.util.InetUtils         : Cannot determine local hostname
2022-10-10 15:42:16.570  INFO 20832 --- [main] o.s.cloud.commons.util.InetUtils         : Cannot determine local hostname
2022-10-10 15:42:16.581  INFO 20832 --- [main] DiscoveryClientOptionalArgsConfiguration : Eureka HTTP Client uses Jersey
2022-10-10 15:42:16.693  WARN 20832 --- [main] iguration$LoadBalancerCaffeineWarnLogger : Spring Cloud LoadBalancer is currently working with the default cache. You can switch to using Caffeine cache, by adding it and org.springframework.cache.caffeine.CaffeineCacheManager to the classpath.
2022-10-10 15:42:16.720  INFO 20832 --- [main] o.s.c.n.eureka.InstanceInfoFactory       : Setting initial instance status as: STARTING
2022-10-10 15:42:16.760  INFO 20832 --- [main] com.netflix.discovery.DiscoveryClient    : Initializing Eureka in region us-east-1
2022-10-10 15:42:16.761  INFO 20832 --- [main] com.netflix.discovery.DiscoveryClient    : Client configured to neither register nor query for data.
2022-10-10 15:42:16.790  INFO 20832 --- [main] com.netflix.discovery.DiscoveryClient    : Discovery Client initialized at timestamp 1665396736772 with initial instances count: 0
2022-10-10 15:42:16.860  INFO 20832 --- [main] c.n.eureka.DefaultEurekaServerContext    : Initializing ...
2022-10-10 15:42:16.862  WARN 20832 --- [main] c.n.eureka.cluster.PeerEurekaNodes       : The replica size seems to be empty. Check the route 53 DNS Registry
2022-10-10 15:42:16.962  INFO 20832 --- [main] c.n.e.registry.AbstractInstanceRegistry  : Finished initializing remote region registries. All known remote regions: []
2022-10-10 15:42:16.964  INFO 20832 --- [main] c.n.eureka.DefaultEurekaServerContext    : Initialized
2022-10-10 15:42:16.974  INFO 20832 --- [main] o.s.b.a.e.web.EndpointLinksResolver      : Exposing 1 endpoint(s) beneath base path '/actuator'
2022-10-10 15:42:17.095  INFO 20832 --- [main] o.s.c.n.e.s.EurekaServiceRegistry        : Registering application UNKNOWN with eureka with status UP
2022-10-10 15:42:17.117  INFO 20832 --- [Thread-9] o.s.c.n.e.server.EurekaServerBootstrap   : Setting the eureka configuration..
2022-10-10 15:42:17.175  INFO 20832 --- [Thread-9] o.s.c.n.e.server.EurekaServerBootstrap   : isAws returned false
2022-10-10 15:42:17.179  INFO 20832 --- [Thread-9] o.s.c.n.e.server.EurekaServerBootstrap   : Initialized server context
2022-10-10 15:42:17.179  INFO 20832 --- [Thread-9] c.n.e.r.PeerAwareInstanceRegistryImpl    : Got 1 instances from neighboring DS node
2022-10-10 15:42:17.180  INFO 20832 --- [Thread-9] c.n.e.r.PeerAwareInstanceRegistryImpl    : Renew threshold is: 1
2022-10-10 15:42:17.181  INFO 20832 --- [Thread-9] c.n.e.r.PeerAwareInstanceRegistryImpl    : Changing status to UP
2022-10-10 15:42:17.193  INFO 20832 --- [Thread-9] e.s.EurekaServerInitializerConfiguration : Started Eureka Server
2022-10-10 15:42:17.220  INFO 20832 --- [main] o.s.b.w.embedded.tomcat.TomcatWebServer  : Tomcat started on port(s): 8761 (http) with context path ''
2022-10-10 15:42:17.221  INFO 20832 --- [main] .s.c.n.e.s.EurekaAutoServiceRegistration : Updating port to 8761
2022-10-10 15:42:18.442  INFO 20832 --- [main] o.s.cloud.commons.util.InetUtils         : Cannot determine local hostname
2022-10-10 15:42:18.461  INFO 20832 --- [main] c.eureka.server.EurekaServerApplication  : Started EurekaServerApplication in 12.329 seconds (JVM running for 13.317)
2022-10-10 15:42:31.521  INFO 20832 --- [http-nio-8761-exec-2] o.a.c.c.C.[Tomcat].[localhost].[/]       : Initializing Spring DispatcherServlet 'dispatcherServlet'
2022-10-10 15:42:31.521  INFO 20832 --- [http-nio-8761-exec-2] o.s.web.servlet.DispatcherServlet        : Initializing Servlet 'dispatcherServlet'
2022-10-10 15:42:31.523  INFO 20832 --- [http-nio-8761-exec-2] o.s.web.servlet.DispatcherServlet        : Completed initialization in 1 ms
2022-10-10 15:42:31.554  WARN 20832 --- [http-nio-8761-exec-1] c.n.e.registry.AbstractInstanceRegistry  : DS: Registry: lease doesn't exist, registering resource: GUEST-MICROSERVICE - localhost:Guest-Microservice:8083
2022-10-10 15:42:31.554  WARN 20832 --- [http-nio-8761-exec-1] c.n.eureka.resources.InstanceResource    : Not Found (Renew): GUEST-MICROSERVICE - localhost:Guest-Microservice:8083
2022-10-10 15:42:31.975  INFO 20832 --- [http-nio-8761-exec-3] c.n.e.registry.AbstractInstanceRegistry  : Registered instance GUEST-MICROSERVICE/localhost:Guest-Microservice:8083 with status UP (replication=false)
2022-10-10 15:42:31.978  INFO 20832 --- [http-nio-8761-exec-4] c.n.e.registry.AbstractInstanceRegistry  : Registered instance GUEST-MICROSERVICE/localhost:Guest-Microservice:8083 with status UP (replication=false)
2022-10-10 15:43:17.181  INFO 20832 --- [Eureka-EvictionTimer] c.n.e.registry.AbstractInstanceRegistry  : Running the evict task with compensationTime 0ms
2022-10-10 15:44:17.182  INFO 20832 --- [Eureka-EvictionTimer] c.n.e.registry.AbstractInstanceRegistry  : Running the evict task with compensationTime 0ms
2022-10-10 15:45:17.186  INFO 20832 --- [Eureka-EvictionTimer] c.n.e.registry.AbstractInstanceRegistry  : Running the evict task with compensationTime 4ms
2022-10-10 15:46:17.188  INFO 20832 --- [Eureka-EvictionTimer] c.n.e.registry.AbstractInstanceRegistry  : Running the evict task with compensationTime 2ms
2022-10-10 15:47:17.189  INFO 20832 --- [Eureka-EvictionTimer] c.n.e.registry.AbstractInstanceRegistry  : Running the evict task with compensationTime 0ms
2022-10-10 15:48:17.190  INFO 20832 --- [Eureka-EvictionTimer] c.n.e.registry.AbstractInstanceRegistry  : Running the evict task with compensationTime 1ms
2022-10-10 15:49:17.193  INFO 20832 --- [Eureka-EvictionTimer] c.n.e.registry.AbstractInstanceRegistry  : Running the evict task with compensationTime 3ms
2022-10-10 15:50:17.195  INFO 20832 --- [Eureka-EvictionTimer] c.n.e.registry.AbstractInstanceRegistry  : Running the evict task with compensationTime 1ms
2022-10-10 15:51:17.195  INFO 20832 --- [Eureka-EvictionTimer] c.n.e.registry.AbstractInstanceRegistry  : Running the evict task with compensationTime 0ms
2022-10-10 15:52:16.872  WARN 20832 --- [Eureka-PeerNodesUpdater] c.n.eureka.cluster.PeerEurekaNodes       : The replica size seems to be empty. Check the route 53 DNS Registry
2022-10-10 15:52:17.196  INFO 20832 --- [Eureka-EvictionTimer] c.n.e.registry.AbstractInstanceRegistry  : Running the evict task with compensationTime 0ms
2022-10-10 15:53:17.196  INFO 20832 --- [Eureka-EvictionTimer] c.n.e.registry.AbstractInstanceRegistry  : Running the evict task with compensationTime 0ms
2022-10-10 15:54:17.210  INFO 20832 --- [Eureka-EvictionTimer] c.n.e.registry.AbstractInstanceRegistry  : Running the evict task with compensationTime 14ms
2022-10-10 15:55:17.221  INFO 20832 --- [Eureka-EvictionTimer] c.n.e.registry.AbstractInstanceRegistry  : Running the evict task with compensationTime 10ms
2022-10-10 15:56:17.222  INFO 20832 --- [Eureka-EvictionTimer] c.n.e.registry.AbstractInstanceRegistry  : Running the evict task with compensationTime 0ms
2022-10-10 15:57:16.962  INFO 20832 --- [ReplicaAwareInstanceRegistry - RenewalThresholdUpdater] c.n.e.r.PeerAwareInstanceRegistryImpl    : Current renewal threshold is : 3
2022-10-10 15:57:17.233  INFO 20832 --- [Eureka-EvictionTimer] c.n.e.registry.AbstractInstanceRegistry  : Running the evict task with compensationTime 11ms
2022-10-10 15:58:17.238  INFO 20832 --- [Eureka-EvictionTimer] c.n.e.registry.AbstractInstanceRegistry  : Running the evict task with compensationTime 4ms
2022-10-10 15:59:17.238  INFO 20832 --- [Eureka-EvictionTimer] c.n.e.registry.AbstractInstanceRegistry  : Running the evict task with compensationTime 0ms
2022-10-10 16:00:17.243  INFO 20832 --- [Eureka-EvictionTimer] c.n.e.registry.AbstractInstanceRegistry  : Running the evict task with compensationTime 5ms
2022-10-10 16:01:17.243  INFO 20832 --- [Eureka-EvictionTimer] c.n.e.registry.AbstractInstanceRegistry  : Running the evict task with compensationTime 0ms
2022-10-10 16:02:16.873  WARN 20832 --- [Eureka-PeerNodesUpdater] c.n.eureka.cluster.PeerEurekaNodes       : The replica size seems to be empty. Check the route 53 DNS Registry
2022-10-10 16:02:17.243  INFO 20832 --- [Eureka-EvictionTimer] c.n.e.registry.AbstractInstanceRegistry  : Running the evict task with compensationTime 0ms
2022-10-10 16:03:17.243  INFO 20832 --- [Eureka-EvictionTimer] c.n.e.registry.AbstractInstanceRegistry  : Running the evict task with compensationTime 0ms
2022-10-10 16:04:17.243  INFO 20832 --- [Eureka-EvictionTimer] c.n.e.registry.AbstractInstanceRegistry  : Running the evict task with compensationTime 0ms
2022-10-10 16:05:17.245  INFO 20832 --- [Eureka-EvictionTimer] c.n.e.registry.AbstractInstanceRegistry  : Running the evict task with compensationTime 1ms
2022-10-10 16:06:17.244  INFO 20832 --- [Eureka-EvictionTimer] c.n.e.registry.AbstractInstanceRegistry  : Running the evict task with compensationTime 0ms
2022-10-10 16:07:17.253  INFO 20832 --- [Eureka-EvictionTimer] c.n.e.registry.AbstractInstanceRegistry  : Running the evict task with compensationTime 9ms
2022-10-10 16:08:17.254  INFO 20832 --- [Eureka-EvictionTimer] c.n.e.registry.AbstractInstanceRegistry  : Running the evict task with compensationTime 0ms
2022-10-10 16:09:17.255  INFO 20832 --- [Eureka-EvictionTimer] c.n.e.registry.AbstractInstanceRegistry  : Running the evict task with compensationTime 0ms
2022-10-10 16:10:17.265  INFO 20832 --- [Eureka-EvictionTimer] c.n.e.registry.AbstractInstanceRegistry  : Running the evict task with compensationTime 10ms
2022-10-10 16:11:17.267  INFO 20832 --- [Eureka-EvictionTimer] c.n.e.registry.AbstractInstanceRegistry  : Running the evict task with compensationTime 1ms
2022-10-10 16:12:16.889  WARN 20832 --- [Eureka-PeerNodesUpdater] c.n.eureka.cluster.PeerEurekaNodes       : The replica size seems to be empty. Check the route 53 DNS Registry
2022-10-10 16:12:16.969  INFO 20832 --- [ReplicaAwareInstanceRegistry - RenewalThresholdUpdater] c.n.e.r.PeerAwareInstanceRegistryImpl    : Current renewal threshold is : 3
2022-10-10 16:12:17.278  INFO 20832 --- [Eureka-EvictionTimer] c.n.e.registry.AbstractInstanceRegistry  : Running the evict task with compensationTime 10ms
2022-10-10 16:13:17.277  INFO 20832 --- [Eureka-EvictionTimer] c.n.e.registry.AbstractInstanceRegistry  : Running the evict task with compensationTime 0ms
2022-10-10 16:14:17.277  INFO 20832 --- [Eureka-EvictionTimer] c.n.e.registry.AbstractInstanceRegistry  : Running the evict task with compensationTime 0ms
2022-10-10 16:15:17.277  INFO 20832 --- [Eureka-EvictionTimer] c.n.e.registry.AbstractInstanceRegistry  : Running the evict task with compensationTime 0ms
2022-10-10 16:16:17.278  INFO 20832 --- [Eureka-EvictionTimer] c.n.e.registry.AbstractInstanceRegistry  : Running the evict task with compensationTime 1ms
2022-10-10 16:17:17.279  INFO 20832 --- [Eureka-EvictionTimer] c.n.e.registry.AbstractInstanceRegistry  : Running the evict task with compensationTime 0ms
2022-10-10 16:18:17.279  INFO 20832 --- [Eureka-EvictionTimer] c.n.e.registry.AbstractInstanceRegistry  : Running the evict task with compensationTime 0ms
2022-10-10 16:19:17.279  INFO 20832 --- [Eureka-EvictionTimer] c.n.e.registry.AbstractInstanceRegistry  : Running the evict task with compensationTime 0ms
2022-10-10 16:20:17.279  INFO 20832 --- [Eureka-EvictionTimer] c.n.e.registry.AbstractInstanceRegistry  : Running the evict task with compensationTime 0ms
2022-10-10 16:21:17.279  INFO 20832 --- [Eureka-EvictionTimer] c.n.e.registry.AbstractInstanceRegistry  : Running the evict task with compensationTime 0ms
2022-10-10 16:22:16.899  WARN 20832 --- [Eureka-PeerNodesUpdater] c.n.eureka.cluster.PeerEurekaNodes       : The replica size seems to be empty. Check the route 53 DNS Registry
2022-10-10 16:22:17.279  INFO 20832 --- [Eureka-EvictionTimer] c.n.e.registry.AbstractInstanceRegistry  : Running the evict task with compensationTime 0ms
2022-10-10 16:23:17.279  INFO 20832 --- [Eureka-EvictionTimer] c.n.e.registry.AbstractInstanceRegistry  : Running the evict task with compensationTime 0ms
2022-10-10 16:24:17.280  INFO 20832 --- [Eureka-EvictionTimer] c.n.e.registry.AbstractInstanceRegistry  : Running the evict task with compensationTime 0ms
2022-10-10 16:25:17.280  INFO 20832 --- [Eureka-EvictionTimer] c.n.e.registry.AbstractInstanceRegistry  : Running the evict task with compensationTime 0ms
2022-10-10 16:26:17.281  INFO 20832 --- [Eureka-EvictionTimer] c.n.e.registry.AbstractInstanceRegistry  : Running the evict task with compensationTime 0ms
2022-10-10 16:27:16.970  INFO 20832 --- [ReplicaAwareInstanceRegistry - RenewalThresholdUpdater] c.n.e.r.PeerAwareInstanceRegistryImpl    : Current renewal threshold is : 3
2022-10-10 16:27:17.282  INFO 20832 --- [Eureka-EvictionTimer] c.n.e.registry.AbstractInstanceRegistry  : Running the evict task with compensationTime 0ms
2022-10-10 16:28:17.282  INFO 20832 --- [Eureka-EvictionTimer] c.n.e.registry.AbstractInstanceRegistry  : Running the evict task with compensationTime 0ms
2022-10-10 16:29:17.283  INFO 20832 --- [Eureka-EvictionTimer] c.n.e.registry.AbstractInstanceRegistry  : Running the evict task with compensationTime 0ms
2022-10-10 16:30:17.284  INFO 20832 --- [Eureka-EvictionTimer] c.n.e.registry.AbstractInstanceRegistry  : Running the evict task with compensationTime 1ms
2022-10-10 16:31:17.284  INFO 20832 --- [Eureka-EvictionTimer] c.n.e.registry.AbstractInstanceRegistry  : Running the evict task with compensationTime 0ms
2022-10-10 16:32:16.901  WARN 20832 --- [Eureka-PeerNodesUpdater] c.n.eureka.cluster.PeerEurekaNodes       : The replica size seems to be empty. Check the route 53 DNS Registry
2022-10-10 16:32:17.285  INFO 20832 --- [Eureka-EvictionTimer] c.n.e.registry.AbstractInstanceRegistry  : Running the evict task with compensationTime 0ms
2022-10-10 16:33:17.285  INFO 20832 --- [Eureka-EvictionTimer] c.n.e.registry.AbstractInstanceRegistry  : Running the evict task with compensationTime 0ms
2022-10-10 16:34:17.286  INFO 20832 --- [Eureka-EvictionTimer] c.n.e.registry.AbstractInstanceRegistry  : Running the evict task with compensationTime 0ms
2022-10-10 16:35:17.286  INFO 20832 --- [Eureka-EvictionTimer] c.n.e.registry.AbstractInstanceRegistry  : Running the evict task with compensationTime 0ms
2022-10-10 16:36:17.287  INFO 20832 --- [Eureka-EvictionTimer] c.n.e.registry.AbstractInstanceRegistry  : Running the evict task with compensationTime 0ms
2022-10-10 16:37:17.287  INFO 20832 --- [Eureka-EvictionTimer] c.n.e.registry.AbstractInstanceRegistry  : Running the evict task with compensationTime 0ms
2022-10-10 16:38:17.288  INFO 20832 --- [Eureka-EvictionTimer] c.n.e.registry.AbstractInstanceRegistry  : Running the evict task with compensationTime 0ms
2022-10-10 16:39:17.289  INFO 20832 --- [Eureka-EvictionTimer] c.n.e.registry.AbstractInstanceRegistry  : Running the evict task with compensationTime 0ms
2022-10-10 16:40:17.290  INFO 20832 --- [Eureka-EvictionTimer] c.n.e.registry.AbstractInstanceRegistry  : Running the evict task with compensationTime 0ms
2022-10-10 16:41:17.290  INFO 20832 --- [Eureka-EvictionTimer] c.n.e.registry.AbstractInstanceRegistry  : Running the evict task with compensationTime 0ms
2022-10-10 16:42:16.904  WARN 20832 --- [Eureka-PeerNodesUpdater] c.n.eureka.cluster.PeerEurekaNodes       : The replica size seems to be empty. Check the route 53 DNS Registry
2022-10-10 16:42:16.971  INFO 20832 --- [ReplicaAwareInstanceRegistry - RenewalThresholdUpdater] c.n.e.r.PeerAwareInstanceRegistryImpl    : Current renewal threshold is : 3
2022-10-10 16:42:17.291  INFO 20832 --- [Eureka-EvictionTimer] c.n.e.registry.AbstractInstanceRegistry  : Running the evict task with compensationTime 0ms
2022-10-10 16:43:17.291  INFO 20832 --- [Eureka-EvictionTimer] c.n.e.registry.AbstractInstanceRegistry  : Running the evict task with compensationTime 0ms
2022-10-10 16:44:17.292  INFO 20832 --- [Eureka-EvictionTimer] c.n.e.registry.AbstractInstanceRegistry  : Running the evict task with compensationTime 0ms
2022-10-10 16:45:17.293  INFO 20832 --- [Eureka-EvictionTimer] c.n.e.registry.AbstractInstanceRegistry  : Running the evict task with compensationTime 1ms
2022-10-10 16:46:17.294  INFO 20832 --- [Eureka-EvictionTimer] c.n.e.registry.AbstractInstanceRegistry  : Running the evict task with compensationTime 1ms
2022-10-10 17:25:19.249  INFO 20832 --- [Eureka-EvictionTimer] c.n.e.registry.AbstractInstanceRegistry  : Running the evict task with compensationTime 2281958ms
2022-10-10 17:26:19.249  INFO 20832 --- [Eureka-EvictionTimer] c.n.e.registry.AbstractInstanceRegistry  : Running the evict task with compensationTime 0ms
2022-10-10 17:27:19.253  INFO 20832 --- [Eureka-EvictionTimer] c.n.e.registry.AbstractInstanceRegistry  : Running the evict task with compensationTime 3ms
2022-10-10 17:28:19.255  INFO 20832 --- [Eureka-EvictionTimer] c.n.e.registry.AbstractInstanceRegistry  : Running the evict task with compensationTime 1ms
2022-10-10 17:29:19.258  INFO 20832 --- [Eureka-EvictionTimer] c.n.e.registry.AbstractInstanceRegistry  : Running the evict task with compensationTime 2ms
2022-10-10 17:30:18.739  WARN 20832 --- [Eureka-PeerNodesUpdater] c.n.eureka.cluster.PeerEurekaNodes       : The replica size seems to be empty. Check the route 53 DNS Registry
2022-10-10 17:30:19.272  INFO 20832 --- [Eureka-EvictionTimer] c.n.e.registry.AbstractInstanceRegistry  : Running the evict task with compensationTime 14ms
2022-10-10 17:31:19.284  INFO 20832 --- [Eureka-EvictionTimer] c.n.e.registry.AbstractInstanceRegistry  : Running the evict task with compensationTime 11ms
2022-10-10 17:32:19.299  INFO 20832 --- [Eureka-EvictionTimer] c.n.e.registry.AbstractInstanceRegistry  : Running the evict task with compensationTime 15ms
2022-10-10 17:33:19.305  INFO 20832 --- [Eureka-EvictionTimer] c.n.e.registry.AbstractInstanceRegistry  : Running the evict task with compensationTime 6ms
2022-10-10 17:34:19.311  INFO 20832 --- [Eureka-EvictionTimer] c.n.e.registry.AbstractInstanceRegistry  : Running the evict task with compensationTime 5ms
2022-10-10 17:35:18.793  INFO 20832 --- [ReplicaAwareInstanceRegistry - RenewalThresholdUpdater] c.n.e.r.PeerAwareInstanceRegistryImpl    : Current renewal threshold is : 3
2022-10-10 17:35:19.313  INFO 20832 --- [Eureka-EvictionTimer] c.n.e.registry.AbstractInstanceRegistry  : Running the evict task with compensationTime 1ms
2022-10-10 17:36:19.321  INFO 20832 --- [Eureka-EvictionTimer] c.n.e.registry.AbstractInstanceRegistry  : Running the evict task with compensationTime 8ms
2022-10-10 17:37:19.325  INFO 20832 --- [Eureka-EvictionTimer] c.n.e.registry.AbstractInstanceRegistry  : Running the evict task with compensationTime 3ms
2022-10-10 17:38:19.333  INFO 20832 --- [Eureka-EvictionTimer] c.n.e.registry.AbstractInstanceRegistry  : Running the evict task with compensationTime 8ms
2022-10-10 17:39:19.335  INFO 20832 --- [Eureka-EvictionTimer] c.n.e.registry.AbstractInstanceRegistry  : Running the evict task with compensationTime 2ms
2022-10-10 17:40:18.760  WARN 20832 --- [Eureka-PeerNodesUpdater] c.n.eureka.cluster.PeerEurekaNodes       : The replica size seems to be empty. Check the route 53 DNS Registry
2022-10-10 17:40:19.345  INFO 20832 --- [Eureka-EvictionTimer] c.n.e.registry.AbstractInstanceRegistry  : Running the evict task with compensationTime 9ms
2022-10-10 17:41:19.348  INFO 20832 --- [Eureka-EvictionTimer] c.n.e.registry.AbstractInstanceRegistry  : Running the evict task with compensationTime 2ms
2022-10-10 17:42:19.351  INFO 20832 --- [Eureka-EvictionTimer] c.n.e.registry.AbstractInstanceRegistry  : Running the evict task with compensationTime 3ms
2022-10-10 17:43:19.359  INFO 20832 --- [Eureka-EvictionTimer] c.n.e.registry.AbstractInstanceRegistry  : Running the evict task with compensationTime 7ms
2022-10-10 17:44:19.368  INFO 20832 --- [Eureka-EvictionTimer] c.n.e.registry.AbstractInstanceRegistry  : Running the evict task with compensationTime 9ms
