2022-09-21 00:18:08.325  INFO 18648 --- [restartedMain] c.m.room.RoomServiceApplication          : Starting RoomServiceApplication using Java 17.0.4.1 on DESKTOP-TG0PSDR with PID 18648 (D:\Hotel-Managment-System-master\Hotel-Managment-System-master\Room-service\target\classes started by akodg in D:\Hotel-Managment-System-master\Hotel-Managment-System-master\Room-service)
2022-09-21 00:18:08.337  INFO 18648 --- [restartedMain] c.m.room.RoomServiceApplication          : No active profile set, falling back to default profiles: default
2022-09-21 00:18:08.473  INFO 18648 --- [restartedMain] .e.DevToolsPropertyDefaultsPostProcessor : Devtools property defaults active! Set 'spring.devtools.add-properties' to 'false' to disable
2022-09-21 00:18:08.475  INFO 18648 --- [restartedMain] .e.DevToolsPropertyDefaultsPostProcessor : For additional web related logging consider setting the 'logging.level.web' property to 'DEBUG'
2022-09-21 00:18:10.469  INFO 18648 --- [restartedMain] .s.d.r.c.RepositoryConfigurationDelegate : Bootstrapping Spring Data MongoDB repositories in DEFAULT mode.
2022-09-21 00:18:10.687  INFO 18648 --- [restartedMain] .s.d.r.c.RepositoryConfigurationDelegate : Finished Spring Data repository scanning in 213 ms. Found 1 MongoDB repository interfaces.
2022-09-21 00:18:11.175  INFO 18648 --- [restartedMain] o.s.cloud.context.scope.GenericScope     : BeanFactory id=354172fb-b639-3261-8aac-0591cf0408b0
2022-09-21 00:18:12.134  INFO 18648 --- [restartedMain] o.s.b.w.embedded.tomcat.TomcatWebServer  : Tomcat initialized with port(s): 8082 (http)
2022-09-21 00:18:12.150  INFO 18648 --- [restartedMain] o.apache.catalina.core.StandardService   : Starting service [Tomcat]
2022-09-21 00:18:12.152  INFO 18648 --- [restartedMain] org.apache.catalina.core.StandardEngine  : Starting Servlet engine: [Apache Tomcat/9.0.44]
2022-09-21 00:18:12.373  INFO 18648 --- [restartedMain] o.a.c.c.C.[Tomcat].[localhost].[/]       : Initializing Spring embedded WebApplicationContext
2022-09-21 00:18:12.374  INFO 18648 --- [restartedMain] w.s.c.ServletWebServerApplicationContext : Root WebApplicationContext: initialization completed in 3898 ms
2022-09-21 00:18:12.786  INFO 18648 --- [restartedMain] org.mongodb.driver.cluster               : Cluster created with settings {hosts=[127.0.0.1:27017], srvHost=guest.wke2xju.mongodb.net, mode=MULTIPLE, requiredClusterType=REPLICA_SET, serverSelectionTimeout='30000 ms', requiredReplicaSetName='atlas-1427s3-shard-0'}
2022-09-21 00:18:12.855  INFO 18648 --- [cluster-ClusterId{value='632a0aec0844812f8531b98a', description='null'}-srv-guest.wke2xju.mongodb.net] org.mongodb.driver.cluster               : Adding discovered server ac-va7fcg1-shard-00-00.wke2xju.mongodb.net:27017 to client view of cluster
2022-09-21 00:18:12.888  INFO 18648 --- [cluster-ClusterId{value='632a0aec0844812f8531b98a', description='null'}-srv-guest.wke2xju.mongodb.net] org.mongodb.driver.cluster               : Adding discovered server ac-va7fcg1-shard-00-01.wke2xju.mongodb.net:27017 to client view of cluster
2022-09-21 00:18:12.889  INFO 18648 --- [cluster-ClusterId{value='632a0aec0844812f8531b98a', description='null'}-srv-guest.wke2xju.mongodb.net] org.mongodb.driver.cluster               : Adding discovered server ac-va7fcg1-shard-00-02.wke2xju.mongodb.net:27017 to client view of cluster
2022-09-21 00:18:12.911  WARN 18648 --- [restartedMain] o.s.data.convert.CustomConversions       : Registering converter from class java.time.LocalDateTime to class org.joda.time.LocalDateTime as reading converter although it doesn't convert from a store-supported type! You might want to check your annotation setup at the converter implementation.
2022-09-21 00:18:13.111  WARN 18648 --- [restartedMain] o.s.b.d.a.OptionalLiveReloadServer       : Unable to start LiveReload server
2022-09-21 00:18:13.192  WARN 18648 --- [restartedMain] o.s.data.convert.CustomConversions       : Registering converter from class java.time.LocalDateTime to class org.joda.time.LocalDateTime as reading converter although it doesn't convert from a store-supported type! You might want to check your annotation setup at the converter implementation.
2022-09-21 00:18:13.779  INFO 18648 --- [cluster-rtt-ClusterId{value='632a0aec0844812f8531b98a', description='null'}-ac-va7fcg1-shard-00-00.wke2xju.mongodb.net:27017] org.mongodb.driver.connection            : Opened connection [connectionId{localValue:2, serverValue:256696}] to ac-va7fcg1-shard-00-00.wke2xju.mongodb.net:27017
2022-09-21 00:18:13.779  INFO 18648 --- [cluster-rtt-ClusterId{value='632a0aec0844812f8531b98a', description='null'}-ac-va7fcg1-shard-00-02.wke2xju.mongodb.net:27017] org.mongodb.driver.connection            : Opened connection [connectionId{localValue:6, serverValue:282290}] to ac-va7fcg1-shard-00-02.wke2xju.mongodb.net:27017
2022-09-21 00:18:13.779  INFO 18648 --- [cluster-ClusterId{value='632a0aec0844812f8531b98a', description='null'}-ac-va7fcg1-shard-00-01.wke2xju.mongodb.net:27017] org.mongodb.driver.connection            : Opened connection [connectionId{localValue:3, serverValue:255978}] to ac-va7fcg1-shard-00-01.wke2xju.mongodb.net:27017
2022-09-21 00:18:13.780  INFO 18648 --- [cluster-ClusterId{value='632a0aec0844812f8531b98a', description='null'}-ac-va7fcg1-shard-00-00.wke2xju.mongodb.net:27017] org.mongodb.driver.connection            : Opened connection [connectionId{localValue:1, serverValue:256696}] to ac-va7fcg1-shard-00-00.wke2xju.mongodb.net:27017
2022-09-21 00:18:13.780  INFO 18648 --- [cluster-rtt-ClusterId{value='632a0aec0844812f8531b98a', description='null'}-ac-va7fcg1-shard-00-01.wke2xju.mongodb.net:27017] org.mongodb.driver.connection            : Opened connection [connectionId{localValue:4, serverValue:255978}] to ac-va7fcg1-shard-00-01.wke2xju.mongodb.net:27017
2022-09-21 00:18:13.781  INFO 18648 --- [cluster-ClusterId{value='632a0aec0844812f8531b98a', description='null'}-ac-va7fcg1-shard-00-00.wke2xju.mongodb.net:27017] org.mongodb.driver.cluster               : Monitor thread successfully connected to server with description ServerDescription{address=ac-va7fcg1-shard-00-00.wke2xju.mongodb.net:27017, type=REPLICA_SET_SECONDARY, state=CONNECTED, ok=true, minWireVersion=0, maxWireVersion=13, maxDocumentSize=16777216, logicalSessionTimeoutMinutes=30, roundTripTimeNanos=471747700, setName='atlas-1427s3-shard-0', canonicalAddress=ac-va7fcg1-shard-00-00.wke2xju.mongodb.net:27017, hosts=[ac-va7fcg1-shard-00-01.wke2xju.mongodb.net:27017, ac-va7fcg1-shard-00-02.wke2xju.mongodb.net:27017, ac-va7fcg1-shard-00-00.wke2xju.mongodb.net:27017], passives=[], arbiters=[], primary='ac-va7fcg1-shard-00-02.wke2xju.mongodb.net:27017', tagSet=TagSet{[Tag{name='nodeType', value='ELECTABLE'}, Tag{name='provider', value='AWS'}, Tag{name='region', value='AP_SOUTH_1'}, Tag{name='workloadType', value='OPERATIONAL'}]}, electionId=null, setVersion=5, topologyVersion=TopologyVersion{processId=6320264db0a37ed66792d3d7, counter=4}, lastWriteDate=Wed Sep 21 00:18:13 IST 2022, lastUpdateTimeNanos=14127619403600}
2022-09-21 00:18:13.779  INFO 18648 --- [cluster-ClusterId{value='632a0aec0844812f8531b98a', description='null'}-ac-va7fcg1-shard-00-02.wke2xju.mongodb.net:27017] org.mongodb.driver.connection            : Opened connection [connectionId{localValue:5, serverValue:282290}] to ac-va7fcg1-shard-00-02.wke2xju.mongodb.net:27017
2022-09-21 00:18:13.781  INFO 18648 --- [cluster-ClusterId{value='632a0aec0844812f8531b98a', description='null'}-ac-va7fcg1-shard-00-02.wke2xju.mongodb.net:27017] org.mongodb.driver.cluster               : Monitor thread successfully connected to server with description ServerDescription{address=ac-va7fcg1-shard-00-02.wke2xju.mongodb.net:27017, type=REPLICA_SET_PRIMARY, state=CONNECTED, ok=true, minWireVersion=0, maxWireVersion=13, maxDocumentSize=16777216, logicalSessionTimeoutMinutes=30, roundTripTimeNanos=473760800, setName='atlas-1427s3-shard-0', canonicalAddress=ac-va7fcg1-shard-00-02.wke2xju.mongodb.net:27017, hosts=[ac-va7fcg1-shard-00-01.wke2xju.mongodb.net:27017, ac-va7fcg1-shard-00-02.wke2xju.mongodb.net:27017, ac-va7fcg1-shard-00-00.wke2xju.mongodb.net:27017], passives=[], arbiters=[], primary='ac-va7fcg1-shard-00-02.wke2xju.mongodb.net:27017', tagSet=TagSet{[Tag{name='nodeType', value='ELECTABLE'}, Tag{name='provider', value='AWS'}, Tag{name='region', value='AP_SOUTH_1'}, Tag{name='workloadType', value='OPERATIONAL'}]}, electionId=7fffffff00000000000000c9, setVersion=5, topologyVersion=TopologyVersion{processId=6320275bbea49d301c8c96f2, counter=6}, lastWriteDate=Wed Sep 21 00:18:13 IST 2022, lastUpdateTimeNanos=14127619190400}
2022-09-21 00:18:13.781  INFO 18648 --- [cluster-ClusterId{value='632a0aec0844812f8531b98a', description='null'}-ac-va7fcg1-shard-00-01.wke2xju.mongodb.net:27017] org.mongodb.driver.cluster               : Monitor thread successfully connected to server with description ServerDescription{address=ac-va7fcg1-shard-00-01.wke2xju.mongodb.net:27017, type=REPLICA_SET_SECONDARY, state=CONNECTED, ok=true, minWireVersion=0, maxWireVersion=13, maxDocumentSize=16777216, logicalSessionTimeoutMinutes=30, roundTripTimeNanos=473157000, setName='atlas-1427s3-shard-0', canonicalAddress=ac-va7fcg1-shard-00-01.wke2xju.mongodb.net:27017, hosts=[ac-va7fcg1-shard-00-01.wke2xju.mongodb.net:27017, ac-va7fcg1-shard-00-02.wke2xju.mongodb.net:27017, ac-va7fcg1-shard-00-00.wke2xju.mongodb.net:27017], passives=[], arbiters=[], primary='ac-va7fcg1-shard-00-02.wke2xju.mongodb.net:27017', tagSet=TagSet{[Tag{name='nodeType', value='ELECTABLE'}, Tag{name='provider', value='AWS'}, Tag{name='region', value='AP_SOUTH_1'}, Tag{name='workloadType', value='OPERATIONAL'}]}, electionId=null, setVersion=5, topologyVersion=TopologyVersion{processId=63202837cb966e8110e39ce5, counter=3}, lastWriteDate=Wed Sep 21 00:18:13 IST 2022, lastUpdateTimeNanos=14127619253700}
2022-09-21 00:18:13.782  INFO 18648 --- [cluster-ClusterId{value='632a0aec0844812f8531b98a', description='null'}-ac-va7fcg1-shard-00-02.wke2xju.mongodb.net:27017] org.mongodb.driver.cluster               : Setting max election id to 7fffffff00000000000000c9 from replica set primary ac-va7fcg1-shard-00-02.wke2xju.mongodb.net:27017
2022-09-21 00:18:13.783  INFO 18648 --- [cluster-ClusterId{value='632a0aec0844812f8531b98a', description='null'}-ac-va7fcg1-shard-00-02.wke2xju.mongodb.net:27017] org.mongodb.driver.cluster               : Setting max set version to 5 from replica set primary ac-va7fcg1-shard-00-02.wke2xju.mongodb.net:27017
2022-09-21 00:18:13.783  INFO 18648 --- [cluster-ClusterId{value='632a0aec0844812f8531b98a', description='null'}-ac-va7fcg1-shard-00-02.wke2xju.mongodb.net:27017] org.mongodb.driver.cluster               : Discovered replica set primary ac-va7fcg1-shard-00-02.wke2xju.mongodb.net:27017
2022-09-21 00:18:14.517  INFO 18648 --- [restartedMain] pertySourcedRequestMappingHandlerMapping : Mapped URL path [/v2/api-docs] onto method [springfox.documentation.swagger2.web.Swagger2Controller#getDocumentation(String, HttpServletRequest)]
2022-09-21 00:18:14.652  INFO 18648 --- [restartedMain] o.s.s.concurrent.ThreadPoolTaskExecutor  : Initializing ExecutorService 'applicationTaskExecutor'
2022-09-21 00:18:15.213  INFO 18648 --- [restartedMain] DiscoveryClientOptionalArgsConfiguration : Eureka HTTP Client uses RestTemplate.
2022-09-21 00:18:15.601  WARN 18648 --- [restartedMain] iguration$LoadBalancerCaffeineWarnLogger : Spring Cloud LoadBalancer is currently working with the default cache. You can switch to using Caffeine cache, by adding it to the classpath.
2022-09-21 00:18:15.641  INFO 18648 --- [restartedMain] o.s.c.n.eureka.InstanceInfoFactory       : Setting initial instance status as: STARTING
2022-09-21 00:18:15.745  INFO 18648 --- [restartedMain] com.netflix.discovery.DiscoveryClient    : Initializing Eureka in region us-east-1
2022-09-21 00:18:15.752  INFO 18648 --- [restartedMain] c.n.d.s.r.aws.ConfigClusterResolver      : Resolving eureka endpoints via configuration
2022-09-21 00:18:15.792  INFO 18648 --- [restartedMain] com.netflix.discovery.DiscoveryClient    : Disable delta property : false
2022-09-21 00:18:15.793  INFO 18648 --- [restartedMain] com.netflix.discovery.DiscoveryClient    : Single vip registry refresh property : null
2022-09-21 00:18:15.793  INFO 18648 --- [restartedMain] com.netflix.discovery.DiscoveryClient    : Force full registry fetch : false
2022-09-21 00:18:15.793  INFO 18648 --- [restartedMain] com.netflix.discovery.DiscoveryClient    : Application is null : false
2022-09-21 00:18:15.793  INFO 18648 --- [restartedMain] com.netflix.discovery.DiscoveryClient    : Registered Applications size is zero : true
2022-09-21 00:18:15.793  INFO 18648 --- [restartedMain] com.netflix.discovery.DiscoveryClient    : Application version is -1: true
2022-09-21 00:18:15.793  INFO 18648 --- [restartedMain] com.netflix.discovery.DiscoveryClient    : Getting all instance registry info from the eureka server
2022-09-21 00:18:16.182  INFO 18648 --- [restartedMain] com.netflix.discovery.DiscoveryClient    : The response status is 200
2022-09-21 00:18:16.186  INFO 18648 --- [restartedMain] com.netflix.discovery.DiscoveryClient    : Starting heartbeat executor: renew interval is: 30
2022-09-21 00:18:16.191  INFO 18648 --- [restartedMain] c.n.discovery.InstanceInfoReplicator     : InstanceInfoReplicator onDemand update allowed rate per min is 4
2022-09-21 00:18:16.199  INFO 18648 --- [restartedMain] com.netflix.discovery.DiscoveryClient    : Discovery Client initialized at timestamp 1663699696197 with initial instances count: 2
2022-09-21 00:18:16.200  INFO 18648 --- [restartedMain] o.s.c.n.e.s.EurekaServiceRegistry        : Registering application ROOM-MICROSERVICE with eureka with status UP
2022-09-21 00:18:16.201  INFO 18648 --- [restartedMain] com.netflix.discovery.DiscoveryClient    : Saw local status change event StatusChangeEvent [timestamp=1663699696201, current=UP, previous=STARTING]
2022-09-21 00:18:16.202  INFO 18648 --- [DiscoveryClient-InstanceInfoReplicator-0] com.netflix.discovery.DiscoveryClient    : DiscoveryClient_ROOM-MICROSERVICE/DESKTOP-TG0PSDR:Room-microservice:8082: registering service...
2022-09-21 00:18:16.244  INFO 18648 --- [restartedMain] o.s.b.w.embedded.tomcat.TomcatWebServer  : Tomcat started on port(s): 8082 (http) with context path ''
2022-09-21 00:18:16.245  INFO 18648 --- [restartedMain] .s.c.n.e.s.EurekaAutoServiceRegistration : Updating port to 8082
2022-09-21 00:18:16.259  INFO 18648 --- [DiscoveryClient-InstanceInfoReplicator-0] com.netflix.discovery.DiscoveryClient    : DiscoveryClient_ROOM-MICROSERVICE/DESKTOP-TG0PSDR:Room-microservice:8082 - registration status: 204
2022-09-21 00:18:16.543  INFO 18648 --- [restartedMain] d.s.w.p.DocumentationPluginsBootstrapper : Context refreshed
2022-09-21 00:18:16.560  INFO 18648 --- [restartedMain] d.s.w.p.DocumentationPluginsBootstrapper : Found 1 custom documentation plugin(s)
2022-09-21 00:18:16.592  INFO 18648 --- [restartedMain] s.d.s.w.s.ApiListingReferenceScanner     : Scanning for api listing references
2022-09-21 00:18:16.732  INFO 18648 --- [restartedMain] c.m.room.RoomServiceApplication          : Started RoomServiceApplication in 10.046 seconds (JVM running for 11.219)
2022-09-21 00:23:15.828  INFO 18648 --- [AsyncResolver-bootstrap-executor-0] c.n.d.s.r.aws.ConfigClusterResolver      : Resolving eureka endpoints via configuration
2022-09-21 00:28:15.860  INFO 18648 --- [AsyncResolver-bootstrap-executor-0] c.n.d.s.r.aws.ConfigClusterResolver      : Resolving eureka endpoints via configuration
2022-09-21 00:33:15.863  INFO 18648 --- [AsyncResolver-bootstrap-executor-0] c.n.d.s.r.aws.ConfigClusterResolver      : Resolving eureka endpoints via configuration
2022-09-21 00:38:15.874  INFO 18648 --- [AsyncResolver-bootstrap-executor-0] c.n.d.s.r.aws.ConfigClusterResolver      : Resolving eureka endpoints via configuration
2022-09-21 00:43:15.886  INFO 18648 --- [AsyncResolver-bootstrap-executor-0] c.n.d.s.r.aws.ConfigClusterResolver      : Resolving eureka endpoints via configuration
2022-09-21 00:48:15.902  INFO 18648 --- [AsyncResolver-bootstrap-executor-0] c.n.d.s.r.aws.ConfigClusterResolver      : Resolving eureka endpoints via configuration
2022-09-21 00:53:15.918  INFO 18648 --- [AsyncResolver-bootstrap-executor-0] c.n.d.s.r.aws.ConfigClusterResolver      : Resolving eureka endpoints via configuration
2022-09-21 00:58:15.932  INFO 18648 --- [AsyncResolver-bootstrap-executor-0] c.n.d.s.r.aws.ConfigClusterResolver      : Resolving eureka endpoints via configuration
2022-09-21 01:03:15.938  INFO 18648 --- [AsyncResolver-bootstrap-executor-0] c.n.d.s.r.aws.ConfigClusterResolver      : Resolving eureka endpoints via configuration
2022-09-21 01:08:15.949  INFO 18648 --- [AsyncResolver-bootstrap-executor-0] c.n.d.s.r.aws.ConfigClusterResolver      : Resolving eureka endpoints via configuration
2022-09-21 01:13:15.950  INFO 18648 --- [AsyncResolver-bootstrap-executor-0] c.n.d.s.r.aws.ConfigClusterResolver      : Resolving eureka endpoints via configuration
2022-09-21 01:18:15.960  INFO 18648 --- [AsyncResolver-bootstrap-executor-0] c.n.d.s.r.aws.ConfigClusterResolver      : Resolving eureka endpoints via configuration
2022-09-21 01:23:15.969  INFO 18648 --- [AsyncResolver-bootstrap-executor-0] c.n.d.s.r.aws.ConfigClusterResolver      : Resolving eureka endpoints via configuration
2022-09-21 01:28:15.986  INFO 18648 --- [AsyncResolver-bootstrap-executor-0] c.n.d.s.r.aws.ConfigClusterResolver      : Resolving eureka endpoints via configuration
2022-09-21 01:33:15.997  INFO 18648 --- [AsyncResolver-bootstrap-executor-0] c.n.d.s.r.aws.ConfigClusterResolver      : Resolving eureka endpoints via configuration
2022-09-21 01:38:16.000  INFO 18648 --- [AsyncResolver-bootstrap-executor-0] c.n.d.s.r.aws.ConfigClusterResolver      : Resolving eureka endpoints via configuration
2022-09-21 01:43:16.013  INFO 18648 --- [AsyncResolver-bootstrap-executor-0] c.n.d.s.r.aws.ConfigClusterResolver      : Resolving eureka endpoints via configuration
2022-09-21 01:48:16.014  INFO 18648 --- [AsyncResolver-bootstrap-executor-0] c.n.d.s.r.aws.ConfigClusterResolver      : Resolving eureka endpoints via configuration
2022-09-21 01:53:16.030  INFO 18648 --- [AsyncResolver-bootstrap-executor-0] c.n.d.s.r.aws.ConfigClusterResolver      : Resolving eureka endpoints via configuration
2022-09-21 01:58:16.032  INFO 18648 --- [AsyncResolver-bootstrap-executor-0] c.n.d.s.r.aws.ConfigClusterResolver      : Resolving eureka endpoints via configuration
2022-09-21 02:03:16.040  INFO 18648 --- [AsyncResolver-bootstrap-executor-0] c.n.d.s.r.aws.ConfigClusterResolver      : Resolving eureka endpoints via configuration
2022-09-21 02:08:16.042  INFO 18648 --- [AsyncResolver-bootstrap-executor-0] c.n.d.s.r.aws.ConfigClusterResolver      : Resolving eureka endpoints via configuration
2022-09-21 02:13:16.045  INFO 18648 --- [AsyncResolver-bootstrap-executor-0] c.n.d.s.r.aws.ConfigClusterResolver      : Resolving eureka endpoints via configuration
2022-09-21 02:18:16.056  INFO 18648 --- [AsyncResolver-bootstrap-executor-0] c.n.d.s.r.aws.ConfigClusterResolver      : Resolving eureka endpoints via configuration
2022-09-21 02:23:16.068  INFO 18648 --- [AsyncResolver-bootstrap-executor-0] c.n.d.s.r.aws.ConfigClusterResolver      : Resolving eureka endpoints via configuration
2022-09-21 02:28:16.071  INFO 18648 --- [AsyncResolver-bootstrap-executor-0] c.n.d.s.r.aws.ConfigClusterResolver      : Resolving eureka endpoints via configuration
2022-09-21 02:33:16.074  INFO 18648 --- [AsyncResolver-bootstrap-executor-0] c.n.d.s.r.aws.ConfigClusterResolver      : Resolving eureka endpoints via configuration
2022-09-21 02:38:16.080  INFO 18648 --- [AsyncResolver-bootstrap-executor-0] c.n.d.s.r.aws.ConfigClusterResolver      : Resolving eureka endpoints via configuration
2022-09-21 02:43:16.087  INFO 18648 --- [AsyncResolver-bootstrap-executor-0] c.n.d.s.r.aws.ConfigClusterResolver      : Resolving eureka endpoints via configuration
2022-09-21 02:48:16.090  INFO 18648 --- [AsyncResolver-bootstrap-executor-0] c.n.d.s.r.aws.ConfigClusterResolver      : Resolving eureka endpoints via configuration
2022-09-21 02:53:16.101  INFO 18648 --- [AsyncResolver-bootstrap-executor-0] c.n.d.s.r.aws.ConfigClusterResolver      : Resolving eureka endpoints via configuration
2022-09-21 02:58:16.110  INFO 18648 --- [AsyncResolver-bootstrap-executor-0] c.n.d.s.r.aws.ConfigClusterResolver      : Resolving eureka endpoints via configuration
2022-09-21 03:03:16.115  INFO 18648 --- [AsyncResolver-bootstrap-executor-0] c.n.d.s.r.aws.ConfigClusterResolver      : Resolving eureka endpoints via configuration
2022-09-21 03:08:16.131  INFO 18648 --- [AsyncResolver-bootstrap-executor-0] c.n.d.s.r.aws.ConfigClusterResolver      : Resolving eureka endpoints via configuration
2022-09-21 03:13:16.140  INFO 18648 --- [AsyncResolver-bootstrap-executor-0] c.n.d.s.r.aws.ConfigClusterResolver      : Resolving eureka endpoints via configuration
2022-09-21 03:18:16.143  INFO 18648 --- [AsyncResolver-bootstrap-executor-0] c.n.d.s.r.aws.ConfigClusterResolver      : Resolving eureka endpoints via configuration
2022-09-21 03:23:16.149  INFO 18648 --- [AsyncResolver-bootstrap-executor-0] c.n.d.s.r.aws.ConfigClusterResolver      : Resolving eureka endpoints via configuration
2022-09-21 03:28:16.163  INFO 18648 --- [AsyncResolver-bootstrap-executor-0] c.n.d.s.r.aws.ConfigClusterResolver      : Resolving eureka endpoints via configuration
2022-09-21 03:33:16.176  INFO 18648 --- [AsyncResolver-bootstrap-executor-0] c.n.d.s.r.aws.ConfigClusterResolver      : Resolving eureka endpoints via configuration
2022-09-21 03:38:16.185  INFO 18648 --- [AsyncResolver-bootstrap-executor-0] c.n.d.s.r.aws.ConfigClusterResolver      : Resolving eureka endpoints via configuration
2022-09-21 03:43:16.196  INFO 18648 --- [AsyncResolver-bootstrap-executor-0] c.n.d.s.r.aws.ConfigClusterResolver      : Resolving eureka endpoints via configuration
2022-09-21 03:45:14.778  INFO 18648 --- [http-nio-8082-exec-1] o.a.c.c.C.[Tomcat].[localhost].[/]       : Initializing Spring DispatcherServlet 'dispatcherServlet'
2022-09-21 03:45:14.800  INFO 18648 --- [http-nio-8082-exec-1] o.s.web.servlet.DispatcherServlet        : Initializing Servlet 'dispatcherServlet'
2022-09-21 03:45:14.875  INFO 18648 --- [http-nio-8082-exec-1] o.s.web.servlet.DispatcherServlet        : Completed initialization in 74 ms
2022-09-21 03:48:16.202  INFO 18648 --- [AsyncResolver-bootstrap-executor-0] c.n.d.s.r.aws.ConfigClusterResolver      : Resolving eureka endpoints via configuration
2022-09-21 03:53:16.217  INFO 18648 --- [AsyncResolver-bootstrap-executor-0] c.n.d.s.r.aws.ConfigClusterResolver      : Resolving eureka endpoints via configuration
2022-09-21 06:55:12.807  INFO 18648 --- [cluster-ClusterId{value='632a0aec0844812f8531b98a', description='null'}-ac-va7fcg1-shard-00-00.wke2xju.mongodb.net:27017] org.mongodb.driver.cluster               : Exception in monitor thread while connecting to server ac-va7fcg1-shard-00-00.wke2xju.mongodb.net:27017

com.mongodb.MongoSocketReadException: Exception receiving message
	at com.mongodb.internal.connection.InternalStreamConnection.translateReadException(InternalStreamConnection.java:637) ~[mongodb-driver-core-4.1.2.jar:na]
	at com.mongodb.internal.connection.InternalStreamConnection.receiveMessageWithAdditionalTimeout(InternalStreamConnection.java:516) ~[mongodb-driver-core-4.1.2.jar:na]
	at com.mongodb.internal.connection.InternalStreamConnection.receiveCommandMessageResponse(InternalStreamConnection.java:356) ~[mongodb-driver-core-4.1.2.jar:na]
	at com.mongodb.internal.connection.InternalStreamConnection.receive(InternalStreamConnection.java:316) ~[mongodb-driver-core-4.1.2.jar:na]
	at com.mongodb.internal.connection.DefaultServerMonitor$ServerMonitorRunnable.lookupServerDescription(DefaultServerMonitor.java:215) ~[mongodb-driver-core-4.1.2.jar:na]
	at com.mongodb.internal.connection.DefaultServerMonitor$ServerMonitorRunnable.run(DefaultServerMonitor.java:144) ~[mongodb-driver-core-4.1.2.jar:na]
	at java.base/java.lang.Thread.run(Thread.java:833) ~[na:na]
Caused by: java.net.SocketException: Socket is closed
	at java.base/java.net.Socket.setSoTimeout(Socket.java:1218) ~[na:na]
	at java.base/sun.security.ssl.BaseSSLSocketImpl.setSoTimeout(BaseSSLSocketImpl.java:638) ~[na:na]
	at java.base/sun.security.ssl.SSLSocketImpl.setSoTimeout(SSLSocketImpl.java:74) ~[na:na]
	at com.mongodb.internal.connection.SocketStream.read(SocketStream.java:133) ~[mongodb-driver-core-4.1.2.jar:na]
	at com.mongodb.internal.connection.InternalStreamConnection.receiveResponseBuffers(InternalStreamConnection.java:648) ~[mongodb-driver-core-4.1.2.jar:na]
	at com.mongodb.internal.connection.InternalStreamConnection.receiveMessageWithAdditionalTimeout(InternalStreamConnection.java:513) ~[mongodb-driver-core-4.1.2.jar:na]
	... 5 common frames omitted

2022-09-21 06:55:12.807  INFO 18648 --- [cluster-ClusterId{value='632a0aec0844812f8531b98a', description='null'}-ac-va7fcg1-shard-00-01.wke2xju.mongodb.net:27017] org.mongodb.driver.cluster               : Exception in monitor thread while connecting to server ac-va7fcg1-shard-00-01.wke2xju.mongodb.net:27017

com.mongodb.MongoSocketReadException: Exception receiving message
	at com.mongodb.internal.connection.InternalStreamConnection.translateReadException(InternalStreamConnection.java:637) ~[mongodb-driver-core-4.1.2.jar:na]
	at com.mongodb.internal.connection.InternalStreamConnection.receiveMessageWithAdditionalTimeout(InternalStreamConnection.java:516) ~[mongodb-driver-core-4.1.2.jar:na]
	at com.mongodb.internal.connection.InternalStreamConnection.receiveCommandMessageResponse(InternalStreamConnection.java:356) ~[mongodb-driver-core-4.1.2.jar:na]
	at com.mongodb.internal.connection.InternalStreamConnection.receive(InternalStreamConnection.java:316) ~[mongodb-driver-core-4.1.2.jar:na]
	at com.mongodb.internal.connection.DefaultServerMonitor$ServerMonitorRunnable.lookupServerDescription(DefaultServerMonitor.java:215) ~[mongodb-driver-core-4.1.2.jar:na]
	at com.mongodb.internal.connection.DefaultServerMonitor$ServerMonitorRunnable.run(DefaultServerMonitor.java:144) ~[mongodb-driver-core-4.1.2.jar:na]
	at java.base/java.lang.Thread.run(Thread.java:833) ~[na:na]
Caused by: java.net.SocketException: Socket is closed
	at java.base/java.net.Socket.setSoTimeout(Socket.java:1218) ~[na:na]
	at java.base/sun.security.ssl.BaseSSLSocketImpl.setSoTimeout(BaseSSLSocketImpl.java:638) ~[na:na]
	at java.base/sun.security.ssl.SSLSocketImpl.setSoTimeout(SSLSocketImpl.java:74) ~[na:na]
	at com.mongodb.internal.connection.SocketStream.read(SocketStream.java:133) ~[mongodb-driver-core-4.1.2.jar:na]
	at com.mongodb.internal.connection.InternalStreamConnection.receiveResponseBuffers(InternalStreamConnection.java:648) ~[mongodb-driver-core-4.1.2.jar:na]
	at com.mongodb.internal.connection.InternalStreamConnection.receiveMessageWithAdditionalTimeout(InternalStreamConnection.java:513) ~[mongodb-driver-core-4.1.2.jar:na]
	... 5 common frames omitted

2022-09-21 06:55:12.849  INFO 18648 --- [cluster-ClusterId{value='632a0aec0844812f8531b98a', description='null'}-ac-va7fcg1-shard-00-00.wke2xju.mongodb.net:27017] org.mongodb.driver.cluster               : Exception in monitor thread while connecting to server ac-va7fcg1-shard-00-00.wke2xju.mongodb.net:27017

com.mongodb.MongoSocketException: No such host is known (ac-va7fcg1-shard-00-00.wke2xju.mongodb.net)
	at com.mongodb.ServerAddress.getSocketAddresses(ServerAddress.java:211) ~[mongodb-driver-core-4.1.2.jar:na]
	at com.mongodb.internal.connection.SocketStream.initializeSocket(SocketStream.java:75) ~[mongodb-driver-core-4.1.2.jar:na]
	at com.mongodb.internal.connection.SocketStream.open(SocketStream.java:65) ~[mongodb-driver-core-4.1.2.jar:na]
	at com.mongodb.internal.connection.InternalStreamConnection.open(InternalStreamConnection.java:143) ~[mongodb-driver-core-4.1.2.jar:na]
	at com.mongodb.internal.connection.DefaultServerMonitor$ServerMonitorRunnable.lookupServerDescription(DefaultServerMonitor.java:188) ~[mongodb-driver-core-4.1.2.jar:na]
	at com.mongodb.internal.connection.DefaultServerMonitor$ServerMonitorRunnable.run(DefaultServerMonitor.java:144) ~[mongodb-driver-core-4.1.2.jar:na]
	at java.base/java.lang.Thread.run(Thread.java:833) ~[na:na]
Caused by: java.net.UnknownHostException: No such host is known (ac-va7fcg1-shard-00-00.wke2xju.mongodb.net)
	at java.base/java.net.Inet6AddressImpl.lookupAllHostAddr(Native Method) ~[na:na]
	at java.base/java.net.InetAddress$PlatformNameService.lookupAllHostAddr(InetAddress.java:933) ~[na:na]
	at java.base/java.net.InetAddress.getAddressesFromNameService(InetAddress.java:1529) ~[na:na]
	at java.base/java.net.InetAddress$NameServiceAddresses.get(InetAddress.java:852) ~[na:na]
	at java.base/java.net.InetAddress.getAllByName0(InetAddress.java:1519) ~[na:na]
	at java.base/java.net.InetAddress.getAllByName(InetAddress.java:1377) ~[na:na]
	at java.base/java.net.InetAddress.getAllByName(InetAddress.java:1305) ~[na:na]
	at com.mongodb.ServerAddress.getSocketAddresses(ServerAddress.java:203) ~[mongodb-driver-core-4.1.2.jar:na]
	... 6 common frames omitted

2022-09-21 06:55:12.807  INFO 18648 --- [cluster-ClusterId{value='632a0aec0844812f8531b98a', description='null'}-ac-va7fcg1-shard-00-02.wke2xju.mongodb.net:27017] org.mongodb.driver.cluster               : Exception in monitor thread while connecting to server ac-va7fcg1-shard-00-02.wke2xju.mongodb.net:27017

com.mongodb.MongoSocketReadException: Exception receiving message
	at com.mongodb.internal.connection.InternalStreamConnection.translateReadException(InternalStreamConnection.java:637) ~[mongodb-driver-core-4.1.2.jar:na]
	at com.mongodb.internal.connection.InternalStreamConnection.receiveMessageWithAdditionalTimeout(InternalStreamConnection.java:516) ~[mongodb-driver-core-4.1.2.jar:na]
	at com.mongodb.internal.connection.InternalStreamConnection.receiveCommandMessageResponse(InternalStreamConnection.java:356) ~[mongodb-driver-core-4.1.2.jar:na]
	at com.mongodb.internal.connection.InternalStreamConnection.receive(InternalStreamConnection.java:316) ~[mongodb-driver-core-4.1.2.jar:na]
	at com.mongodb.internal.connection.DefaultServerMonitor$ServerMonitorRunnable.lookupServerDescription(DefaultServerMonitor.java:215) ~[mongodb-driver-core-4.1.2.jar:na]
	at com.mongodb.internal.connection.DefaultServerMonitor$ServerMonitorRunnable.run(DefaultServerMonitor.java:144) ~[mongodb-driver-core-4.1.2.jar:na]
	at java.base/java.lang.Thread.run(Thread.java:833) ~[na:na]
Caused by: java.net.SocketException: Socket is closed
	at java.base/java.net.Socket.setSoTimeout(Socket.java:1218) ~[na:na]
	at java.base/sun.security.ssl.BaseSSLSocketImpl.setSoTimeout(BaseSSLSocketImpl.java:638) ~[na:na]
	at java.base/sun.security.ssl.SSLSocketImpl.setSoTimeout(SSLSocketImpl.java:74) ~[na:na]
	at com.mongodb.internal.connection.SocketStream.read(SocketStream.java:133) ~[mongodb-driver-core-4.1.2.jar:na]
	at com.mongodb.internal.connection.InternalStreamConnection.receiveResponseBuffers(InternalStreamConnection.java:648) ~[mongodb-driver-core-4.1.2.jar:na]
	at com.mongodb.internal.connection.InternalStreamConnection.receiveMessageWithAdditionalTimeout(InternalStreamConnection.java:513) ~[mongodb-driver-core-4.1.2.jar:na]
	... 5 common frames omitted

2022-09-21 06:55:12.883  INFO 18648 --- [cluster-ClusterId{value='632a0aec0844812f8531b98a', description='null'}-ac-va7fcg1-shard-00-01.wke2xju.mongodb.net:27017] org.mongodb.driver.cluster               : Exception in monitor thread while connecting to server ac-va7fcg1-shard-00-01.wke2xju.mongodb.net:27017

com.mongodb.MongoSocketException: No such host is known (ac-va7fcg1-shard-00-01.wke2xju.mongodb.net)
	at com.mongodb.ServerAddress.getSocketAddresses(ServerAddress.java:211) ~[mongodb-driver-core-4.1.2.jar:na]
	at com.mongodb.internal.connection.SocketStream.initializeSocket(SocketStream.java:75) ~[mongodb-driver-core-4.1.2.jar:na]
	at com.mongodb.internal.connection.SocketStream.open(SocketStream.java:65) ~[mongodb-driver-core-4.1.2.jar:na]
	at com.mongodb.internal.connection.InternalStreamConnection.open(InternalStreamConnection.java:143) ~[mongodb-driver-core-4.1.2.jar:na]
	at com.mongodb.internal.connection.DefaultServerMonitor$ServerMonitorRunnable.lookupServerDescription(DefaultServerMonitor.java:188) ~[mongodb-driver-core-4.1.2.jar:na]
	at com.mongodb.internal.connection.DefaultServerMonitor$ServerMonitorRunnable.run(DefaultServerMonitor.java:144) ~[mongodb-driver-core-4.1.2.jar:na]
	at java.base/java.lang.Thread.run(Thread.java:833) ~[na:na]
Caused by: java.net.UnknownHostException: No such host is known (ac-va7fcg1-shard-00-01.wke2xju.mongodb.net)
	at java.base/java.net.Inet6AddressImpl.lookupAllHostAddr(Native Method) ~[na:na]
	at java.base/java.net.InetAddress$PlatformNameService.lookupAllHostAddr(InetAddress.java:933) ~[na:na]
	at java.base/java.net.InetAddress.getAddressesFromNameService(InetAddress.java:1529) ~[na:na]
	at java.base/java.net.InetAddress$NameServiceAddresses.get(InetAddress.java:852) ~[na:na]
	at java.base/java.net.InetAddress.getAllByName0(InetAddress.java:1519) ~[na:na]
	at java.base/java.net.InetAddress.getAllByName(InetAddress.java:1377) ~[na:na]
	at java.base/java.net.InetAddress.getAllByName(InetAddress.java:1305) ~[na:na]
	at com.mongodb.ServerAddress.getSocketAddresses(ServerAddress.java:203) ~[mongodb-driver-core-4.1.2.jar:na]
	... 6 common frames omitted

2022-09-21 06:55:20.118  INFO 18648 --- [cluster-ClusterId{value='632a0aec0844812f8531b98a', description='null'}-ac-va7fcg1-shard-00-02.wke2xju.mongodb.net:27017] org.mongodb.driver.cluster               : Exception in monitor thread while connecting to server ac-va7fcg1-shard-00-02.wke2xju.mongodb.net:27017

com.mongodb.MongoSocketException: No such host is known (ac-va7fcg1-shard-00-02.wke2xju.mongodb.net)
	at com.mongodb.ServerAddress.getSocketAddresses(ServerAddress.java:211) ~[mongodb-driver-core-4.1.2.jar:na]
	at com.mongodb.internal.connection.SocketStream.initializeSocket(SocketStream.java:75) ~[mongodb-driver-core-4.1.2.jar:na]
	at com.mongodb.internal.connection.SocketStream.open(SocketStream.java:65) ~[mongodb-driver-core-4.1.2.jar:na]
	at com.mongodb.internal.connection.InternalStreamConnection.open(InternalStreamConnection.java:143) ~[mongodb-driver-core-4.1.2.jar:na]
	at com.mongodb.internal.connection.DefaultServerMonitor$ServerMonitorRunnable.lookupServerDescription(DefaultServerMonitor.java:188) ~[mongodb-driver-core-4.1.2.jar:na]
	at com.mongodb.internal.connection.DefaultServerMonitor$ServerMonitorRunnable.run(DefaultServerMonitor.java:144) ~[mongodb-driver-core-4.1.2.jar:na]
	at java.base/java.lang.Thread.run(Thread.java:833) ~[na:na]
Caused by: java.net.UnknownHostException: No such host is known (ac-va7fcg1-shard-00-02.wke2xju.mongodb.net)
	at java.base/java.net.Inet6AddressImpl.lookupAllHostAddr(Native Method) ~[na:na]
	at java.base/java.net.InetAddress$PlatformNameService.lookupAllHostAddr(InetAddress.java:933) ~[na:na]
	at java.base/java.net.InetAddress.getAddressesFromNameService(InetAddress.java:1529) ~[na:na]
	at java.base/java.net.InetAddress$NameServiceAddresses.get(InetAddress.java:852) ~[na:na]
	at java.base/java.net.InetAddress.getAllByName0(InetAddress.java:1519) ~[na:na]
	at java.base/java.net.InetAddress.getAllByName(InetAddress.java:1377) ~[na:na]
	at java.base/java.net.InetAddress.getAllByName(InetAddress.java:1305) ~[na:na]
	at com.mongodb.ServerAddress.getSocketAddresses(ServerAddress.java:203) ~[mongodb-driver-core-4.1.2.jar:na]
	... 6 common frames omitted

2022-09-21 06:55:23.484  INFO 18648 --- [cluster-ClusterId{value='632a0aec0844812f8531b98a', description='null'}-ac-va7fcg1-shard-00-00.wke2xju.mongodb.net:27017] org.mongodb.driver.connection            : Opened connection [connectionId{localValue:13, serverValue:264176}] to ac-va7fcg1-shard-00-00.wke2xju.mongodb.net:27017
2022-09-21 06:55:23.493  INFO 18648 --- [cluster-ClusterId{value='632a0aec0844812f8531b98a', description='null'}-ac-va7fcg1-shard-00-00.wke2xju.mongodb.net:27017] org.mongodb.driver.cluster               : Monitor thread successfully connected to server with description ServerDescription{address=ac-va7fcg1-shard-00-00.wke2xju.mongodb.net:27017, type=REPLICA_SET_SECONDARY, state=CONNECTED, ok=true, minWireVersion=0, maxWireVersion=13, maxDocumentSize=16777216, logicalSessionTimeoutMinutes=30, roundTripTimeNanos=301171000, setName='atlas-1427s3-shard-0', canonicalAddress=ac-va7fcg1-shard-00-00.wke2xju.mongodb.net:27017, hosts=[ac-va7fcg1-shard-00-01.wke2xju.mongodb.net:27017, ac-va7fcg1-shard-00-02.wke2xju.mongodb.net:27017, ac-va7fcg1-shard-00-00.wke2xju.mongodb.net:27017], passives=[], arbiters=[], primary='ac-va7fcg1-shard-00-02.wke2xju.mongodb.net:27017', tagSet=TagSet{[Tag{name='nodeType', value='ELECTABLE'}, Tag{name='provider', value='AWS'}, Tag{name='region', value='AP_SOUTH_1'}, Tag{name='workloadType', value='OPERATIONAL'}]}, electionId=null, setVersion=5, topologyVersion=TopologyVersion{processId=6320264db0a37ed66792d3d7, counter=4}, lastWriteDate=Wed Sep 21 06:55:23 IST 2022, lastUpdateTimeNanos=37957328790800}
2022-09-21 06:55:30.300  INFO 18648 --- [cluster-ClusterId{value='632a0aec0844812f8531b98a', description='null'}-ac-va7fcg1-shard-00-02.wke2xju.mongodb.net:27017] org.mongodb.driver.connection            : Opened connection [connectionId{localValue:14, serverValue:290411}] to ac-va7fcg1-shard-00-02.wke2xju.mongodb.net:27017
2022-09-21 06:55:30.301  INFO 18648 --- [cluster-ClusterId{value='632a0aec0844812f8531b98a', description='null'}-ac-va7fcg1-shard-00-02.wke2xju.mongodb.net:27017] org.mongodb.driver.cluster               : Monitor thread successfully connected to server with description ServerDescription{address=ac-va7fcg1-shard-00-02.wke2xju.mongodb.net:27017, type=REPLICA_SET_PRIMARY, state=CONNECTED, ok=true, minWireVersion=0, maxWireVersion=13, maxDocumentSize=16777216, logicalSessionTimeoutMinutes=30, roundTripTimeNanos=118602900, setName='atlas-1427s3-shard-0', canonicalAddress=ac-va7fcg1-shard-00-02.wke2xju.mongodb.net:27017, hosts=[ac-va7fcg1-shard-00-01.wke2xju.mongodb.net:27017, ac-va7fcg1-shard-00-02.wke2xju.mongodb.net:27017, ac-va7fcg1-shard-00-00.wke2xju.mongodb.net:27017], passives=[], arbiters=[], primary='ac-va7fcg1-shard-00-02.wke2xju.mongodb.net:27017', tagSet=TagSet{[Tag{name='nodeType', value='ELECTABLE'}, Tag{name='provider', value='AWS'}, Tag{name='region', value='AP_SOUTH_1'}, Tag{name='workloadType', value='OPERATIONAL'}]}, electionId=7fffffff00000000000000c9, setVersion=5, topologyVersion=TopologyVersion{processId=6320275bbea49d301c8c96f2, counter=6}, lastWriteDate=Wed Sep 21 06:55:30 IST 2022, lastUpdateTimeNanos=37964144078100}
2022-09-21 06:55:30.303  INFO 18648 --- [cluster-ClusterId{value='632a0aec0844812f8531b98a', description='null'}-ac-va7fcg1-shard-00-02.wke2xju.mongodb.net:27017] org.mongodb.driver.cluster               : Discovered replica set primary ac-va7fcg1-shard-00-02.wke2xju.mongodb.net:27017
2022-09-21 06:55:30.367  INFO 18648 --- [cluster-ClusterId{value='632a0aec0844812f8531b98a', description='null'}-ac-va7fcg1-shard-00-01.wke2xju.mongodb.net:27017] org.mongodb.driver.connection            : Opened connection [connectionId{localValue:15, serverValue:263428}] to ac-va7fcg1-shard-00-01.wke2xju.mongodb.net:27017
2022-09-21 06:55:30.367  INFO 18648 --- [cluster-ClusterId{value='632a0aec0844812f8531b98a', description='null'}-ac-va7fcg1-shard-00-01.wke2xju.mongodb.net:27017] org.mongodb.driver.cluster               : Monitor thread successfully connected to server with description ServerDescription{address=ac-va7fcg1-shard-00-01.wke2xju.mongodb.net:27017, type=REPLICA_SET_SECONDARY, state=CONNECTED, ok=true, minWireVersion=0, maxWireVersion=13, maxDocumentSize=16777216, logicalSessionTimeoutMinutes=30, roundTripTimeNanos=123517000, setName='atlas-1427s3-shard-0', canonicalAddress=ac-va7fcg1-shard-00-01.wke2xju.mongodb.net:27017, hosts=[ac-va7fcg1-shard-00-01.wke2xju.mongodb.net:27017, ac-va7fcg1-shard-00-02.wke2xju.mongodb.net:27017, ac-va7fcg1-shard-00-00.wke2xju.mongodb.net:27017], passives=[], arbiters=[], primary='ac-va7fcg1-shard-00-02.wke2xju.mongodb.net:27017', tagSet=TagSet{[Tag{name='nodeType', value='ELECTABLE'}, Tag{name='provider', value='AWS'}, Tag{name='region', value='AP_SOUTH_1'}, Tag{name='workloadType', value='OPERATIONAL'}]}, electionId=null, setVersion=5, topologyVersion=TopologyVersion{processId=63202837cb966e8110e39ce5, counter=3}, lastWriteDate=Wed Sep 21 06:55:30 IST 2022, lastUpdateTimeNanos=37964210941400}
2022-09-21 09:33:36.220  INFO 23708 --- [restartedMain] c.m.room.RoomServiceApplication          : Starting RoomServiceApplication using Java 17.0.4.1 on DESKTOP-TG0PSDR with PID 23708 (D:\Hotel-Managment-System-master\Hotel-Managment-System-master\Room-service\target\classes started by akodg in D:\Hotel-Managment-System-master\Hotel-Managment-System-master\Room-service)
2022-09-21 09:33:36.224  INFO 23708 --- [restartedMain] c.m.room.RoomServiceApplication          : No active profile set, falling back to default profiles: default
2022-09-21 09:33:36.349  INFO 23708 --- [restartedMain] .e.DevToolsPropertyDefaultsPostProcessor : Devtools property defaults active! Set 'spring.devtools.add-properties' to 'false' to disable
2022-09-21 09:33:36.350  INFO 23708 --- [restartedMain] .e.DevToolsPropertyDefaultsPostProcessor : For additional web related logging consider setting the 'logging.level.web' property to 'DEBUG'
2022-09-21 09:33:38.306  INFO 23708 --- [restartedMain] .s.d.r.c.RepositoryConfigurationDelegate : Bootstrapping Spring Data MongoDB repositories in DEFAULT mode.
2022-09-21 09:33:38.600  INFO 23708 --- [restartedMain] .s.d.r.c.RepositoryConfigurationDelegate : Finished Spring Data repository scanning in 287 ms. Found 1 MongoDB repository interfaces.
2022-09-21 09:33:39.055  INFO 23708 --- [restartedMain] o.s.cloud.context.scope.GenericScope     : BeanFactory id=354172fb-b639-3261-8aac-0591cf0408b0
2022-09-21 09:33:40.084  INFO 23708 --- [restartedMain] o.s.b.w.embedded.tomcat.TomcatWebServer  : Tomcat initialized with port(s): 8082 (http)
2022-09-21 09:33:40.100  INFO 23708 --- [restartedMain] o.apache.catalina.core.StandardService   : Starting service [Tomcat]
2022-09-21 09:33:40.102  INFO 23708 --- [restartedMain] org.apache.catalina.core.StandardEngine  : Starting Servlet engine: [Apache Tomcat/9.0.44]
2022-09-21 09:33:40.302  INFO 23708 --- [restartedMain] o.a.c.c.C.[Tomcat].[localhost].[/]       : Initializing Spring embedded WebApplicationContext
2022-09-21 09:33:40.303  INFO 23708 --- [restartedMain] w.s.c.ServletWebServerApplicationContext : Root WebApplicationContext: initialization completed in 3952 ms
2022-09-21 09:33:40.706  INFO 23708 --- [restartedMain] org.mongodb.driver.cluster               : Cluster created with settings {hosts=[127.0.0.1:27017], srvHost=guest.wke2xju.mongodb.net, mode=MULTIPLE, requiredClusterType=REPLICA_SET, serverSelectionTimeout='30000 ms', requiredReplicaSetName='atlas-1427s3-shard-0'}
2022-09-21 09:33:40.849  INFO 23708 --- [cluster-ClusterId{value='632a8d1ca02db743af88f62b', description='null'}-srv-guest.wke2xju.mongodb.net] org.mongodb.driver.cluster               : Adding discovered server ac-va7fcg1-shard-00-00.wke2xju.mongodb.net:27017 to client view of cluster
2022-09-21 09:33:40.980  INFO 23708 --- [cluster-ClusterId{value='632a8d1ca02db743af88f62b', description='null'}-srv-guest.wke2xju.mongodb.net] org.mongodb.driver.cluster               : Adding discovered server ac-va7fcg1-shard-00-01.wke2xju.mongodb.net:27017 to client view of cluster
2022-09-21 09:33:40.981  INFO 23708 --- [cluster-ClusterId{value='632a8d1ca02db743af88f62b', description='null'}-srv-guest.wke2xju.mongodb.net] org.mongodb.driver.cluster               : Adding discovered server ac-va7fcg1-shard-00-02.wke2xju.mongodb.net:27017 to client view of cluster
2022-09-21 09:33:41.040  WARN 23708 --- [restartedMain] o.s.data.convert.CustomConversions       : Registering converter from class java.time.LocalDateTime to class org.joda.time.LocalDateTime as reading converter although it doesn't convert from a store-supported type! You might want to check your annotation setup at the converter implementation.
2022-09-21 09:33:41.218  WARN 23708 --- [restartedMain] o.s.b.d.a.OptionalLiveReloadServer       : Unable to start LiveReload server
2022-09-21 09:33:41.322  WARN 23708 --- [restartedMain] o.s.data.convert.CustomConversions       : Registering converter from class java.time.LocalDateTime to class org.joda.time.LocalDateTime as reading converter although it doesn't convert from a store-supported type! You might want to check your annotation setup at the converter implementation.
2022-09-21 09:33:42.180  INFO 23708 --- [cluster-rtt-ClusterId{value='632a8d1ca02db743af88f62b', description='null'}-ac-va7fcg1-shard-00-00.wke2xju.mongodb.net:27017] org.mongodb.driver.connection            : Opened connection [connectionId{localValue:6, serverValue:267436}] to ac-va7fcg1-shard-00-00.wke2xju.mongodb.net:27017
2022-09-21 09:33:42.181  INFO 23708 --- [cluster-ClusterId{value='632a8d1ca02db743af88f62b', description='null'}-ac-va7fcg1-shard-00-01.wke2xju.mongodb.net:27017] org.mongodb.driver.connection            : Opened connection [connectionId{localValue:5, serverValue:266675}] to ac-va7fcg1-shard-00-01.wke2xju.mongodb.net:27017
2022-09-21 09:33:42.181  INFO 23708 --- [cluster-ClusterId{value='632a8d1ca02db743af88f62b', description='null'}-ac-va7fcg1-shard-00-01.wke2xju.mongodb.net:27017] org.mongodb.driver.cluster               : Monitor thread successfully connected to server with description ServerDescription{address=ac-va7fcg1-shard-00-01.wke2xju.mongodb.net:27017, type=REPLICA_SET_SECONDARY, state=CONNECTED, ok=true, minWireVersion=0, maxWireVersion=13, maxDocumentSize=16777216, logicalSessionTimeoutMinutes=30, roundTripTimeNanos=571372500, setName='atlas-1427s3-shard-0', canonicalAddress=ac-va7fcg1-shard-00-01.wke2xju.mongodb.net:27017, hosts=[ac-va7fcg1-shard-00-01.wke2xju.mongodb.net:27017, ac-va7fcg1-shard-00-02.wke2xju.mongodb.net:27017, ac-va7fcg1-shard-00-00.wke2xju.mongodb.net:27017], passives=[], arbiters=[], primary='ac-va7fcg1-shard-00-02.wke2xju.mongodb.net:27017', tagSet=TagSet{[Tag{name='nodeType', value='ELECTABLE'}, Tag{name='provider', value='AWS'}, Tag{name='region', value='AP_SOUTH_1'}, Tag{name='workloadType', value='OPERATIONAL'}]}, electionId=null, setVersion=5, topologyVersion=TopologyVersion{processId=63202837cb966e8110e39ce5, counter=3}, lastWriteDate=Wed Sep 21 09:33:41 IST 2022, lastUpdateTimeNanos=612017349600}
2022-09-21 09:33:42.182  INFO 23708 --- [cluster-ClusterId{value='632a8d1ca02db743af88f62b', description='null'}-ac-va7fcg1-shard-00-00.wke2xju.mongodb.net:27017] org.mongodb.driver.connection            : Opened connection [connectionId{localValue:3, serverValue:267436}] to ac-va7fcg1-shard-00-00.wke2xju.mongodb.net:27017
2022-09-21 09:33:42.183  INFO 23708 --- [cluster-ClusterId{value='632a8d1ca02db743af88f62b', description='null'}-ac-va7fcg1-shard-00-00.wke2xju.mongodb.net:27017] org.mongodb.driver.cluster               : Monitor thread successfully connected to server with description ServerDescription{address=ac-va7fcg1-shard-00-00.wke2xju.mongodb.net:27017, type=REPLICA_SET_SECONDARY, state=CONNECTED, ok=true, minWireVersion=0, maxWireVersion=13, maxDocumentSize=16777216, logicalSessionTimeoutMinutes=30, roundTripTimeNanos=583395000, setName='atlas-1427s3-shard-0', canonicalAddress=ac-va7fcg1-shard-00-00.wke2xju.mongodb.net:27017, hosts=[ac-va7fcg1-shard-00-01.wke2xju.mongodb.net:27017, ac-va7fcg1-shard-00-02.wke2xju.mongodb.net:27017, ac-va7fcg1-shard-00-00.wke2xju.mongodb.net:27017], passives=[], arbiters=[], primary='ac-va7fcg1-shard-00-02.wke2xju.mongodb.net:27017', tagSet=TagSet{[Tag{name='nodeType', value='ELECTABLE'}, Tag{name='provider', value='AWS'}, Tag{name='region', value='AP_SOUTH_1'}, Tag{name='workloadType', value='OPERATIONAL'}]}, electionId=null, setVersion=5, topologyVersion=TopologyVersion{processId=6320264db0a37ed66792d3d7, counter=4}, lastWriteDate=Wed Sep 21 09:33:41 IST 2022, lastUpdateTimeNanos=612017164900}
2022-09-21 09:33:42.183  INFO 23708 --- [cluster-ClusterId{value='632a8d1ca02db743af88f62b', description='null'}-ac-va7fcg1-shard-00-02.wke2xju.mongodb.net:27017] org.mongodb.driver.connection            : Opened connection [connectionId{localValue:2, serverValue:293360}] to ac-va7fcg1-shard-00-02.wke2xju.mongodb.net:27017
2022-09-21 09:33:42.183  INFO 23708 --- [cluster-ClusterId{value='632a8d1ca02db743af88f62b', description='null'}-ac-va7fcg1-shard-00-02.wke2xju.mongodb.net:27017] org.mongodb.driver.cluster               : Monitor thread successfully connected to server with description ServerDescription{address=ac-va7fcg1-shard-00-02.wke2xju.mongodb.net:27017, type=REPLICA_SET_PRIMARY, state=CONNECTED, ok=true, minWireVersion=0, maxWireVersion=13, maxDocumentSize=16777216, logicalSessionTimeoutMinutes=30, roundTripTimeNanos=572162900, setName='atlas-1427s3-shard-0', canonicalAddress=ac-va7fcg1-shard-00-02.wke2xju.mongodb.net:27017, hosts=[ac-va7fcg1-shard-00-01.wke2xju.mongodb.net:27017, ac-va7fcg1-shard-00-02.wke2xju.mongodb.net:27017, ac-va7fcg1-shard-00-00.wke2xju.mongodb.net:27017], passives=[], arbiters=[], primary='ac-va7fcg1-shard-00-02.wke2xju.mongodb.net:27017', tagSet=TagSet{[Tag{name='nodeType', value='ELECTABLE'}, Tag{name='provider', value='AWS'}, Tag{name='region', value='AP_SOUTH_1'}, Tag{name='workloadType', value='OPERATIONAL'}]}, electionId=7fffffff00000000000000c9, setVersion=5, topologyVersion=TopologyVersion{processId=6320275bbea49d301c8c96f2, counter=6}, lastWriteDate=Wed Sep 21 09:33:41 IST 2022, lastUpdateTimeNanos=612016113400}
2022-09-21 09:33:42.186  INFO 23708 --- [cluster-rtt-ClusterId{value='632a8d1ca02db743af88f62b', description='null'}-ac-va7fcg1-shard-00-02.wke2xju.mongodb.net:27017] org.mongodb.driver.connection            : Opened connection [connectionId{localValue:1, serverValue:293360}] to ac-va7fcg1-shard-00-02.wke2xju.mongodb.net:27017
2022-09-21 09:33:42.187  INFO 23708 --- [cluster-ClusterId{value='632a8d1ca02db743af88f62b', description='null'}-ac-va7fcg1-shard-00-02.wke2xju.mongodb.net:27017] org.mongodb.driver.cluster               : Setting max election id to 7fffffff00000000000000c9 from replica set primary ac-va7fcg1-shard-00-02.wke2xju.mongodb.net:27017
2022-09-21 09:33:42.187  INFO 23708 --- [cluster-ClusterId{value='632a8d1ca02db743af88f62b', description='null'}-ac-va7fcg1-shard-00-02.wke2xju.mongodb.net:27017] org.mongodb.driver.cluster               : Setting max set version to 5 from replica set primary ac-va7fcg1-shard-00-02.wke2xju.mongodb.net:27017
2022-09-21 09:33:42.187  INFO 23708 --- [cluster-ClusterId{value='632a8d1ca02db743af88f62b', description='null'}-ac-va7fcg1-shard-00-02.wke2xju.mongodb.net:27017] org.mongodb.driver.cluster               : Discovered replica set primary ac-va7fcg1-shard-00-02.wke2xju.mongodb.net:27017
2022-09-21 09:33:42.188  INFO 23708 --- [cluster-rtt-ClusterId{value='632a8d1ca02db743af88f62b', description='null'}-ac-va7fcg1-shard-00-01.wke2xju.mongodb.net:27017] org.mongodb.driver.connection            : Opened connection [connectionId{localValue:4, serverValue:266675}] to ac-va7fcg1-shard-00-01.wke2xju.mongodb.net:27017
2022-09-21 09:33:42.953  INFO 23708 --- [restartedMain] pertySourcedRequestMappingHandlerMapping : Mapped URL path [/v2/api-docs] onto method [springfox.documentation.swagger2.web.Swagger2Controller#getDocumentation(String, HttpServletRequest)]
2022-09-21 09:33:43.152  INFO 23708 --- [restartedMain] o.s.s.concurrent.ThreadPoolTaskExecutor  : Initializing ExecutorService 'applicationTaskExecutor'
2022-09-21 09:33:43.884  INFO 23708 --- [restartedMain] DiscoveryClientOptionalArgsConfiguration : Eureka HTTP Client uses RestTemplate.
2022-09-21 09:33:44.261  WARN 23708 --- [restartedMain] iguration$LoadBalancerCaffeineWarnLogger : Spring Cloud LoadBalancer is currently working with the default cache. You can switch to using Caffeine cache, by adding it to the classpath.
2022-09-21 09:33:44.298  INFO 23708 --- [restartedMain] o.s.c.n.eureka.InstanceInfoFactory       : Setting initial instance status as: STARTING
2022-09-21 09:33:44.428  INFO 23708 --- [restartedMain] com.netflix.discovery.DiscoveryClient    : Initializing Eureka in region us-east-1
2022-09-21 09:33:44.436  INFO 23708 --- [restartedMain] c.n.d.s.r.aws.ConfigClusterResolver      : Resolving eureka endpoints via configuration
2022-09-21 09:33:44.610  INFO 23708 --- [restartedMain] com.netflix.discovery.DiscoveryClient    : Disable delta property : false
2022-09-21 09:33:44.611  INFO 23708 --- [restartedMain] com.netflix.discovery.DiscoveryClient    : Single vip registry refresh property : null
2022-09-21 09:33:44.611  INFO 23708 --- [restartedMain] com.netflix.discovery.DiscoveryClient    : Force full registry fetch : false
2022-09-21 09:33:44.611  INFO 23708 --- [restartedMain] com.netflix.discovery.DiscoveryClient    : Application is null : false
2022-09-21 09:33:44.612  INFO 23708 --- [restartedMain] com.netflix.discovery.DiscoveryClient    : Registered Applications size is zero : true
2022-09-21 09:33:44.612  INFO 23708 --- [restartedMain] com.netflix.discovery.DiscoveryClient    : Application version is -1: true
2022-09-21 09:33:44.613  INFO 23708 --- [restartedMain] com.netflix.discovery.DiscoveryClient    : Getting all instance registry info from the eureka server
2022-09-21 09:33:45.077  INFO 23708 --- [restartedMain] com.netflix.discovery.DiscoveryClient    : The response status is 200
2022-09-21 09:33:45.081  INFO 23708 --- [restartedMain] com.netflix.discovery.DiscoveryClient    : Starting heartbeat executor: renew interval is: 30
2022-09-21 09:33:45.085  INFO 23708 --- [restartedMain] c.n.discovery.InstanceInfoReplicator     : InstanceInfoReplicator onDemand update allowed rate per min is 4
2022-09-21 09:33:45.093  INFO 23708 --- [restartedMain] com.netflix.discovery.DiscoveryClient    : Discovery Client initialized at timestamp 1663733025091 with initial instances count: 5
2022-09-21 09:33:45.095  INFO 23708 --- [restartedMain] o.s.c.n.e.s.EurekaServiceRegistry        : Registering application ROOM-MICROSERVICE with eureka with status UP
2022-09-21 09:33:45.096  INFO 23708 --- [restartedMain] com.netflix.discovery.DiscoveryClient    : Saw local status change event StatusChangeEvent [timestamp=1663733025096, current=UP, previous=STARTING]
2022-09-21 09:33:45.097  INFO 23708 --- [DiscoveryClient-InstanceInfoReplicator-0] com.netflix.discovery.DiscoveryClient    : DiscoveryClient_ROOM-MICROSERVICE/DESKTOP-TG0PSDR:Room-microservice:8082: registering service...
2022-09-21 09:33:45.146  INFO 23708 --- [DiscoveryClient-InstanceInfoReplicator-0] com.netflix.discovery.DiscoveryClient    : DiscoveryClient_ROOM-MICROSERVICE/DESKTOP-TG0PSDR:Room-microservice:8082 - registration status: 204
2022-09-21 09:33:45.153  INFO 23708 --- [restartedMain] o.s.b.w.embedded.tomcat.TomcatWebServer  : Tomcat started on port(s): 8082 (http) with context path ''
2022-09-21 09:33:45.155  INFO 23708 --- [restartedMain] .s.c.n.e.s.EurekaAutoServiceRegistration : Updating port to 8082
2022-09-21 09:33:45.486  INFO 23708 --- [restartedMain] d.s.w.p.DocumentationPluginsBootstrapper : Context refreshed
2022-09-21 09:33:45.506  INFO 23708 --- [restartedMain] d.s.w.p.DocumentationPluginsBootstrapper : Found 1 custom documentation plugin(s)
2022-09-21 09:33:45.546  INFO 23708 --- [restartedMain] s.d.s.w.s.ApiListingReferenceScanner     : Scanning for api listing references
2022-09-21 09:33:45.726  INFO 23708 --- [restartedMain] c.m.room.RoomServiceApplication          : Started RoomServiceApplication in 10.603 seconds (JVM running for 11.724)
2022-09-21 09:34:48.123  INFO 23708 --- [http-nio-8082-exec-1] o.a.c.c.C.[Tomcat].[localhost].[/]       : Initializing Spring DispatcherServlet 'dispatcherServlet'
2022-09-21 09:34:48.144  INFO 23708 --- [http-nio-8082-exec-1] o.s.web.servlet.DispatcherServlet        : Initializing Servlet 'dispatcherServlet'
2022-09-21 09:34:48.164  INFO 23708 --- [http-nio-8082-exec-1] o.s.web.servlet.DispatcherServlet        : Completed initialization in 19 ms
2022-09-21 09:38:44.642  INFO 23708 --- [AsyncResolver-bootstrap-executor-0] c.n.d.s.r.aws.ConfigClusterResolver      : Resolving eureka endpoints via configuration
2022-09-21 09:43:44.665  INFO 23708 --- [AsyncResolver-bootstrap-executor-0] c.n.d.s.r.aws.ConfigClusterResolver      : Resolving eureka endpoints via configuration
2022-09-21 09:48:44.686  INFO 23708 --- [AsyncResolver-bootstrap-executor-0] c.n.d.s.r.aws.ConfigClusterResolver      : Resolving eureka endpoints via configuration
2022-09-21 09:50:12.242  INFO 23708 --- [http-nio-8082-exec-1] org.mongodb.driver.connection            : Opened connection [connectionId{localValue:7, serverValue:294429}] to ac-va7fcg1-shard-00-02.wke2xju.mongodb.net:27017
2022-09-21 09:53:44.695  INFO 23708 --- [AsyncResolver-bootstrap-executor-0] c.n.d.s.r.aws.ConfigClusterResolver      : Resolving eureka endpoints via configuration
2022-09-21 09:58:44.705  INFO 23708 --- [AsyncResolver-bootstrap-executor-0] c.n.d.s.r.aws.ConfigClusterResolver      : Resolving eureka endpoints via configuration
2022-09-21 10:03:44.718  INFO 23708 --- [AsyncResolver-bootstrap-executor-0] c.n.d.s.r.aws.ConfigClusterResolver      : Resolving eureka endpoints via configuration
2022-09-21 10:08:44.730  INFO 23708 --- [AsyncResolver-bootstrap-executor-0] c.n.d.s.r.aws.ConfigClusterResolver      : Resolving eureka endpoints via configuration
2022-09-21 10:13:44.736  INFO 23708 --- [AsyncResolver-bootstrap-executor-0] c.n.d.s.r.aws.ConfigClusterResolver      : Resolving eureka endpoints via configuration
2022-09-21 10:18:44.749  INFO 23708 --- [AsyncResolver-bootstrap-executor-0] c.n.d.s.r.aws.ConfigClusterResolver      : Resolving eureka endpoints via configuration
2022-09-21 10:23:44.765  INFO 23708 --- [AsyncResolver-bootstrap-executor-0] c.n.d.s.r.aws.ConfigClusterResolver      : Resolving eureka endpoints via configuration
2022-09-21 10:28:44.800  INFO 23708 --- [AsyncResolver-bootstrap-executor-0] c.n.d.s.r.aws.ConfigClusterResolver      : Resolving eureka endpoints via configuration
2022-09-21 10:33:44.831  INFO 23708 --- [AsyncResolver-bootstrap-executor-0] c.n.d.s.r.aws.ConfigClusterResolver      : Resolving eureka endpoints via configuration
2022-09-21 10:38:44.845  INFO 23708 --- [AsyncResolver-bootstrap-executor-0] c.n.d.s.r.aws.ConfigClusterResolver      : Resolving eureka endpoints via configuration
2022-09-21 10:43:44.854  INFO 23708 --- [AsyncResolver-bootstrap-executor-0] c.n.d.s.r.aws.ConfigClusterResolver      : Resolving eureka endpoints via configuration
2022-09-21 10:48:44.861  INFO 23708 --- [AsyncResolver-bootstrap-executor-0] c.n.d.s.r.aws.ConfigClusterResolver      : Resolving eureka endpoints via configuration
2022-09-21 10:53:44.870  INFO 23708 --- [AsyncResolver-bootstrap-executor-0] c.n.d.s.r.aws.ConfigClusterResolver      : Resolving eureka endpoints via configuration
2022-09-21 10:58:44.887  INFO 23708 --- [AsyncResolver-bootstrap-executor-0] c.n.d.s.r.aws.ConfigClusterResolver      : Resolving eureka endpoints via configuration
2022-09-21 11:03:44.902  INFO 23708 --- [AsyncResolver-bootstrap-executor-0] c.n.d.s.r.aws.ConfigClusterResolver      : Resolving eureka endpoints via configuration
2022-09-21 14:05:26.211  INFO 23708 --- [cluster-ClusterId{value='632a8d1ca02db743af88f62b', description='null'}-ac-va7fcg1-shard-00-01.wke2xju.mongodb.net:27017] org.mongodb.driver.cluster               : Exception in monitor thread while connecting to server ac-va7fcg1-shard-00-01.wke2xju.mongodb.net:27017

com.mongodb.MongoSocketReadException: Exception receiving message
	at com.mongodb.internal.connection.InternalStreamConnection.translateReadException(InternalStreamConnection.java:637) ~[mongodb-driver-core-4.1.2.jar:na]
	at com.mongodb.internal.connection.InternalStreamConnection.receiveMessageWithAdditionalTimeout(InternalStreamConnection.java:516) ~[mongodb-driver-core-4.1.2.jar:na]
	at com.mongodb.internal.connection.InternalStreamConnection.receiveCommandMessageResponse(InternalStreamConnection.java:356) ~[mongodb-driver-core-4.1.2.jar:na]
	at com.mongodb.internal.connection.InternalStreamConnection.receive(InternalStreamConnection.java:316) ~[mongodb-driver-core-4.1.2.jar:na]
	at com.mongodb.internal.connection.DefaultServerMonitor$ServerMonitorRunnable.lookupServerDescription(DefaultServerMonitor.java:215) ~[mongodb-driver-core-4.1.2.jar:na]
	at com.mongodb.internal.connection.DefaultServerMonitor$ServerMonitorRunnable.run(DefaultServerMonitor.java:144) ~[mongodb-driver-core-4.1.2.jar:na]
	at java.base/java.lang.Thread.run(Thread.java:833) ~[na:na]
Caused by: java.net.SocketException: Socket is closed
	at java.base/java.net.Socket.setSoTimeout(Socket.java:1218) ~[na:na]
	at java.base/sun.security.ssl.BaseSSLSocketImpl.setSoTimeout(BaseSSLSocketImpl.java:638) ~[na:na]
	at java.base/sun.security.ssl.SSLSocketImpl.setSoTimeout(SSLSocketImpl.java:74) ~[na:na]
	at com.mongodb.internal.connection.SocketStream.read(SocketStream.java:133) ~[mongodb-driver-core-4.1.2.jar:na]
	at com.mongodb.internal.connection.InternalStreamConnection.receiveResponseBuffers(InternalStreamConnection.java:648) ~[mongodb-driver-core-4.1.2.jar:na]
	at com.mongodb.internal.connection.InternalStreamConnection.receiveMessageWithAdditionalTimeout(InternalStreamConnection.java:513) ~[mongodb-driver-core-4.1.2.jar:na]
	... 5 common frames omitted

2022-09-21 14:05:26.211  INFO 23708 --- [cluster-ClusterId{value='632a8d1ca02db743af88f62b', description='null'}-ac-va7fcg1-shard-00-00.wke2xju.mongodb.net:27017] org.mongodb.driver.cluster               : Exception in monitor thread while connecting to server ac-va7fcg1-shard-00-00.wke2xju.mongodb.net:27017

com.mongodb.MongoSocketReadException: Exception receiving message
	at com.mongodb.internal.connection.InternalStreamConnection.translateReadException(InternalStreamConnection.java:637) ~[mongodb-driver-core-4.1.2.jar:na]
	at com.mongodb.internal.connection.InternalStreamConnection.receiveMessageWithAdditionalTimeout(InternalStreamConnection.java:516) ~[mongodb-driver-core-4.1.2.jar:na]
	at com.mongodb.internal.connection.InternalStreamConnection.receiveCommandMessageResponse(InternalStreamConnection.java:356) ~[mongodb-driver-core-4.1.2.jar:na]
	at com.mongodb.internal.connection.InternalStreamConnection.receive(InternalStreamConnection.java:316) ~[mongodb-driver-core-4.1.2.jar:na]
	at com.mongodb.internal.connection.DefaultServerMonitor$ServerMonitorRunnable.lookupServerDescription(DefaultServerMonitor.java:215) ~[mongodb-driver-core-4.1.2.jar:na]
	at com.mongodb.internal.connection.DefaultServerMonitor$ServerMonitorRunnable.run(DefaultServerMonitor.java:144) ~[mongodb-driver-core-4.1.2.jar:na]
	at java.base/java.lang.Thread.run(Thread.java:833) ~[na:na]
Caused by: java.net.SocketException: Socket is closed
	at java.base/java.net.Socket.setSoTimeout(Socket.java:1218) ~[na:na]
	at java.base/sun.security.ssl.BaseSSLSocketImpl.setSoTimeout(BaseSSLSocketImpl.java:638) ~[na:na]
	at java.base/sun.security.ssl.SSLSocketImpl.setSoTimeout(SSLSocketImpl.java:74) ~[na:na]
	at com.mongodb.internal.connection.SocketStream.read(SocketStream.java:133) ~[mongodb-driver-core-4.1.2.jar:na]
	at com.mongodb.internal.connection.InternalStreamConnection.receiveResponseBuffers(InternalStreamConnection.java:648) ~[mongodb-driver-core-4.1.2.jar:na]
	at com.mongodb.internal.connection.InternalStreamConnection.receiveMessageWithAdditionalTimeout(InternalStreamConnection.java:513) ~[mongodb-driver-core-4.1.2.jar:na]
	... 5 common frames omitted

2022-09-21 14:05:26.212  INFO 23708 --- [cluster-ClusterId{value='632a8d1ca02db743af88f62b', description='null'}-ac-va7fcg1-shard-00-02.wke2xju.mongodb.net:27017] org.mongodb.driver.cluster               : Exception in monitor thread while connecting to server ac-va7fcg1-shard-00-02.wke2xju.mongodb.net:27017

com.mongodb.MongoSocketReadException: Exception receiving message
	at com.mongodb.internal.connection.InternalStreamConnection.translateReadException(InternalStreamConnection.java:637) ~[mongodb-driver-core-4.1.2.jar:na]
	at com.mongodb.internal.connection.InternalStreamConnection.receiveMessageWithAdditionalTimeout(InternalStreamConnection.java:516) ~[mongodb-driver-core-4.1.2.jar:na]
	at com.mongodb.internal.connection.InternalStreamConnection.receiveCommandMessageResponse(InternalStreamConnection.java:356) ~[mongodb-driver-core-4.1.2.jar:na]
	at com.mongodb.internal.connection.InternalStreamConnection.receive(InternalStreamConnection.java:316) ~[mongodb-driver-core-4.1.2.jar:na]
	at com.mongodb.internal.connection.DefaultServerMonitor$ServerMonitorRunnable.lookupServerDescription(DefaultServerMonitor.java:215) ~[mongodb-driver-core-4.1.2.jar:na]
	at com.mongodb.internal.connection.DefaultServerMonitor$ServerMonitorRunnable.run(DefaultServerMonitor.java:144) ~[mongodb-driver-core-4.1.2.jar:na]
	at java.base/java.lang.Thread.run(Thread.java:833) ~[na:na]
Caused by: java.net.SocketException: Socket is closed
	at java.base/java.net.Socket.setSoTimeout(Socket.java:1218) ~[na:na]
	at java.base/sun.security.ssl.BaseSSLSocketImpl.setSoTimeout(BaseSSLSocketImpl.java:638) ~[na:na]
	at java.base/sun.security.ssl.SSLSocketImpl.setSoTimeout(SSLSocketImpl.java:74) ~[na:na]
	at com.mongodb.internal.connection.SocketStream.read(SocketStream.java:133) ~[mongodb-driver-core-4.1.2.jar:na]
	at com.mongodb.internal.connection.InternalStreamConnection.receiveResponseBuffers(InternalStreamConnection.java:648) ~[mongodb-driver-core-4.1.2.jar:na]
	at com.mongodb.internal.connection.InternalStreamConnection.receiveMessageWithAdditionalTimeout(InternalStreamConnection.java:513) ~[mongodb-driver-core-4.1.2.jar:na]
	... 5 common frames omitted

2022-09-21 14:05:26.225  INFO 23708 --- [cluster-ClusterId{value='632a8d1ca02db743af88f62b', description='null'}-ac-va7fcg1-shard-00-01.wke2xju.mongodb.net:27017] org.mongodb.driver.cluster               : Exception in monitor thread while connecting to server ac-va7fcg1-shard-00-01.wke2xju.mongodb.net:27017

com.mongodb.MongoSocketException: No such host is known (ac-va7fcg1-shard-00-01.wke2xju.mongodb.net)
	at com.mongodb.ServerAddress.getSocketAddresses(ServerAddress.java:211) ~[mongodb-driver-core-4.1.2.jar:na]
	at com.mongodb.internal.connection.SocketStream.initializeSocket(SocketStream.java:75) ~[mongodb-driver-core-4.1.2.jar:na]
	at com.mongodb.internal.connection.SocketStream.open(SocketStream.java:65) ~[mongodb-driver-core-4.1.2.jar:na]
	at com.mongodb.internal.connection.InternalStreamConnection.open(InternalStreamConnection.java:143) ~[mongodb-driver-core-4.1.2.jar:na]
	at com.mongodb.internal.connection.DefaultServerMonitor$ServerMonitorRunnable.lookupServerDescription(DefaultServerMonitor.java:188) ~[mongodb-driver-core-4.1.2.jar:na]
	at com.mongodb.internal.connection.DefaultServerMonitor$ServerMonitorRunnable.run(DefaultServerMonitor.java:144) ~[mongodb-driver-core-4.1.2.jar:na]
	at java.base/java.lang.Thread.run(Thread.java:833) ~[na:na]
Caused by: java.net.UnknownHostException: No such host is known (ac-va7fcg1-shard-00-01.wke2xju.mongodb.net)
	at java.base/java.net.Inet6AddressImpl.lookupAllHostAddr(Native Method) ~[na:na]
	at java.base/java.net.InetAddress$PlatformNameService.lookupAllHostAddr(InetAddress.java:933) ~[na:na]
	at java.base/java.net.InetAddress.getAddressesFromNameService(InetAddress.java:1529) ~[na:na]
	at java.base/java.net.InetAddress$NameServiceAddresses.get(InetAddress.java:852) ~[na:na]
	at java.base/java.net.InetAddress.getAllByName0(InetAddress.java:1519) ~[na:na]
	at java.base/java.net.InetAddress.getAllByName(InetAddress.java:1377) ~[na:na]
	at java.base/java.net.InetAddress.getAllByName(InetAddress.java:1305) ~[na:na]
	at com.mongodb.ServerAddress.getSocketAddresses(ServerAddress.java:203) ~[mongodb-driver-core-4.1.2.jar:na]
	... 6 common frames omitted

2022-09-21 14:05:26.226  INFO 23708 --- [cluster-ClusterId{value='632a8d1ca02db743af88f62b', description='null'}-ac-va7fcg1-shard-00-02.wke2xju.mongodb.net:27017] org.mongodb.driver.cluster               : Exception in monitor thread while connecting to server ac-va7fcg1-shard-00-02.wke2xju.mongodb.net:27017

com.mongodb.MongoSocketException: No such host is known (ac-va7fcg1-shard-00-02.wke2xju.mongodb.net)
	at com.mongodb.ServerAddress.getSocketAddresses(ServerAddress.java:211) ~[mongodb-driver-core-4.1.2.jar:na]
	at com.mongodb.internal.connection.SocketStream.initializeSocket(SocketStream.java:75) ~[mongodb-driver-core-4.1.2.jar:na]
	at com.mongodb.internal.connection.SocketStream.open(SocketStream.java:65) ~[mongodb-driver-core-4.1.2.jar:na]
	at com.mongodb.internal.connection.InternalStreamConnection.open(InternalStreamConnection.java:143) ~[mongodb-driver-core-4.1.2.jar:na]
	at com.mongodb.internal.connection.DefaultServerMonitor$ServerMonitorRunnable.lookupServerDescription(DefaultServerMonitor.java:188) ~[mongodb-driver-core-4.1.2.jar:na]
	at com.mongodb.internal.connection.DefaultServerMonitor$ServerMonitorRunnable.run(DefaultServerMonitor.java:144) ~[mongodb-driver-core-4.1.2.jar:na]
	at java.base/java.lang.Thread.run(Thread.java:833) ~[na:na]
Caused by: java.net.UnknownHostException: No such host is known (ac-va7fcg1-shard-00-02.wke2xju.mongodb.net)
	at java.base/java.net.Inet6AddressImpl.lookupAllHostAddr(Native Method) ~[na:na]
	at java.base/java.net.InetAddress$PlatformNameService.lookupAllHostAddr(InetAddress.java:933) ~[na:na]
	at java.base/java.net.InetAddress.getAddressesFromNameService(InetAddress.java:1529) ~[na:na]
	at java.base/java.net.InetAddress$NameServiceAddresses.get(InetAddress.java:852) ~[na:na]
	at java.base/java.net.InetAddress.getAllByName0(InetAddress.java:1519) ~[na:na]
	at java.base/java.net.InetAddress.getAllByName(InetAddress.java:1377) ~[na:na]
	at java.base/java.net.InetAddress.getAllByName(InetAddress.java:1305) ~[na:na]
	at com.mongodb.ServerAddress.getSocketAddresses(ServerAddress.java:203) ~[mongodb-driver-core-4.1.2.jar:na]
	... 6 common frames omitted

2022-09-21 14:05:26.228  INFO 23708 --- [cluster-ClusterId{value='632a8d1ca02db743af88f62b', description='null'}-ac-va7fcg1-shard-00-00.wke2xju.mongodb.net:27017] org.mongodb.driver.cluster               : Exception in monitor thread while connecting to server ac-va7fcg1-shard-00-00.wke2xju.mongodb.net:27017

com.mongodb.MongoSocketException: No such host is known (ac-va7fcg1-shard-00-00.wke2xju.mongodb.net)
	at com.mongodb.ServerAddress.getSocketAddresses(ServerAddress.java:211) ~[mongodb-driver-core-4.1.2.jar:na]
	at com.mongodb.internal.connection.SocketStream.initializeSocket(SocketStream.java:75) ~[mongodb-driver-core-4.1.2.jar:na]
	at com.mongodb.internal.connection.SocketStream.open(SocketStream.java:65) ~[mongodb-driver-core-4.1.2.jar:na]
	at com.mongodb.internal.connection.InternalStreamConnection.open(InternalStreamConnection.java:143) ~[mongodb-driver-core-4.1.2.jar:na]
	at com.mongodb.internal.connection.DefaultServerMonitor$ServerMonitorRunnable.lookupServerDescription(DefaultServerMonitor.java:188) ~[mongodb-driver-core-4.1.2.jar:na]
	at com.mongodb.internal.connection.DefaultServerMonitor$ServerMonitorRunnable.run(DefaultServerMonitor.java:144) ~[mongodb-driver-core-4.1.2.jar:na]
	at java.base/java.lang.Thread.run(Thread.java:833) ~[na:na]
Caused by: java.net.UnknownHostException: No such host is known (ac-va7fcg1-shard-00-00.wke2xju.mongodb.net)
	at java.base/java.net.Inet6AddressImpl.lookupAllHostAddr(Native Method) ~[na:na]
	at java.base/java.net.InetAddress$PlatformNameService.lookupAllHostAddr(InetAddress.java:933) ~[na:na]
	at java.base/java.net.InetAddress.getAddressesFromNameService(InetAddress.java:1529) ~[na:na]
	at java.base/java.net.InetAddress$NameServiceAddresses.get(InetAddress.java:852) ~[na:na]
	at java.base/java.net.InetAddress.getAllByName0(InetAddress.java:1519) ~[na:na]
	at java.base/java.net.InetAddress.getAllByName(InetAddress.java:1377) ~[na:na]
	at java.base/java.net.InetAddress.getAllByName(InetAddress.java:1305) ~[na:na]
	at com.mongodb.ServerAddress.getSocketAddresses(ServerAddress.java:203) ~[mongodb-driver-core-4.1.2.jar:na]
	... 6 common frames omitted

2022-09-21 19:43:43.870  INFO 23708 --- [cluster-ClusterId{value='632a8d1ca02db743af88f62b', description='null'}-ac-va7fcg1-shard-00-00.wke2xju.mongodb.net:27017] org.mongodb.driver.cluster               : Exception in monitor thread while connecting to server ac-va7fcg1-shard-00-00.wke2xju.mongodb.net:27017

com.mongodb.MongoSocketException: ac-va7fcg1-shard-00-00.wke2xju.mongodb.net
	at com.mongodb.ServerAddress.getSocketAddresses(ServerAddress.java:211) ~[mongodb-driver-core-4.1.2.jar:na]
	at com.mongodb.internal.connection.SocketStream.initializeSocket(SocketStream.java:75) ~[mongodb-driver-core-4.1.2.jar:na]
	at com.mongodb.internal.connection.SocketStream.open(SocketStream.java:65) ~[mongodb-driver-core-4.1.2.jar:na]
	at com.mongodb.internal.connection.InternalStreamConnection.open(InternalStreamConnection.java:143) ~[mongodb-driver-core-4.1.2.jar:na]
	at com.mongodb.internal.connection.DefaultServerMonitor$ServerMonitorRunnable.lookupServerDescription(DefaultServerMonitor.java:188) ~[mongodb-driver-core-4.1.2.jar:na]
	at com.mongodb.internal.connection.DefaultServerMonitor$ServerMonitorRunnable.run(DefaultServerMonitor.java:144) ~[mongodb-driver-core-4.1.2.jar:na]
	at java.base/java.lang.Thread.run(Thread.java:833) ~[na:na]
Caused by: java.net.UnknownHostException: ac-va7fcg1-shard-00-00.wke2xju.mongodb.net
	at java.base/java.net.InetAddress$CachedAddresses.get(InetAddress.java:801) ~[na:na]
	at java.base/java.net.InetAddress$NameServiceAddresses.get(InetAddress.java:887) ~[na:na]
	at java.base/java.net.InetAddress.getAllByName0(InetAddress.java:1519) ~[na:na]
	at java.base/java.net.InetAddress.getAllByName(InetAddress.java:1377) ~[na:na]
	at java.base/java.net.InetAddress.getAllByName(InetAddress.java:1305) ~[na:na]
	at com.mongodb.ServerAddress.getSocketAddresses(ServerAddress.java:203) ~[mongodb-driver-core-4.1.2.jar:na]
	... 6 common frames omitted

2022-09-21 19:43:49.969  INFO 23708 --- [cluster-rtt-ClusterId{value='632a8d1ca02db743af88f62b', description='null'}-ac-va7fcg1-shard-00-00.wke2xju.mongodb.net:27017] org.mongodb.driver.connection            : Opened connection [connectionId{localValue:17, serverValue:288097}] to ac-va7fcg1-shard-00-00.wke2xju.mongodb.net:27017
2022-09-21 19:43:54.137  INFO 23708 --- [cluster-ClusterId{value='632a8d1ca02db743af88f62b', description='null'}-ac-va7fcg1-shard-00-00.wke2xju.mongodb.net:27017] org.mongodb.driver.connection            : Opened connection [connectionId{localValue:22, serverValue:288101}] to ac-va7fcg1-shard-00-00.wke2xju.mongodb.net:27017
2022-09-21 19:43:54.143  INFO 23708 --- [cluster-ClusterId{value='632a8d1ca02db743af88f62b', description='null'}-ac-va7fcg1-shard-00-00.wke2xju.mongodb.net:27017] org.mongodb.driver.cluster               : Monitor thread successfully connected to server with description ServerDescription{address=ac-va7fcg1-shard-00-00.wke2xju.mongodb.net:27017, type=REPLICA_SET_SECONDARY, state=CONNECTED, ok=true, minWireVersion=0, maxWireVersion=13, maxDocumentSize=16777216, logicalSessionTimeoutMinutes=30, roundTripTimeNanos=124296300, setName='atlas-1427s3-shard-0', canonicalAddress=ac-va7fcg1-shard-00-00.wke2xju.mongodb.net:27017, hosts=[ac-va7fcg1-shard-00-01.wke2xju.mongodb.net:27017, ac-va7fcg1-shard-00-02.wke2xju.mongodb.net:27017, ac-va7fcg1-shard-00-00.wke2xju.mongodb.net:27017], passives=[], arbiters=[], primary='ac-va7fcg1-shard-00-02.wke2xju.mongodb.net:27017', tagSet=TagSet{[Tag{name='nodeType', value='ELECTABLE'}, Tag{name='provider', value='AWS'}, Tag{name='region', value='AP_SOUTH_1'}, Tag{name='workloadType', value='OPERATIONAL'}]}, electionId=null, setVersion=5, topologyVersion=TopologyVersion{processId=6320264db0a37ed66792d3d7, counter=4}, lastWriteDate=Wed Sep 21 19:43:53 IST 2022, lastUpdateTimeNanos=37231417147700}
2022-09-21 19:43:54.385  INFO 23708 --- [cluster-rtt-ClusterId{value='632a8d1ca02db743af88f62b', description='null'}-ac-va7fcg1-shard-00-01.wke2xju.mongodb.net:27017] org.mongodb.driver.connection            : Opened connection [connectionId{localValue:21, serverValue:287272}] to ac-va7fcg1-shard-00-01.wke2xju.mongodb.net:27017
2022-09-21 19:43:54.388  INFO 23708 --- [cluster-rtt-ClusterId{value='632a8d1ca02db743af88f62b', description='null'}-ac-va7fcg1-shard-00-02.wke2xju.mongodb.net:27017] org.mongodb.driver.connection            : Opened connection [connectionId{localValue:20, serverValue:318335}] to ac-va7fcg1-shard-00-02.wke2xju.mongodb.net:27017
2022-09-21 19:43:54.689  INFO 23708 --- [cluster-ClusterId{value='632a8d1ca02db743af88f62b', description='null'}-ac-va7fcg1-shard-00-01.wke2xju.mongodb.net:27017] org.mongodb.driver.connection            : Opened connection [connectionId{localValue:18, serverValue:287273}] to ac-va7fcg1-shard-00-01.wke2xju.mongodb.net:27017
2022-09-21 19:43:54.689  INFO 23708 --- [cluster-ClusterId{value='632a8d1ca02db743af88f62b', description='null'}-ac-va7fcg1-shard-00-01.wke2xju.mongodb.net:27017] org.mongodb.driver.cluster               : Monitor thread successfully connected to server with description ServerDescription{address=ac-va7fcg1-shard-00-01.wke2xju.mongodb.net:27017, type=REPLICA_SET_SECONDARY, state=CONNECTED, ok=true, minWireVersion=0, maxWireVersion=13, maxDocumentSize=16777216, logicalSessionTimeoutMinutes=30, roundTripTimeNanos=741403500, setName='atlas-1427s3-shard-0', canonicalAddress=ac-va7fcg1-shard-00-01.wke2xju.mongodb.net:27017, hosts=[ac-va7fcg1-shard-00-01.wke2xju.mongodb.net:27017, ac-va7fcg1-shard-00-02.wke2xju.mongodb.net:27017, ac-va7fcg1-shard-00-00.wke2xju.mongodb.net:27017], passives=[], arbiters=[], primary='ac-va7fcg1-shard-00-02.wke2xju.mongodb.net:27017', tagSet=TagSet{[Tag{name='nodeType', value='ELECTABLE'}, Tag{name='provider', value='AWS'}, Tag{name='region', value='AP_SOUTH_1'}, Tag{name='workloadType', value='OPERATIONAL'}]}, electionId=null, setVersion=5, topologyVersion=TopologyVersion{processId=63202837cb966e8110e39ce5, counter=3}, lastWriteDate=Wed Sep 21 19:43:54 IST 2022, lastUpdateTimeNanos=37231968505100}
2022-09-21 19:43:54.690  INFO 23708 --- [cluster-ClusterId{value='632a8d1ca02db743af88f62b', description='null'}-ac-va7fcg1-shard-00-02.wke2xju.mongodb.net:27017] org.mongodb.driver.connection            : Opened connection [connectionId{localValue:19, serverValue:318348}] to ac-va7fcg1-shard-00-02.wke2xju.mongodb.net:27017
2022-09-21 19:43:54.691  INFO 23708 --- [cluster-ClusterId{value='632a8d1ca02db743af88f62b', description='null'}-ac-va7fcg1-shard-00-02.wke2xju.mongodb.net:27017] org.mongodb.driver.cluster               : Monitor thread successfully connected to server with description ServerDescription{address=ac-va7fcg1-shard-00-02.wke2xju.mongodb.net:27017, type=REPLICA_SET_PRIMARY, state=CONNECTED, ok=true, minWireVersion=0, maxWireVersion=13, maxDocumentSize=16777216, logicalSessionTimeoutMinutes=30, roundTripTimeNanos=742328000, setName='atlas-1427s3-shard-0', canonicalAddress=ac-va7fcg1-shard-00-02.wke2xju.mongodb.net:27017, hosts=[ac-va7fcg1-shard-00-01.wke2xju.mongodb.net:27017, ac-va7fcg1-shard-00-02.wke2xju.mongodb.net:27017, ac-va7fcg1-shard-00-00.wke2xju.mongodb.net:27017], passives=[], arbiters=[], primary='ac-va7fcg1-shard-00-02.wke2xju.mongodb.net:27017', tagSet=TagSet{[Tag{name='nodeType', value='ELECTABLE'}, Tag{name='provider', value='AWS'}, Tag{name='region', value='AP_SOUTH_1'}, Tag{name='workloadType', value='OPERATIONAL'}]}, electionId=7fffffff00000000000000c9, setVersion=5, topologyVersion=TopologyVersion{processId=6320275bbea49d301c8c96f2, counter=6}, lastWriteDate=Wed Sep 21 19:43:54 IST 2022, lastUpdateTimeNanos=37231969918400}
2022-09-21 19:43:57.747  INFO 23708 --- [cluster-ClusterId{value='632a8d1ca02db743af88f62b', description='null'}-ac-va7fcg1-shard-00-02.wke2xju.mongodb.net:27017] org.mongodb.driver.cluster               : Discovered replica set primary ac-va7fcg1-shard-00-02.wke2xju.mongodb.net:27017
2022-09-21 19:46:44.222  INFO 23708 --- [AsyncResolver-bootstrap-executor-0] c.n.d.s.r.aws.ConfigClusterResolver      : Resolving eureka endpoints via configuration
2022-09-21 19:51:44.248  INFO 23708 --- [AsyncResolver-bootstrap-executor-0] c.n.d.s.r.aws.ConfigClusterResolver      : Resolving eureka endpoints via configuration
2022-09-21 19:56:44.262  INFO 23708 --- [AsyncResolver-bootstrap-executor-0] c.n.d.s.r.aws.ConfigClusterResolver      : Resolving eureka endpoints via configuration
2022-09-21 20:01:44.274  INFO 23708 --- [AsyncResolver-bootstrap-executor-0] c.n.d.s.r.aws.ConfigClusterResolver      : Resolving eureka endpoints via configuration
2022-09-21 20:48:35.858  INFO 23708 --- [cluster-ClusterId{value='632a8d1ca02db743af88f62b', description='null'}-ac-va7fcg1-shard-00-00.wke2xju.mongodb.net:27017] org.mongodb.driver.cluster               : Exception in monitor thread while connecting to server ac-va7fcg1-shard-00-00.wke2xju.mongodb.net:27017

com.mongodb.MongoSocketReadTimeoutException: Timeout while receiving message
	at com.mongodb.internal.connection.InternalStreamConnection.translateReadException(InternalStreamConnection.java:631) ~[mongodb-driver-core-4.1.2.jar:na]
	at com.mongodb.internal.connection.InternalStreamConnection.receiveMessageWithAdditionalTimeout(InternalStreamConnection.java:516) ~[mongodb-driver-core-4.1.2.jar:na]
	at com.mongodb.internal.connection.InternalStreamConnection.receiveCommandMessageResponse(InternalStreamConnection.java:356) ~[mongodb-driver-core-4.1.2.jar:na]
	at com.mongodb.internal.connection.InternalStreamConnection.receive(InternalStreamConnection.java:316) ~[mongodb-driver-core-4.1.2.jar:na]
	at com.mongodb.internal.connection.DefaultServerMonitor$ServerMonitorRunnable.lookupServerDescription(DefaultServerMonitor.java:215) ~[mongodb-driver-core-4.1.2.jar:na]
	at com.mongodb.internal.connection.DefaultServerMonitor$ServerMonitorRunnable.run(DefaultServerMonitor.java:144) ~[mongodb-driver-core-4.1.2.jar:na]
	at java.base/java.lang.Thread.run(Thread.java:833) ~[na:na]
Caused by: java.net.SocketTimeoutException: Read timed out
	at java.base/sun.nio.ch.NioSocketImpl.timedRead(NioSocketImpl.java:283) ~[na:na]
	at java.base/sun.nio.ch.NioSocketImpl.implRead(NioSocketImpl.java:309) ~[na:na]
	at java.base/sun.nio.ch.NioSocketImpl.read(NioSocketImpl.java:350) ~[na:na]
	at java.base/sun.nio.ch.NioSocketImpl$1.read(NioSocketImpl.java:803) ~[na:na]
	at java.base/java.net.Socket$SocketInputStream.read(Socket.java:966) ~[na:na]
	at java.base/sun.security.ssl.SSLSocketInputRecord.read(SSLSocketInputRecord.java:478) ~[na:na]
	at java.base/sun.security.ssl.SSLSocketInputRecord.readHeader(SSLSocketInputRecord.java:472) ~[na:na]
	at java.base/sun.security.ssl.SSLSocketInputRecord.bytesInCompletePacket(SSLSocketInputRecord.java:70) ~[na:na]
	at java.base/sun.security.ssl.SSLSocketImpl.readApplicationRecord(SSLSocketImpl.java:1460) ~[na:na]
	at java.base/sun.security.ssl.SSLSocketImpl$AppInputStream.read(SSLSocketImpl.java:1064) ~[na:na]
	at com.mongodb.internal.connection.SocketStream.read(SocketStream.java:109) ~[mongodb-driver-core-4.1.2.jar:na]
	at com.mongodb.internal.connection.SocketStream.read(SocketStream.java:131) ~[mongodb-driver-core-4.1.2.jar:na]
	at com.mongodb.internal.connection.InternalStreamConnection.receiveResponseBuffers(InternalStreamConnection.java:648) ~[mongodb-driver-core-4.1.2.jar:na]
	at com.mongodb.internal.connection.InternalStreamConnection.receiveMessageWithAdditionalTimeout(InternalStreamConnection.java:513) ~[mongodb-driver-core-4.1.2.jar:na]
	... 5 common frames omitted

2022-09-21 20:48:36.520  INFO 23708 --- [cluster-ClusterId{value='632a8d1ca02db743af88f62b', description='null'}-ac-va7fcg1-shard-00-01.wke2xju.mongodb.net:27017] org.mongodb.driver.cluster               : Exception in monitor thread while connecting to server ac-va7fcg1-shard-00-01.wke2xju.mongodb.net:27017

com.mongodb.MongoSocketReadTimeoutException: Timeout while receiving message
	at com.mongodb.internal.connection.InternalStreamConnection.translateReadException(InternalStreamConnection.java:631) ~[mongodb-driver-core-4.1.2.jar:na]
	at com.mongodb.internal.connection.InternalStreamConnection.receiveMessageWithAdditionalTimeout(InternalStreamConnection.java:516) ~[mongodb-driver-core-4.1.2.jar:na]
	at com.mongodb.internal.connection.InternalStreamConnection.receiveCommandMessageResponse(InternalStreamConnection.java:356) ~[mongodb-driver-core-4.1.2.jar:na]
	at com.mongodb.internal.connection.InternalStreamConnection.receive(InternalStreamConnection.java:316) ~[mongodb-driver-core-4.1.2.jar:na]
	at com.mongodb.internal.connection.DefaultServerMonitor$ServerMonitorRunnable.lookupServerDescription(DefaultServerMonitor.java:215) ~[mongodb-driver-core-4.1.2.jar:na]
	at com.mongodb.internal.connection.DefaultServerMonitor$ServerMonitorRunnable.run(DefaultServerMonitor.java:144) ~[mongodb-driver-core-4.1.2.jar:na]
	at java.base/java.lang.Thread.run(Thread.java:833) ~[na:na]
Caused by: java.net.SocketTimeoutException: Read timed out
	at java.base/sun.nio.ch.NioSocketImpl.timedRead(NioSocketImpl.java:283) ~[na:na]
	at java.base/sun.nio.ch.NioSocketImpl.implRead(NioSocketImpl.java:309) ~[na:na]
	at java.base/sun.nio.ch.NioSocketImpl.read(NioSocketImpl.java:350) ~[na:na]
	at java.base/sun.nio.ch.NioSocketImpl$1.read(NioSocketImpl.java:803) ~[na:na]
	at java.base/java.net.Socket$SocketInputStream.read(Socket.java:966) ~[na:na]
	at java.base/sun.security.ssl.SSLSocketInputRecord.read(SSLSocketInputRecord.java:478) ~[na:na]
	at java.base/sun.security.ssl.SSLSocketInputRecord.readHeader(SSLSocketInputRecord.java:472) ~[na:na]
	at java.base/sun.security.ssl.SSLSocketInputRecord.bytesInCompletePacket(SSLSocketInputRecord.java:70) ~[na:na]
	at java.base/sun.security.ssl.SSLSocketImpl.readApplicationRecord(SSLSocketImpl.java:1460) ~[na:na]
	at java.base/sun.security.ssl.SSLSocketImpl$AppInputStream.read(SSLSocketImpl.java:1064) ~[na:na]
	at com.mongodb.internal.connection.SocketStream.read(SocketStream.java:109) ~[mongodb-driver-core-4.1.2.jar:na]
	at com.mongodb.internal.connection.SocketStream.read(SocketStream.java:131) ~[mongodb-driver-core-4.1.2.jar:na]
	at com.mongodb.internal.connection.InternalStreamConnection.receiveResponseBuffers(InternalStreamConnection.java:648) ~[mongodb-driver-core-4.1.2.jar:na]
	at com.mongodb.internal.connection.InternalStreamConnection.receiveMessageWithAdditionalTimeout(InternalStreamConnection.java:513) ~[mongodb-driver-core-4.1.2.jar:na]
	... 5 common frames omitted

2022-09-21 20:48:39.343  INFO 23708 --- [cluster-ClusterId{value='632a8d1ca02db743af88f62b', description='null'}-ac-va7fcg1-shard-00-02.wke2xju.mongodb.net:27017] org.mongodb.driver.cluster               : Exception in monitor thread while connecting to server ac-va7fcg1-shard-00-02.wke2xju.mongodb.net:27017

com.mongodb.MongoSocketReadTimeoutException: Timeout while receiving message
	at com.mongodb.internal.connection.InternalStreamConnection.translateReadException(InternalStreamConnection.java:631) ~[mongodb-driver-core-4.1.2.jar:na]
	at com.mongodb.internal.connection.InternalStreamConnection.receiveMessageWithAdditionalTimeout(InternalStreamConnection.java:516) ~[mongodb-driver-core-4.1.2.jar:na]
	at com.mongodb.internal.connection.InternalStreamConnection.receiveCommandMessageResponse(InternalStreamConnection.java:356) ~[mongodb-driver-core-4.1.2.jar:na]
	at com.mongodb.internal.connection.InternalStreamConnection.receive(InternalStreamConnection.java:316) ~[mongodb-driver-core-4.1.2.jar:na]
	at com.mongodb.internal.connection.DefaultServerMonitor$ServerMonitorRunnable.lookupServerDescription(DefaultServerMonitor.java:215) ~[mongodb-driver-core-4.1.2.jar:na]
	at com.mongodb.internal.connection.DefaultServerMonitor$ServerMonitorRunnable.run(DefaultServerMonitor.java:144) ~[mongodb-driver-core-4.1.2.jar:na]
	at java.base/java.lang.Thread.run(Thread.java:833) ~[na:na]
Caused by: java.net.SocketTimeoutException: Read timed out
	at java.base/sun.nio.ch.NioSocketImpl.timedRead(NioSocketImpl.java:283) ~[na:na]
	at java.base/sun.nio.ch.NioSocketImpl.implRead(NioSocketImpl.java:309) ~[na:na]
	at java.base/sun.nio.ch.NioSocketImpl.read(NioSocketImpl.java:350) ~[na:na]
	at java.base/sun.nio.ch.NioSocketImpl$1.read(NioSocketImpl.java:803) ~[na:na]
	at java.base/java.net.Socket$SocketInputStream.read(Socket.java:966) ~[na:na]
	at java.base/sun.security.ssl.SSLSocketInputRecord.read(SSLSocketInputRecord.java:478) ~[na:na]
	at java.base/sun.security.ssl.SSLSocketInputRecord.readHeader(SSLSocketInputRecord.java:472) ~[na:na]
	at java.base/sun.security.ssl.SSLSocketInputRecord.bytesInCompletePacket(SSLSocketInputRecord.java:70) ~[na:na]
	at java.base/sun.security.ssl.SSLSocketImpl.readApplicationRecord(SSLSocketImpl.java:1460) ~[na:na]
	at java.base/sun.security.ssl.SSLSocketImpl$AppInputStream.read(SSLSocketImpl.java:1064) ~[na:na]
	at com.mongodb.internal.connection.SocketStream.read(SocketStream.java:109) ~[mongodb-driver-core-4.1.2.jar:na]
	at com.mongodb.internal.connection.SocketStream.read(SocketStream.java:131) ~[mongodb-driver-core-4.1.2.jar:na]
	at com.mongodb.internal.connection.InternalStreamConnection.receiveResponseBuffers(InternalStreamConnection.java:648) ~[mongodb-driver-core-4.1.2.jar:na]
	at com.mongodb.internal.connection.InternalStreamConnection.receiveMessageWithAdditionalTimeout(InternalStreamConnection.java:513) ~[mongodb-driver-core-4.1.2.jar:na]
	... 5 common frames omitted

2022-09-21 20:48:42.377  INFO 23708 --- [cluster-rtt-ClusterId{value='632a8d1ca02db743af88f62b', description='null'}-ac-va7fcg1-shard-00-02.wke2xju.mongodb.net:27017] org.mongodb.driver.connection            : Opened connection [connectionId{localValue:26, serverValue:319687}] to ac-va7fcg1-shard-00-02.wke2xju.mongodb.net:27017
2022-09-21 20:48:42.488  INFO 23708 --- [cluster-ClusterId{value='632a8d1ca02db743af88f62b', description='null'}-ac-va7fcg1-shard-00-02.wke2xju.mongodb.net:27017] org.mongodb.driver.connection            : Opened connection [connectionId{localValue:27, serverValue:319958}] to ac-va7fcg1-shard-00-02.wke2xju.mongodb.net:27017
2022-09-21 20:48:42.490  INFO 23708 --- [cluster-ClusterId{value='632a8d1ca02db743af88f62b', description='null'}-ac-va7fcg1-shard-00-01.wke2xju.mongodb.net:27017] org.mongodb.driver.connection            : Opened connection [connectionId{localValue:24, serverValue:288894}] to ac-va7fcg1-shard-00-01.wke2xju.mongodb.net:27017
2022-09-21 20:48:42.494  INFO 23708 --- [cluster-ClusterId{value='632a8d1ca02db743af88f62b', description='null'}-ac-va7fcg1-shard-00-02.wke2xju.mongodb.net:27017] org.mongodb.driver.cluster               : Monitor thread successfully connected to server with description ServerDescription{address=ac-va7fcg1-shard-00-02.wke2xju.mongodb.net:27017, type=REPLICA_SET_PRIMARY, state=CONNECTED, ok=true, minWireVersion=0, maxWireVersion=13, maxDocumentSize=16777216, logicalSessionTimeoutMinutes=30, roundTripTimeNanos=3099096400, setName='atlas-1427s3-shard-0', canonicalAddress=ac-va7fcg1-shard-00-02.wke2xju.mongodb.net:27017, hosts=[ac-va7fcg1-shard-00-01.wke2xju.mongodb.net:27017, ac-va7fcg1-shard-00-02.wke2xju.mongodb.net:27017, ac-va7fcg1-shard-00-00.wke2xju.mongodb.net:27017], passives=[], arbiters=[], primary='ac-va7fcg1-shard-00-02.wke2xju.mongodb.net:27017', tagSet=TagSet{[Tag{name='nodeType', value='ELECTABLE'}, Tag{name='provider', value='AWS'}, Tag{name='region', value='AP_SOUTH_1'}, Tag{name='workloadType', value='OPERATIONAL'}]}, electionId=7fffffff00000000000000c9, setVersion=5, topologyVersion=TopologyVersion{processId=6320275bbea49d301c8c96f2, counter=6}, lastWriteDate=Wed Sep 21 20:48:42 IST 2022, lastUpdateTimeNanos=41119770192200}
2022-09-21 20:48:42.494  INFO 23708 --- [cluster-ClusterId{value='632a8d1ca02db743af88f62b', description='null'}-ac-va7fcg1-shard-00-02.wke2xju.mongodb.net:27017] org.mongodb.driver.cluster               : Discovered replica set primary ac-va7fcg1-shard-00-02.wke2xju.mongodb.net:27017
2022-09-21 20:48:42.533  INFO 23708 --- [cluster-ClusterId{value='632a8d1ca02db743af88f62b', description='null'}-ac-va7fcg1-shard-00-00.wke2xju.mongodb.net:27017] org.mongodb.driver.connection            : Opened connection [connectionId{localValue:23, serverValue:289728}] to ac-va7fcg1-shard-00-00.wke2xju.mongodb.net:27017
2022-09-21 20:48:42.533  INFO 23708 --- [cluster-ClusterId{value='632a8d1ca02db743af88f62b', description='null'}-ac-va7fcg1-shard-00-00.wke2xju.mongodb.net:27017] org.mongodb.driver.cluster               : Monitor thread successfully connected to server with description ServerDescription{address=ac-va7fcg1-shard-00-00.wke2xju.mongodb.net:27017, type=REPLICA_SET_SECONDARY, state=CONNECTED, ok=true, minWireVersion=0, maxWireVersion=13, maxDocumentSize=16777216, logicalSessionTimeoutMinutes=30, roundTripTimeNanos=6554548800, setName='atlas-1427s3-shard-0', canonicalAddress=ac-va7fcg1-shard-00-00.wke2xju.mongodb.net:27017, hosts=[ac-va7fcg1-shard-00-01.wke2xju.mongodb.net:27017, ac-va7fcg1-shard-00-02.wke2xju.mongodb.net:27017, ac-va7fcg1-shard-00-00.wke2xju.mongodb.net:27017], passives=[], arbiters=[], primary='ac-va7fcg1-shard-00-02.wke2xju.mongodb.net:27017', tagSet=TagSet{[Tag{name='nodeType', value='ELECTABLE'}, Tag{name='provider', value='AWS'}, Tag{name='region', value='AP_SOUTH_1'}, Tag{name='workloadType', value='OPERATIONAL'}]}, electionId=null, setVersion=5, topologyVersion=TopologyVersion{processId=6320264db0a37ed66792d3d7, counter=4}, lastWriteDate=Wed Sep 21 20:48:42 IST 2022, lastUpdateTimeNanos=41119814922400}
2022-09-21 20:48:42.537  INFO 23708 --- [cluster-rtt-ClusterId{value='632a8d1ca02db743af88f62b', description='null'}-ac-va7fcg1-shard-00-01.wke2xju.mongodb.net:27017] org.mongodb.driver.connection            : Opened connection [connectionId{localValue:25, serverValue:288899}] to ac-va7fcg1-shard-00-01.wke2xju.mongodb.net:27017
2022-09-21 20:48:42.613  INFO 23708 --- [cluster-ClusterId{value='632a8d1ca02db743af88f62b', description='null'}-ac-va7fcg1-shard-00-01.wke2xju.mongodb.net:27017] org.mongodb.driver.cluster               : Monitor thread successfully connected to server with description ServerDescription{address=ac-va7fcg1-shard-00-01.wke2xju.mongodb.net:27017, type=REPLICA_SET_SECONDARY, state=CONNECTED, ok=true, minWireVersion=0, maxWireVersion=13, maxDocumentSize=16777216, logicalSessionTimeoutMinutes=30, roundTripTimeNanos=5867627700, setName='atlas-1427s3-shard-0', canonicalAddress=ac-va7fcg1-shard-00-01.wke2xju.mongodb.net:27017, hosts=[ac-va7fcg1-shard-00-01.wke2xju.mongodb.net:27017, ac-va7fcg1-shard-00-02.wke2xju.mongodb.net:27017, ac-va7fcg1-shard-00-00.wke2xju.mongodb.net:27017], passives=[], arbiters=[], primary='ac-va7fcg1-shard-00-02.wke2xju.mongodb.net:27017', tagSet=TagSet{[Tag{name='nodeType', value='ELECTABLE'}, Tag{name='provider', value='AWS'}, Tag{name='region', value='AP_SOUTH_1'}, Tag{name='workloadType', value='OPERATIONAL'}]}, electionId=null, setVersion=5, topologyVersion=TopologyVersion{processId=63202837cb966e8110e39ce5, counter=3}, lastWriteDate=Wed Sep 21 20:48:42 IST 2022, lastUpdateTimeNanos=41119771816500}
2022-09-21 20:48:46.882  INFO 23708 --- [cluster-rtt-ClusterId{value='632a8d1ca02db743af88f62b', description='null'}-ac-va7fcg1-shard-00-00.wke2xju.mongodb.net:27017] org.mongodb.driver.connection            : Opened connection [connectionId{localValue:28, serverValue:289732}] to ac-va7fcg1-shard-00-00.wke2xju.mongodb.net:27017
2022-09-21 20:50:45.033  INFO 23708 --- [AsyncResolver-bootstrap-executor-0] c.n.d.s.r.aws.ConfigClusterResolver      : Resolving eureka endpoints via configuration
2022-09-21 20:55:45.072  INFO 23708 --- [AsyncResolver-bootstrap-executor-0] c.n.d.s.r.aws.ConfigClusterResolver      : Resolving eureka endpoints via configuration
