2022-10-10 18:02:52.570  INFO 20100 --- [restartedMain] c.m.r.ReservationServiceApplication      : Starting ReservationServiceApplication using Java 17.0.4.1 on DESKTOP-TG0PSDR with PID 20100 (D:\Final HMS\Final HMS\Reservation-service\Reservation-service\target\classes started by akodg in D:\Final HMS\Final HMS\Reservation-service)
2022-10-10 18:02:52.706  INFO 20100 --- [restartedMain] c.m.r.ReservationServiceApplication      : No active profile set, falling back to default profiles: default
2022-10-10 18:02:53.003  INFO 20100 --- [restartedMain] .e.DevToolsPropertyDefaultsPostProcessor : Devtools property defaults active! Set 'spring.devtools.add-properties' to 'false' to disable
2022-10-10 18:02:53.003  INFO 20100 --- [restartedMain] .e.DevToolsPropertyDefaultsPostProcessor : For additional web related logging consider setting the 'logging.level.web' property to 'DEBUG'
2022-10-10 18:02:56.629  INFO 20100 --- [restartedMain] .s.d.r.c.RepositoryConfigurationDelegate : Bootstrapping Spring Data MongoDB repositories in DEFAULT mode.
2022-10-10 18:02:57.057  INFO 20100 --- [restartedMain] .s.d.r.c.RepositoryConfigurationDelegate : Finished Spring Data repository scanning in 419 ms. Found 1 MongoDB repository interfaces.
2022-10-10 18:02:57.827  INFO 20100 --- [restartedMain] o.s.cloud.context.scope.GenericScope     : BeanFactory id=3aa4b7e0-ae39-3dc6-bcb7-5b8433db4cdb
2022-10-10 18:02:59.544  INFO 20100 --- [restartedMain] o.s.b.w.embedded.tomcat.TomcatWebServer  : Tomcat initialized with port(s): 8084 (http)
2022-10-10 18:02:59.573  INFO 20100 --- [restartedMain] o.apache.catalina.core.StandardService   : Starting service [Tomcat]
2022-10-10 18:02:59.574  INFO 20100 --- [restartedMain] org.apache.catalina.core.StandardEngine  : Starting Servlet engine: [Apache Tomcat/9.0.44]
2022-10-10 18:03:00.181  INFO 20100 --- [restartedMain] o.a.c.c.C.[Tomcat].[localhost].[/]       : Initializing Spring embedded WebApplicationContext
2022-10-10 18:03:00.181  INFO 20100 --- [restartedMain] w.s.c.ServletWebServerApplicationContext : Root WebApplicationContext: initialization completed in 7173 ms
2022-10-10 18:03:00.907  INFO 20100 --- [restartedMain] org.mongodb.driver.cluster               : Cluster created with settings {hosts=[127.0.0.1:27017], srvHost=guest.wke2xju.mongodb.net, mode=MULTIPLE, requiredClusterType=REPLICA_SET, serverSelectionTimeout='30000 ms', requiredReplicaSetName='atlas-1427s3-shard-0'}
2022-10-10 18:03:01.008  INFO 20100 --- [cluster-ClusterId{value='634410fcf100287752e8bb0f', description='null'}-srv-guest.wke2xju.mongodb.net] org.mongodb.driver.cluster               : Adding discovered server ac-va7fcg1-shard-00-00.wke2xju.mongodb.net:27017 to client view of cluster
2022-10-10 18:03:01.140  INFO 20100 --- [cluster-ClusterId{value='634410fcf100287752e8bb0f', description='null'}-srv-guest.wke2xju.mongodb.net] org.mongodb.driver.cluster               : Adding discovered server ac-va7fcg1-shard-00-01.wke2xju.mongodb.net:27017 to client view of cluster
2022-10-10 18:03:01.144  INFO 20100 --- [cluster-ClusterId{value='634410fcf100287752e8bb0f', description='null'}-srv-guest.wke2xju.mongodb.net] org.mongodb.driver.cluster               : Adding discovered server ac-va7fcg1-shard-00-02.wke2xju.mongodb.net:27017 to client view of cluster
2022-10-10 18:03:01.373  WARN 20100 --- [restartedMain] o.s.data.convert.CustomConversions       : Registering converter from class java.time.LocalDateTime to class org.joda.time.LocalDateTime as reading converter although it doesn't convert from a store-supported type! You might want to check your annotation setup at the converter implementation.
2022-10-10 18:03:01.560  WARN 20100 --- [restartedMain] o.s.b.d.a.OptionalLiveReloadServer       : Unable to start LiveReload server
2022-10-10 18:03:01.799  WARN 20100 --- [restartedMain] o.s.data.convert.CustomConversions       : Registering converter from class java.time.LocalDateTime to class org.joda.time.LocalDateTime as reading converter although it doesn't convert from a store-supported type! You might want to check your annotation setup at the converter implementation.
2022-10-10 18:03:02.539  INFO 20100 --- [cluster-ClusterId{value='634410fcf100287752e8bb0f', description='null'}-ac-va7fcg1-shard-00-00.wke2xju.mongodb.net:27017] org.mongodb.driver.connection            : Opened connection [connectionId{localValue:1, serverValue:174568}] to ac-va7fcg1-shard-00-00.wke2xju.mongodb.net:27017
2022-10-10 18:03:02.539  INFO 20100 --- [cluster-rtt-ClusterId{value='634410fcf100287752e8bb0f', description='null'}-ac-va7fcg1-shard-00-02.wke2xju.mongodb.net:27017] org.mongodb.driver.connection            : Opened connection [connectionId{localValue:5, serverValue:191506}] to ac-va7fcg1-shard-00-02.wke2xju.mongodb.net:27017
2022-10-10 18:03:02.539  INFO 20100 --- [cluster-rtt-ClusterId{value='634410fcf100287752e8bb0f', description='null'}-ac-va7fcg1-shard-00-01.wke2xju.mongodb.net:27017] org.mongodb.driver.connection            : Opened connection [connectionId{localValue:6, serverValue:174199}] to ac-va7fcg1-shard-00-01.wke2xju.mongodb.net:27017
2022-10-10 18:03:02.539  INFO 20100 --- [cluster-ClusterId{value='634410fcf100287752e8bb0f', description='null'}-ac-va7fcg1-shard-00-00.wke2xju.mongodb.net:27017] org.mongodb.driver.cluster               : Monitor thread successfully connected to server with description ServerDescription{address=ac-va7fcg1-shard-00-00.wke2xju.mongodb.net:27017, type=REPLICA_SET_SECONDARY, state=CONNECTED, ok=true, minWireVersion=0, maxWireVersion=13, maxDocumentSize=16777216, logicalSessionTimeoutMinutes=30, roundTripTimeNanos=534694700, setName='atlas-1427s3-shard-0', canonicalAddress=ac-va7fcg1-shard-00-00.wke2xju.mongodb.net:27017, hosts=[ac-va7fcg1-shard-00-01.wke2xju.mongodb.net:27017, ac-va7fcg1-shard-00-02.wke2xju.mongodb.net:27017, ac-va7fcg1-shard-00-00.wke2xju.mongodb.net:27017], passives=[], arbiters=[], primary='ac-va7fcg1-shard-00-02.wke2xju.mongodb.net:27017', tagSet=TagSet{[Tag{name='nodeType', value='ELECTABLE'}, Tag{name='provider', value='AWS'}, Tag{name='region', value='AP_SOUTH_1'}, Tag{name='workloadType', value='OPERATIONAL'}]}, electionId=null, setVersion=5, topologyVersion=TopologyVersion{processId=633c913942d6cb641fcf7582, counter=4}, lastWriteDate=Mon Oct 10 18:02:52 IST 2022, lastUpdateTimeNanos=1672826527340000}
2022-10-10 18:03:02.539  INFO 20100 --- [cluster-ClusterId{value='634410fcf100287752e8bb0f', description='null'}-ac-va7fcg1-shard-00-01.wke2xju.mongodb.net:27017] org.mongodb.driver.connection            : Opened connection [connectionId{localValue:4, serverValue:174199}] to ac-va7fcg1-shard-00-01.wke2xju.mongodb.net:27017
2022-10-10 18:03:02.539  INFO 20100 --- [cluster-ClusterId{value='634410fcf100287752e8bb0f', description='null'}-ac-va7fcg1-shard-00-02.wke2xju.mongodb.net:27017] org.mongodb.driver.connection            : Opened connection [connectionId{localValue:2, serverValue:191506}] to ac-va7fcg1-shard-00-02.wke2xju.mongodb.net:27017
2022-10-10 18:03:02.540  INFO 20100 --- [cluster-ClusterId{value='634410fcf100287752e8bb0f', description='null'}-ac-va7fcg1-shard-00-01.wke2xju.mongodb.net:27017] org.mongodb.driver.cluster               : Monitor thread successfully connected to server with description ServerDescription{address=ac-va7fcg1-shard-00-01.wke2xju.mongodb.net:27017, type=REPLICA_SET_SECONDARY, state=CONNECTED, ok=true, minWireVersion=0, maxWireVersion=13, maxDocumentSize=16777216, logicalSessionTimeoutMinutes=30, roundTripTimeNanos=534749300, setName='atlas-1427s3-shard-0', canonicalAddress=ac-va7fcg1-shard-00-01.wke2xju.mongodb.net:27017, hosts=[ac-va7fcg1-shard-00-01.wke2xju.mongodb.net:27017, ac-va7fcg1-shard-00-02.wke2xju.mongodb.net:27017, ac-va7fcg1-shard-00-00.wke2xju.mongodb.net:27017], passives=[], arbiters=[], primary='ac-va7fcg1-shard-00-02.wke2xju.mongodb.net:27017', tagSet=TagSet{[Tag{name='nodeType', value='ELECTABLE'}, Tag{name='provider', value='AWS'}, Tag{name='region', value='AP_SOUTH_1'}, Tag{name='workloadType', value='OPERATIONAL'}]}, electionId=null, setVersion=5, topologyVersion=TopologyVersion{processId=633c91e2d412e755e41f5025, counter=3}, lastWriteDate=Mon Oct 10 18:02:52 IST 2022, lastUpdateTimeNanos=1672826527091300}
2022-10-10 18:03:02.540  INFO 20100 --- [cluster-ClusterId{value='634410fcf100287752e8bb0f', description='null'}-ac-va7fcg1-shard-00-02.wke2xju.mongodb.net:27017] org.mongodb.driver.cluster               : Monitor thread successfully connected to server with description ServerDescription{address=ac-va7fcg1-shard-00-02.wke2xju.mongodb.net:27017, type=REPLICA_SET_PRIMARY, state=CONNECTED, ok=true, minWireVersion=0, maxWireVersion=13, maxDocumentSize=16777216, logicalSessionTimeoutMinutes=30, roundTripTimeNanos=534889400, setName='atlas-1427s3-shard-0', canonicalAddress=ac-va7fcg1-shard-00-02.wke2xju.mongodb.net:27017, hosts=[ac-va7fcg1-shard-00-01.wke2xju.mongodb.net:27017, ac-va7fcg1-shard-00-02.wke2xju.mongodb.net:27017, ac-va7fcg1-shard-00-00.wke2xju.mongodb.net:27017], passives=[], arbiters=[], primary='ac-va7fcg1-shard-00-02.wke2xju.mongodb.net:27017', tagSet=TagSet{[Tag{name='nodeType', value='ELECTABLE'}, Tag{name='provider', value='AWS'}, Tag{name='region', value='AP_SOUTH_1'}, Tag{name='workloadType', value='OPERATIONAL'}]}, electionId=7fffffff00000000000000cf, setVersion=5, topologyVersion=TopologyVersion{processId=633c918e4e3a9b63c42df45e, counter=6}, lastWriteDate=Mon Oct 10 18:02:52 IST 2022, lastUpdateTimeNanos=1672826527115200}
2022-10-10 18:03:02.542  INFO 20100 --- [cluster-ClusterId{value='634410fcf100287752e8bb0f', description='null'}-ac-va7fcg1-shard-00-02.wke2xju.mongodb.net:27017] org.mongodb.driver.cluster               : Setting max election id to 7fffffff00000000000000cf from replica set primary ac-va7fcg1-shard-00-02.wke2xju.mongodb.net:27017
2022-10-10 18:03:02.543  INFO 20100 --- [cluster-ClusterId{value='634410fcf100287752e8bb0f', description='null'}-ac-va7fcg1-shard-00-02.wke2xju.mongodb.net:27017] org.mongodb.driver.cluster               : Setting max set version to 5 from replica set primary ac-va7fcg1-shard-00-02.wke2xju.mongodb.net:27017
2022-10-10 18:03:02.543  INFO 20100 --- [cluster-ClusterId{value='634410fcf100287752e8bb0f', description='null'}-ac-va7fcg1-shard-00-02.wke2xju.mongodb.net:27017] org.mongodb.driver.cluster               : Discovered replica set primary ac-va7fcg1-shard-00-02.wke2xju.mongodb.net:27017
2022-10-10 18:03:02.585  INFO 20100 --- [cluster-rtt-ClusterId{value='634410fcf100287752e8bb0f', description='null'}-ac-va7fcg1-shard-00-00.wke2xju.mongodb.net:27017] org.mongodb.driver.connection            : Opened connection [connectionId{localValue:3, serverValue:174568}] to ac-va7fcg1-shard-00-00.wke2xju.mongodb.net:27017
2022-10-10 18:03:03.633  INFO 20100 --- [restartedMain] pertySourcedRequestMappingHandlerMapping : Mapped URL path [/v2/api-docs] onto method [springfox.documentation.swagger2.web.Swagger2Controller#getDocumentation(String, HttpServletRequest)]
2022-10-10 18:03:04.060  INFO 20100 --- [restartedMain] o.s.s.concurrent.ThreadPoolTaskExecutor  : Initializing ExecutorService 'applicationTaskExecutor'
2022-10-10 18:03:05.327  INFO 20100 --- [restartedMain] DiscoveryClientOptionalArgsConfiguration : Eureka HTTP Client uses RestTemplate.
2022-10-10 18:03:05.989  WARN 20100 --- [restartedMain] iguration$LoadBalancerCaffeineWarnLogger : Spring Cloud LoadBalancer is currently working with the default cache. You can switch to using Caffeine cache, by adding it to the classpath.
2022-10-10 18:03:06.060  INFO 20100 --- [restartedMain] o.s.c.n.eureka.InstanceInfoFactory       : Setting initial instance status as: STARTING
2022-10-10 18:03:06.392  INFO 20100 --- [restartedMain] com.netflix.discovery.DiscoveryClient    : Initializing Eureka in region us-east-1
2022-10-10 18:03:06.404  INFO 20100 --- [restartedMain] c.n.d.s.r.aws.ConfigClusterResolver      : Resolving eureka endpoints via configuration
2022-10-10 18:03:06.519  INFO 20100 --- [restartedMain] com.netflix.discovery.DiscoveryClient    : Disable delta property : false
2022-10-10 18:03:06.519  INFO 20100 --- [restartedMain] com.netflix.discovery.DiscoveryClient    : Single vip registry refresh property : null
2022-10-10 18:03:06.520  INFO 20100 --- [restartedMain] com.netflix.discovery.DiscoveryClient    : Force full registry fetch : false
2022-10-10 18:03:06.520  INFO 20100 --- [restartedMain] com.netflix.discovery.DiscoveryClient    : Application is null : false
2022-10-10 18:03:06.520  INFO 20100 --- [restartedMain] com.netflix.discovery.DiscoveryClient    : Registered Applications size is zero : true
2022-10-10 18:03:06.520  INFO 20100 --- [restartedMain] com.netflix.discovery.DiscoveryClient    : Application version is -1: true
2022-10-10 18:03:06.520  INFO 20100 --- [restartedMain] com.netflix.discovery.DiscoveryClient    : Getting all instance registry info from the eureka server
2022-10-10 18:03:07.033  INFO 20100 --- [restartedMain] com.netflix.discovery.DiscoveryClient    : The response status is 200
2022-10-10 18:03:07.039  INFO 20100 --- [restartedMain] com.netflix.discovery.DiscoveryClient    : Starting heartbeat executor: renew interval is: 30
2022-10-10 18:03:07.044  INFO 20100 --- [restartedMain] c.n.discovery.InstanceInfoReplicator     : InstanceInfoReplicator onDemand update allowed rate per min is 4
2022-10-10 18:03:07.054  INFO 20100 --- [restartedMain] com.netflix.discovery.DiscoveryClient    : Discovery Client initialized at timestamp 1665405187052 with initial instances count: 3
2022-10-10 18:03:07.061  INFO 20100 --- [restartedMain] o.s.c.n.e.s.EurekaServiceRegistry        : Registering application RESERVATION-MICROSERVICE with eureka with status UP
2022-10-10 18:03:07.063  INFO 20100 --- [restartedMain] com.netflix.discovery.DiscoveryClient    : Saw local status change event StatusChangeEvent [timestamp=1665405187063, current=UP, previous=STARTING]
2022-10-10 18:03:07.073  INFO 20100 --- [DiscoveryClient-InstanceInfoReplicator-0] com.netflix.discovery.DiscoveryClient    : DiscoveryClient_RESERVATION-MICROSERVICE/DESKTOP-TG0PSDR:Reservation-Microservice:8084: registering service...
2022-10-10 18:03:07.189  INFO 20100 --- [DiscoveryClient-InstanceInfoReplicator-0] com.netflix.discovery.DiscoveryClient    : DiscoveryClient_RESERVATION-MICROSERVICE/DESKTOP-TG0PSDR:Reservation-Microservice:8084 - registration status: 204
2022-10-10 18:03:07.208  INFO 20100 --- [restartedMain] o.s.b.w.embedded.tomcat.TomcatWebServer  : Tomcat started on port(s): 8084 (http) with context path ''
2022-10-10 18:03:07.211  INFO 20100 --- [restartedMain] .s.c.n.e.s.EurekaAutoServiceRegistration : Updating port to 8084
2022-10-10 18:03:07.722  INFO 20100 --- [restartedMain] d.s.w.p.DocumentationPluginsBootstrapper : Context refreshed
2022-10-10 18:03:07.749  INFO 20100 --- [restartedMain] d.s.w.p.DocumentationPluginsBootstrapper : Found 1 custom documentation plugin(s)
2022-10-10 18:03:07.813  INFO 20100 --- [restartedMain] s.d.s.w.s.ApiListingReferenceScanner     : Scanning for api listing references
2022-10-10 18:03:08.251  INFO 20100 --- [restartedMain] c.m.r.ReservationServiceApplication      : Started ReservationServiceApplication in 17.472 seconds (JVM running for 19.283)
2022-10-10 18:08:06.530  INFO 20100 --- [AsyncResolver-bootstrap-executor-0] c.n.d.s.r.aws.ConfigClusterResolver      : Resolving eureka endpoints via configuration
2022-10-10 18:13:06.547  INFO 20100 --- [AsyncResolver-bootstrap-executor-0] c.n.d.s.r.aws.ConfigClusterResolver      : Resolving eureka endpoints via configuration
2022-10-10 18:18:06.561  INFO 20100 --- [AsyncResolver-bootstrap-executor-0] c.n.d.s.r.aws.ConfigClusterResolver      : Resolving eureka endpoints via configuration
2022-10-10 18:23:06.564  INFO 20100 --- [AsyncResolver-bootstrap-executor-0] c.n.d.s.r.aws.ConfigClusterResolver      : Resolving eureka endpoints via configuration
2022-10-10 18:28:06.580  INFO 20100 --- [AsyncResolver-bootstrap-executor-0] c.n.d.s.r.aws.ConfigClusterResolver      : Resolving eureka endpoints via configuration
