2022-09-19 22:39:09.349  INFO 11024 --- [main] c.m.i.InventoryServiceApplicationTests   : Starting InventoryServiceApplicationTests using Java 17.0.4.1 on DESKTOP-TG0PSDR with PID 11024 (started by akodg in D:\HMS\Inventory-service\Inventory-service)
2022-09-19 22:39:09.368  INFO 11024 --- [main] c.m.i.InventoryServiceApplicationTests   : No active profile set, falling back to default profiles: default
2022-09-19 22:39:10.964  INFO 11024 --- [main] .s.d.r.c.RepositoryConfigurationDelegate : Bootstrapping Spring Data MongoDB repositories in DEFAULT mode.
2022-09-19 22:39:11.191  INFO 11024 --- [main] .s.d.r.c.RepositoryConfigurationDelegate : Finished Spring Data repository scanning in 221 ms. Found 1 MongoDB repository interfaces.
2022-09-19 22:39:11.567  INFO 11024 --- [main] o.s.cloud.context.scope.GenericScope     : BeanFactory id=65f61a8a-512e-36b7-800d-125dfedcf4e5
2022-09-19 22:39:13.755  INFO 11024 --- [main] pertySourcedRequestMappingHandlerMapping : Mapped URL path [/v2/api-docs] onto method [springfox.documentation.swagger2.web.Swagger2Controller#getDocumentation(String, HttpServletRequest)]
2022-09-19 22:39:14.266  INFO 11024 --- [main] o.s.s.concurrent.ThreadPoolTaskExecutor  : Initializing ExecutorService 'applicationTaskExecutor'
2022-09-19 22:39:14.894  INFO 11024 --- [main] org.mongodb.driver.cluster               : Cluster created with settings {hosts=[127.0.0.1:27017], srvHost=guest.wke2xju.mongodb.net, mode=MULTIPLE, requiredClusterType=REPLICA_SET, serverSelectionTimeout='30000 ms', requiredReplicaSetName='atlas-1427s3-shard-0'}
2022-09-19 22:39:14.947  INFO 11024 --- [cluster-ClusterId{value='6328a23afd88f55d38d81670', description='null'}-srv-guest.wke2xju.mongodb.net] org.mongodb.driver.cluster               : Adding discovered server ac-va7fcg1-shard-00-00.wke2xju.mongodb.net:27017 to client view of cluster
2022-09-19 22:39:14.988  INFO 11024 --- [cluster-ClusterId{value='6328a23afd88f55d38d81670', description='null'}-srv-guest.wke2xju.mongodb.net] org.mongodb.driver.cluster               : Adding discovered server ac-va7fcg1-shard-00-01.wke2xju.mongodb.net:27017 to client view of cluster
2022-09-19 22:39:14.991  INFO 11024 --- [cluster-ClusterId{value='6328a23afd88f55d38d81670', description='null'}-srv-guest.wke2xju.mongodb.net] org.mongodb.driver.cluster               : Adding discovered server ac-va7fcg1-shard-00-02.wke2xju.mongodb.net:27017 to client view of cluster
2022-09-19 22:39:15.054  WARN 11024 --- [main] o.s.data.convert.CustomConversions       : Registering converter from class java.time.LocalDateTime to class org.joda.time.LocalDateTime as reading converter although it doesn't convert from a store-supported type! You might want to check your annotation setup at the converter implementation.
2022-09-19 22:39:15.335  WARN 11024 --- [main] o.s.data.convert.CustomConversions       : Registering converter from class java.time.LocalDateTime to class org.joda.time.LocalDateTime as reading converter although it doesn't convert from a store-supported type! You might want to check your annotation setup at the converter implementation.
2022-09-19 22:39:16.023  INFO 11024 --- [cluster-ClusterId{value='6328a23afd88f55d38d81670', description='null'}-ac-va7fcg1-shard-00-02.wke2xju.mongodb.net:27017] org.mongodb.driver.connection            : Opened connection [connectionId{localValue:5, serverValue:240416}] to ac-va7fcg1-shard-00-02.wke2xju.mongodb.net:27017
2022-09-19 22:39:16.023  INFO 11024 --- [cluster-ClusterId{value='6328a23afd88f55d38d81670', description='null'}-ac-va7fcg1-shard-00-00.wke2xju.mongodb.net:27017] org.mongodb.driver.connection            : Opened connection [connectionId{localValue:1, serverValue:219796}] to ac-va7fcg1-shard-00-00.wke2xju.mongodb.net:27017
2022-09-19 22:39:16.024  INFO 11024 --- [cluster-ClusterId{value='6328a23afd88f55d38d81670', description='null'}-ac-va7fcg1-shard-00-00.wke2xju.mongodb.net:27017] org.mongodb.driver.cluster               : Monitor thread successfully connected to server with description ServerDescription{address=ac-va7fcg1-shard-00-00.wke2xju.mongodb.net:27017, type=REPLICA_SET_SECONDARY, state=CONNECTED, ok=true, minWireVersion=0, maxWireVersion=13, maxDocumentSize=16777216, logicalSessionTimeoutMinutes=30, roundTripTimeNanos=386967800, setName='atlas-1427s3-shard-0', canonicalAddress=ac-va7fcg1-shard-00-00.wke2xju.mongodb.net:27017, hosts=[ac-va7fcg1-shard-00-01.wke2xju.mongodb.net:27017, ac-va7fcg1-shard-00-02.wke2xju.mongodb.net:27017, ac-va7fcg1-shard-00-00.wke2xju.mongodb.net:27017], passives=[], arbiters=[], primary='ac-va7fcg1-shard-00-02.wke2xju.mongodb.net:27017', tagSet=TagSet{[Tag{name='nodeType', value='ELECTABLE'}, Tag{name='provider', value='AWS'}, Tag{name='region', value='AP_SOUTH_1'}, Tag{name='workloadType', value='OPERATIONAL'}]}, electionId=null, setVersion=5, topologyVersion=TopologyVersion{processId=6320264db0a37ed66792d3d7, counter=4}, lastWriteDate=Mon Sep 19 22:39:15 IST 2022, lastUpdateTimeNanos=47230869507500}
2022-09-19 22:39:16.025  INFO 11024 --- [cluster-ClusterId{value='6328a23afd88f55d38d81670', description='null'}-ac-va7fcg1-shard-00-01.wke2xju.mongodb.net:27017] org.mongodb.driver.connection            : Opened connection [connectionId{localValue:3, serverValue:219006}] to ac-va7fcg1-shard-00-01.wke2xju.mongodb.net:27017
2022-09-19 22:39:16.026  INFO 11024 --- [cluster-ClusterId{value='6328a23afd88f55d38d81670', description='null'}-ac-va7fcg1-shard-00-01.wke2xju.mongodb.net:27017] org.mongodb.driver.cluster               : Monitor thread successfully connected to server with description ServerDescription{address=ac-va7fcg1-shard-00-01.wke2xju.mongodb.net:27017, type=REPLICA_SET_SECONDARY, state=CONNECTED, ok=true, minWireVersion=0, maxWireVersion=13, maxDocumentSize=16777216, logicalSessionTimeoutMinutes=30, roundTripTimeNanos=383590300, setName='atlas-1427s3-shard-0', canonicalAddress=ac-va7fcg1-shard-00-01.wke2xju.mongodb.net:27017, hosts=[ac-va7fcg1-shard-00-01.wke2xju.mongodb.net:27017, ac-va7fcg1-shard-00-02.wke2xju.mongodb.net:27017, ac-va7fcg1-shard-00-00.wke2xju.mongodb.net:27017], passives=[], arbiters=[], primary='ac-va7fcg1-shard-00-02.wke2xju.mongodb.net:27017', tagSet=TagSet{[Tag{name='nodeType', value='ELECTABLE'}, Tag{name='provider', value='AWS'}, Tag{name='region', value='AP_SOUTH_1'}, Tag{name='workloadType', value='OPERATIONAL'}]}, electionId=null, setVersion=5, topologyVersion=TopologyVersion{processId=63202837cb966e8110e39ce5, counter=3}, lastWriteDate=Mon Sep 19 22:39:15 IST 2022, lastUpdateTimeNanos=47230869452100}
2022-09-19 22:39:16.024  INFO 11024 --- [cluster-ClusterId{value='6328a23afd88f55d38d81670', description='null'}-ac-va7fcg1-shard-00-02.wke2xju.mongodb.net:27017] org.mongodb.driver.cluster               : Monitor thread successfully connected to server with description ServerDescription{address=ac-va7fcg1-shard-00-02.wke2xju.mongodb.net:27017, type=REPLICA_SET_PRIMARY, state=CONNECTED, ok=true, minWireVersion=0, maxWireVersion=13, maxDocumentSize=16777216, logicalSessionTimeoutMinutes=30, roundTripTimeNanos=383540200, setName='atlas-1427s3-shard-0', canonicalAddress=ac-va7fcg1-shard-00-02.wke2xju.mongodb.net:27017, hosts=[ac-va7fcg1-shard-00-01.wke2xju.mongodb.net:27017, ac-va7fcg1-shard-00-02.wke2xju.mongodb.net:27017, ac-va7fcg1-shard-00-00.wke2xju.mongodb.net:27017], passives=[], arbiters=[], primary='ac-va7fcg1-shard-00-02.wke2xju.mongodb.net:27017', tagSet=TagSet{[Tag{name='nodeType', value='ELECTABLE'}, Tag{name='provider', value='AWS'}, Tag{name='region', value='AP_SOUTH_1'}, Tag{name='workloadType', value='OPERATIONAL'}]}, electionId=7fffffff00000000000000c9, setVersion=5, topologyVersion=TopologyVersion{processId=6320275bbea49d301c8c96f2, counter=6}, lastWriteDate=Mon Sep 19 22:39:15 IST 2022, lastUpdateTimeNanos=47230867956800}
2022-09-19 22:39:16.026  INFO 11024 --- [cluster-rtt-ClusterId{value='6328a23afd88f55d38d81670', description='null'}-ac-va7fcg1-shard-00-01.wke2xju.mongodb.net:27017] org.mongodb.driver.connection            : Opened connection [connectionId{localValue:4, serverValue:219006}] to ac-va7fcg1-shard-00-01.wke2xju.mongodb.net:27017
2022-09-19 22:39:16.027  INFO 11024 --- [cluster-rtt-ClusterId{value='6328a23afd88f55d38d81670', description='null'}-ac-va7fcg1-shard-00-02.wke2xju.mongodb.net:27017] org.mongodb.driver.connection            : Opened connection [connectionId{localValue:6, serverValue:240416}] to ac-va7fcg1-shard-00-02.wke2xju.mongodb.net:27017
2022-09-19 22:39:16.027  INFO 11024 --- [cluster-rtt-ClusterId{value='6328a23afd88f55d38d81670', description='null'}-ac-va7fcg1-shard-00-00.wke2xju.mongodb.net:27017] org.mongodb.driver.connection            : Opened connection [connectionId{localValue:2, serverValue:219796}] to ac-va7fcg1-shard-00-00.wke2xju.mongodb.net:27017
2022-09-19 22:39:16.031  INFO 11024 --- [cluster-ClusterId{value='6328a23afd88f55d38d81670', description='null'}-ac-va7fcg1-shard-00-02.wke2xju.mongodb.net:27017] org.mongodb.driver.cluster               : Setting max election id to 7fffffff00000000000000c9 from replica set primary ac-va7fcg1-shard-00-02.wke2xju.mongodb.net:27017
2022-09-19 22:39:16.033  INFO 11024 --- [cluster-ClusterId{value='6328a23afd88f55d38d81670', description='null'}-ac-va7fcg1-shard-00-02.wke2xju.mongodb.net:27017] org.mongodb.driver.cluster               : Setting max set version to 5 from replica set primary ac-va7fcg1-shard-00-02.wke2xju.mongodb.net:27017
2022-09-19 22:39:16.034  INFO 11024 --- [cluster-ClusterId{value='6328a23afd88f55d38d81670', description='null'}-ac-va7fcg1-shard-00-02.wke2xju.mongodb.net:27017] org.mongodb.driver.cluster               : Discovered replica set primary ac-va7fcg1-shard-00-02.wke2xju.mongodb.net:27017
2022-09-19 22:39:16.329  INFO 11024 --- [main] DiscoveryClientOptionalArgsConfiguration : Eureka HTTP Client uses RestTemplate.
2022-09-19 22:39:16.761  WARN 11024 --- [main] iguration$LoadBalancerCaffeineWarnLogger : Spring Cloud LoadBalancer is currently working with the default cache. You can switch to using Caffeine cache, by adding it to the classpath.
2022-09-19 22:39:16.803  INFO 11024 --- [main] o.s.c.n.eureka.InstanceInfoFactory       : Setting initial instance status as: STARTING
2022-09-19 22:39:16.889  INFO 11024 --- [main] com.netflix.discovery.DiscoveryClient    : Initializing Eureka in region us-east-1
2022-09-19 22:39:16.896  INFO 11024 --- [main] c.n.d.s.r.aws.ConfigClusterResolver      : Resolving eureka endpoints via configuration
2022-09-19 22:39:16.929  INFO 11024 --- [main] com.netflix.discovery.DiscoveryClient    : Disable delta property : false
2022-09-19 22:39:16.929  INFO 11024 --- [main] com.netflix.discovery.DiscoveryClient    : Single vip registry refresh property : null
2022-09-19 22:39:16.929  INFO 11024 --- [main] com.netflix.discovery.DiscoveryClient    : Force full registry fetch : false
2022-09-19 22:39:16.930  INFO 11024 --- [main] com.netflix.discovery.DiscoveryClient    : Application is null : false
2022-09-19 22:39:16.930  INFO 11024 --- [main] com.netflix.discovery.DiscoveryClient    : Registered Applications size is zero : true
2022-09-19 22:39:16.930  INFO 11024 --- [main] com.netflix.discovery.DiscoveryClient    : Application version is -1: true
2022-09-19 22:39:16.931  INFO 11024 --- [main] com.netflix.discovery.DiscoveryClient    : Getting all instance registry info from the eureka server
2022-09-19 22:39:17.245  INFO 11024 --- [main] com.netflix.discovery.DiscoveryClient    : The response status is 200
2022-09-19 22:39:17.249  INFO 11024 --- [main] com.netflix.discovery.DiscoveryClient    : Starting heartbeat executor: renew interval is: 30
2022-09-19 22:39:17.253  INFO 11024 --- [main] c.n.discovery.InstanceInfoReplicator     : InstanceInfoReplicator onDemand update allowed rate per min is 4
2022-09-19 22:39:17.260  INFO 11024 --- [main] com.netflix.discovery.DiscoveryClient    : Discovery Client initialized at timestamp 1663607357259 with initial instances count: 2
2022-09-19 22:39:17.264  INFO 11024 --- [main] o.s.c.n.e.s.EurekaServiceRegistry        : Registering application INVENTORY-MICROSERVICE with eureka with status UP
2022-09-19 22:39:17.265  INFO 11024 --- [main] com.netflix.discovery.DiscoveryClient    : Saw local status change event StatusChangeEvent [timestamp=1663607357265, current=UP, previous=STARTING]
2022-09-19 22:39:17.267  INFO 11024 --- [main] d.s.w.p.DocumentationPluginsBootstrapper : Context refreshed
2022-09-19 22:39:17.268  INFO 11024 --- [DiscoveryClient-InstanceInfoReplicator-0] com.netflix.discovery.DiscoveryClient    : DiscoveryClient_INVENTORY-MICROSERVICE/DESKTOP-TG0PSDR:Inventory-Microservice:8081: registering service...
2022-09-19 22:39:17.293  INFO 11024 --- [main] d.s.w.p.DocumentationPluginsBootstrapper : Found 1 custom documentation plugin(s)
2022-09-19 22:39:17.320  INFO 11024 --- [DiscoveryClient-InstanceInfoReplicator-0] com.netflix.discovery.DiscoveryClient    : DiscoveryClient_INVENTORY-MICROSERVICE/DESKTOP-TG0PSDR:Inventory-Microservice:8081 - registration status: 204
2022-09-19 22:39:17.331  INFO 11024 --- [main] s.d.s.w.s.ApiListingReferenceScanner     : Scanning for api listing references
2022-09-19 22:39:17.475  INFO 11024 --- [main] c.m.i.InventoryServiceApplicationTests   : Started InventoryServiceApplicationTests in 9.303 seconds (JVM running for 11.133)
2022-09-19 22:39:17.724  INFO 11024 --- [SpringContextShutdownHook] o.s.c.n.e.s.EurekaServiceRegistry        : Unregistering application INVENTORY-MICROSERVICE with eureka with status DOWN
2022-09-19 22:39:17.724  INFO 11024 --- [SpringContextShutdownHook] com.netflix.discovery.DiscoveryClient    : Saw local status change event StatusChangeEvent [timestamp=1663607357724, current=DOWN, previous=UP]
2022-09-19 22:39:17.725  INFO 11024 --- [DiscoveryClient-InstanceInfoReplicator-0] com.netflix.discovery.DiscoveryClient    : DiscoveryClient_INVENTORY-MICROSERVICE/DESKTOP-TG0PSDR:Inventory-Microservice:8081: registering service...
2022-09-19 22:39:17.744  INFO 11024 --- [DiscoveryClient-InstanceInfoReplicator-0] com.netflix.discovery.DiscoveryClient    : DiscoveryClient_INVENTORY-MICROSERVICE/DESKTOP-TG0PSDR:Inventory-Microservice:8081 - registration status: 204
2022-09-19 22:39:17.864  INFO 11024 --- [SpringContextShutdownHook] o.s.s.concurrent.ThreadPoolTaskExecutor  : Shutting down ExecutorService 'applicationTaskExecutor'
2022-09-19 22:39:17.867  INFO 11024 --- [SpringContextShutdownHook] com.netflix.discovery.DiscoveryClient    : Shutting down DiscoveryClient ...
2022-09-19 22:39:20.878  INFO 11024 --- [SpringContextShutdownHook] com.netflix.discovery.DiscoveryClient    : Unregistering ...
2022-09-19 22:39:20.882  INFO 11024 --- [SpringContextShutdownHook] com.netflix.discovery.DiscoveryClient    : DiscoveryClient_INVENTORY-MICROSERVICE/DESKTOP-TG0PSDR:Inventory-Microservice:8081 - deregister  status: 200
2022-09-19 22:39:20.892  INFO 11024 --- [SpringContextShutdownHook] com.netflix.discovery.DiscoveryClient    : Completed shut down of DiscoveryClient
